CRITICAL - 2022-09-11 01:06:36 --> A non-numeric value encountered
in APPPATH\Views\backend\callView.php on line 64.
 1 APPPATH\Views\backend\callView.php(64): CodeIgniter\Debug\Exceptions->errorHandler(2, 'A non-numeric value encountered', 'APPPATH\\Views\\backend\\callView.php', 64)
 2 SYSTEMPATH\View\View.php(213): include('APPPATH\\Views\\backend\\callView.php')
 3 SYSTEMPATH\View\View.php(216): CodeIgniter\View\View->CodeIgniter\View\{closure}()
 4 SYSTEMPATH\Common.php(1137): CodeIgniter\View\View->render('backend/callView', [], true)
 5 APPPATH\Controllers\Home.php(351): view('backend/callView', [...])
 6 SYSTEMPATH\CodeIgniter.php(904): App\Controllers\Home->call_view()
 7 SYSTEMPATH\CodeIgniter.php(457): CodeIgniter\CodeIgniter->runController(Object(App\Controllers\Home))
 8 SYSTEMPATH\CodeIgniter.php(340): CodeIgniter\CodeIgniter->handleRequest(null, Object(Config\Cache), false)
 9 FCPATH\index.php(67): CodeIgniter\CodeIgniter->run()
CRITICAL - 2022-09-11 01:07:04 --> A non-numeric value encountered
in APPPATH\Views\backend\callView.php on line 64.
 1 APPPATH\Views\backend\callView.php(64): CodeIgniter\Debug\Exceptions->errorHandler(2, 'A non-numeric value encountered', 'APPPATH\\Views\\backend\\callView.php', 64)
 2 SYSTEMPATH\View\View.php(213): include('APPPATH\\Views\\backend\\callView.php')
 3 SYSTEMPATH\View\View.php(216): CodeIgniter\View\View->CodeIgniter\View\{closure}()
 4 SYSTEMPATH\Common.php(1137): CodeIgniter\View\View->render('backend/callView', [], true)
 5 APPPATH\Controllers\Home.php(351): view('backend/callView', [...])
 6 SYSTEMPATH\CodeIgniter.php(904): App\Controllers\Home->call_view()
 7 SYSTEMPATH\CodeIgniter.php(457): CodeIgniter\CodeIgniter->runController(Object(App\Controllers\Home))
 8 SYSTEMPATH\CodeIgniter.php(340): CodeIgniter\CodeIgniter->handleRequest(null, Object(Config\Cache), false)
 9 FCPATH\index.php(67): CodeIgniter\CodeIgniter->run()
CRITICAL - 2022-09-11 01:07:04 --> A non-numeric value encountered
in APPPATH\Views\backend\callView.php on line 64.
 1 APPPATH\Views\backend\callView.php(64): CodeIgniter\Debug\Exceptions->errorHandler(2, 'A non-numeric value encountered', 'APPPATH\\Views\\backend\\callView.php', 64)
 2 SYSTEMPATH\View\View.php(213): include('APPPATH\\Views\\backend\\callView.php')
 3 SYSTEMPATH\View\View.php(216): CodeIgniter\View\View->CodeIgniter\View\{closure}()
 4 SYSTEMPATH\Common.php(1137): CodeIgniter\View\View->render('backend/callView', [], true)
 5 APPPATH\Controllers\Home.php(351): view('backend/callView', [...])
 6 SYSTEMPATH\CodeIgniter.php(904): App\Controllers\Home->call_view()
 7 SYSTEMPATH\CodeIgniter.php(457): CodeIgniter\CodeIgniter->runController(Object(App\Controllers\Home))
 8 SYSTEMPATH\CodeIgniter.php(340): CodeIgniter\CodeIgniter->handleRequest(null, Object(Config\Cache), false)
 9 FCPATH\index.php(67): CodeIgniter\CodeIgniter->run()
CRITICAL - 2022-09-11 01:07:04 --> A non-numeric value encountered
in APPPATH\Views\backend\callView.php on line 64.
 1 APPPATH\Views\backend\callView.php(64): CodeIgniter\Debug\Exceptions->errorHandler(2, 'A non-numeric value encountered', 'APPPATH\\Views\\backend\\callView.php', 64)
 2 SYSTEMPATH\View\View.php(213): include('APPPATH\\Views\\backend\\callView.php')
 3 SYSTEMPATH\View\View.php(216): CodeIgniter\View\View->CodeIgniter\View\{closure}()
 4 SYSTEMPATH\Common.php(1137): CodeIgniter\View\View->render('backend/callView', [], true)
 5 APPPATH\Controllers\Home.php(351): view('backend/callView', [...])
 6 SYSTEMPATH\CodeIgniter.php(904): App\Controllers\Home->call_view()
 7 SYSTEMPATH\CodeIgniter.php(457): CodeIgniter\CodeIgniter->runController(Object(App\Controllers\Home))
 8 SYSTEMPATH\CodeIgniter.php(340): CodeIgniter\CodeIgniter->handleRequest(null, Object(Config\Cache), false)
 9 FCPATH\index.php(67): CodeIgniter\CodeIgniter->run()
CRITICAL - 2022-09-11 01:07:05 --> A non-numeric value encountered
in APPPATH\Views\backend\callView.php on line 64.
 1 APPPATH\Views\backend\callView.php(64): CodeIgniter\Debug\Exceptions->errorHandler(2, 'A non-numeric value encountered', 'APPPATH\\Views\\backend\\callView.php', 64)
 2 SYSTEMPATH\View\View.php(213): include('APPPATH\\Views\\backend\\callView.php')
 3 SYSTEMPATH\View\View.php(216): CodeIgniter\View\View->CodeIgniter\View\{closure}()
 4 SYSTEMPATH\Common.php(1137): CodeIgniter\View\View->render('backend/callView', [], true)
 5 APPPATH\Controllers\Home.php(351): view('backend/callView', [...])
 6 SYSTEMPATH\CodeIgniter.php(904): App\Controllers\Home->call_view()
 7 SYSTEMPATH\CodeIgniter.php(457): CodeIgniter\CodeIgniter->runController(Object(App\Controllers\Home))
 8 SYSTEMPATH\CodeIgniter.php(340): CodeIgniter\CodeIgniter->handleRequest(null, Object(Config\Cache), false)
 9 FCPATH\index.php(67): CodeIgniter\CodeIgniter->run()
CRITICAL - 2022-09-11 01:07:05 --> A non-numeric value encountered
in APPPATH\Views\backend\callView.php on line 64.
 1 APPPATH\Views\backend\callView.php(64): CodeIgniter\Debug\Exceptions->errorHandler(2, 'A non-numeric value encountered', 'APPPATH\\Views\\backend\\callView.php', 64)
 2 SYSTEMPATH\View\View.php(213): include('APPPATH\\Views\\backend\\callView.php')
 3 SYSTEMPATH\View\View.php(216): CodeIgniter\View\View->CodeIgniter\View\{closure}()
 4 SYSTEMPATH\Common.php(1137): CodeIgniter\View\View->render('backend/callView', [], true)
 5 APPPATH\Controllers\Home.php(351): view('backend/callView', [...])
 6 SYSTEMPATH\CodeIgniter.php(904): App\Controllers\Home->call_view()
 7 SYSTEMPATH\CodeIgniter.php(457): CodeIgniter\CodeIgniter->runController(Object(App\Controllers\Home))
 8 SYSTEMPATH\CodeIgniter.php(340): CodeIgniter\CodeIgniter->handleRequest(null, Object(Config\Cache), false)
 9 FCPATH\index.php(67): CodeIgniter\CodeIgniter->run()
CRITICAL - 2022-09-11 01:07:05 --> A non-numeric value encountered
in APPPATH\Views\backend\callView.php on line 64.
 1 APPPATH\Views\backend\callView.php(64): CodeIgniter\Debug\Exceptions->errorHandler(2, 'A non-numeric value encountered', 'APPPATH\\Views\\backend\\callView.php', 64)
 2 SYSTEMPATH\View\View.php(213): include('APPPATH\\Views\\backend\\callView.php')
 3 SYSTEMPATH\View\View.php(216): CodeIgniter\View\View->CodeIgniter\View\{closure}()
 4 SYSTEMPATH\Common.php(1137): CodeIgniter\View\View->render('backend/callView', [], true)
 5 APPPATH\Controllers\Home.php(351): view('backend/callView', [...])
 6 SYSTEMPATH\CodeIgniter.php(904): App\Controllers\Home->call_view()
 7 SYSTEMPATH\CodeIgniter.php(457): CodeIgniter\CodeIgniter->runController(Object(App\Controllers\Home))
 8 SYSTEMPATH\CodeIgniter.php(340): CodeIgniter\CodeIgniter->handleRequest(null, Object(Config\Cache), false)
 9 FCPATH\index.php(67): CodeIgniter\CodeIgniter->run()
CRITICAL - 2022-09-11 01:07:06 --> A non-numeric value encountered
in APPPATH\Views\backend\callView.php on line 64.
 1 APPPATH\Views\backend\callView.php(64): CodeIgniter\Debug\Exceptions->errorHandler(2, 'A non-numeric value encountered', 'APPPATH\\Views\\backend\\callView.php', 64)
 2 SYSTEMPATH\View\View.php(213): include('APPPATH\\Views\\backend\\callView.php')
 3 SYSTEMPATH\View\View.php(216): CodeIgniter\View\View->CodeIgniter\View\{closure}()
 4 SYSTEMPATH\Common.php(1137): CodeIgniter\View\View->render('backend/callView', [], true)
 5 APPPATH\Controllers\Home.php(351): view('backend/callView', [...])
 6 SYSTEMPATH\CodeIgniter.php(904): App\Controllers\Home->call_view()
 7 SYSTEMPATH\CodeIgniter.php(457): CodeIgniter\CodeIgniter->runController(Object(App\Controllers\Home))
 8 SYSTEMPATH\CodeIgniter.php(340): CodeIgniter\CodeIgniter->handleRequest(null, Object(Config\Cache), false)
 9 FCPATH\index.php(67): CodeIgniter\CodeIgniter->run()
CRITICAL - 2022-09-11 01:07:16 --> syntax error, unexpected token "echo"
in APPPATH\Views\backend\callView.php on line 64.
 1 SYSTEMPATH\View\View.php(216): CodeIgniter\View\View->CodeIgniter\View\{closure}()
 2 SYSTEMPATH\Common.php(1137): CodeIgniter\View\View->render('backend/callView', [], true)
 3 APPPATH\Controllers\Home.php(351): view('backend/callView', [...])
 4 SYSTEMPATH\CodeIgniter.php(904): App\Controllers\Home->call_view()
 5 SYSTEMPATH\CodeIgniter.php(457): CodeIgniter\CodeIgniter->runController(Object(App\Controllers\Home))
 6 SYSTEMPATH\CodeIgniter.php(340): CodeIgniter\CodeIgniter->handleRequest(null, Object(Config\Cache), false)
 7 FCPATH\index.php(67): CodeIgniter\CodeIgniter->run()
CRITICAL - 2022-09-11 01:07:40 --> A non-numeric value encountered
in APPPATH\Views\backend\callView.php on line 64.
 1 APPPATH\Views\backend\callView.php(64): CodeIgniter\Debug\Exceptions->errorHandler(2, 'A non-numeric value encountered', 'APPPATH\\Views\\backend\\callView.php', 64)
 2 SYSTEMPATH\View\View.php(213): include('APPPATH\\Views\\backend\\callView.php')
 3 SYSTEMPATH\View\View.php(216): CodeIgniter\View\View->CodeIgniter\View\{closure}()
 4 SYSTEMPATH\Common.php(1137): CodeIgniter\View\View->render('backend/callView', [], true)
 5 APPPATH\Controllers\Home.php(351): view('backend/callView', [...])
 6 SYSTEMPATH\CodeIgniter.php(904): App\Controllers\Home->call_view()
 7 SYSTEMPATH\CodeIgniter.php(457): CodeIgniter\CodeIgniter->runController(Object(App\Controllers\Home))
 8 SYSTEMPATH\CodeIgniter.php(340): CodeIgniter\CodeIgniter->handleRequest(null, Object(Config\Cache), false)
 9 FCPATH\index.php(67): CodeIgniter\CodeIgniter->run()
CRITICAL - 2022-09-11 01:07:41 --> A non-numeric value encountered
in APPPATH\Views\backend\callView.php on line 64.
 1 APPPATH\Views\backend\callView.php(64): CodeIgniter\Debug\Exceptions->errorHandler(2, 'A non-numeric value encountered', 'APPPATH\\Views\\backend\\callView.php', 64)
 2 SYSTEMPATH\View\View.php(213): include('APPPATH\\Views\\backend\\callView.php')
 3 SYSTEMPATH\View\View.php(216): CodeIgniter\View\View->CodeIgniter\View\{closure}()
 4 SYSTEMPATH\Common.php(1137): CodeIgniter\View\View->render('backend/callView', [], true)
 5 APPPATH\Controllers\Home.php(351): view('backend/callView', [...])
 6 SYSTEMPATH\CodeIgniter.php(904): App\Controllers\Home->call_view()
 7 SYSTEMPATH\CodeIgniter.php(457): CodeIgniter\CodeIgniter->runController(Object(App\Controllers\Home))
 8 SYSTEMPATH\CodeIgniter.php(340): CodeIgniter\CodeIgniter->handleRequest(null, Object(Config\Cache), false)
 9 FCPATH\index.php(67): CodeIgniter\CodeIgniter->run()
CRITICAL - 2022-09-11 01:07:57 --> A non-numeric value encountered
in APPPATH\Views\backend\callView.php on line 64.
 1 APPPATH\Views\backend\callView.php(64): CodeIgniter\Debug\Exceptions->errorHandler(2, 'A non-numeric value encountered', 'APPPATH\\Views\\backend\\callView.php', 64)
 2 SYSTEMPATH\View\View.php(213): include('APPPATH\\Views\\backend\\callView.php')
 3 SYSTEMPATH\View\View.php(216): CodeIgniter\View\View->CodeIgniter\View\{closure}()
 4 SYSTEMPATH\Common.php(1137): CodeIgniter\View\View->render('backend/callView', [], true)
 5 APPPATH\Controllers\Home.php(351): view('backend/callView', [...])
 6 SYSTEMPATH\CodeIgniter.php(904): App\Controllers\Home->call_view()
 7 SYSTEMPATH\CodeIgniter.php(457): CodeIgniter\CodeIgniter->runController(Object(App\Controllers\Home))
 8 SYSTEMPATH\CodeIgniter.php(340): CodeIgniter\CodeIgniter->handleRequest(null, Object(Config\Cache), false)
 9 FCPATH\index.php(67): CodeIgniter\CodeIgniter->run()
CRITICAL - 2022-09-11 01:07:58 --> A non-numeric value encountered
in APPPATH\Views\backend\callView.php on line 64.
 1 APPPATH\Views\backend\callView.php(64): CodeIgniter\Debug\Exceptions->errorHandler(2, 'A non-numeric value encountered', 'APPPATH\\Views\\backend\\callView.php', 64)
 2 SYSTEMPATH\View\View.php(213): include('APPPATH\\Views\\backend\\callView.php')
 3 SYSTEMPATH\View\View.php(216): CodeIgniter\View\View->CodeIgniter\View\{closure}()
 4 SYSTEMPATH\Common.php(1137): CodeIgniter\View\View->render('backend/callView', [], true)
 5 APPPATH\Controllers\Home.php(351): view('backend/callView', [...])
 6 SYSTEMPATH\CodeIgniter.php(904): App\Controllers\Home->call_view()
 7 SYSTEMPATH\CodeIgniter.php(457): CodeIgniter\CodeIgniter->runController(Object(App\Controllers\Home))
 8 SYSTEMPATH\CodeIgniter.php(340): CodeIgniter\CodeIgniter->handleRequest(null, Object(Config\Cache), false)
 9 FCPATH\index.php(67): CodeIgniter\CodeIgniter->run()
CRITICAL - 2022-09-11 01:08:04 --> A non-numeric value encountered
in APPPATH\Views\backend\callView.php on line 64.
 1 APPPATH\Views\backend\callView.php(64): CodeIgniter\Debug\Exceptions->errorHandler(2, 'A non-numeric value encountered', 'APPPATH\\Views\\backend\\callView.php', 64)
 2 SYSTEMPATH\View\View.php(213): include('APPPATH\\Views\\backend\\callView.php')
 3 SYSTEMPATH\View\View.php(216): CodeIgniter\View\View->CodeIgniter\View\{closure}()
 4 SYSTEMPATH\Common.php(1137): CodeIgniter\View\View->render('backend/callView', [], true)
 5 APPPATH\Controllers\Home.php(351): view('backend/callView', [...])
 6 SYSTEMPATH\CodeIgniter.php(904): App\Controllers\Home->call_view()
 7 SYSTEMPATH\CodeIgniter.php(457): CodeIgniter\CodeIgniter->runController(Object(App\Controllers\Home))
 8 SYSTEMPATH\CodeIgniter.php(340): CodeIgniter\CodeIgniter->handleRequest(null, Object(Config\Cache), false)
 9 FCPATH\index.php(67): CodeIgniter\CodeIgniter->run()
CRITICAL - 2022-09-11 01:08:32 --> syntax error, unexpected token "echo"
in APPPATH\Views\backend\callView.php on line 64.
 1 SYSTEMPATH\View\View.php(216): CodeIgniter\View\View->CodeIgniter\View\{closure}()
 2 SYSTEMPATH\Common.php(1137): CodeIgniter\View\View->render('backend/callView', [], true)
 3 APPPATH\Controllers\Home.php(351): view('backend/callView', [...])
 4 SYSTEMPATH\CodeIgniter.php(904): App\Controllers\Home->call_view()
 5 SYSTEMPATH\CodeIgniter.php(457): CodeIgniter\CodeIgniter->runController(Object(App\Controllers\Home))
 6 SYSTEMPATH\CodeIgniter.php(340): CodeIgniter\CodeIgniter->handleRequest(null, Object(Config\Cache), false)
 7 FCPATH\index.php(67): CodeIgniter\CodeIgniter->run()
CRITICAL - 2022-09-11 01:08:37 --> syntax error, unexpected token "echo"
in APPPATH\Views\backend\callView.php on line 64.
 1 SYSTEMPATH\View\View.php(216): CodeIgniter\View\View->CodeIgniter\View\{closure}()
 2 SYSTEMPATH\Common.php(1137): CodeIgniter\View\View->render('backend/callView', [], true)
 3 APPPATH\Controllers\Home.php(351): view('backend/callView', [...])
 4 SYSTEMPATH\CodeIgniter.php(904): App\Controllers\Home->call_view()
 5 SYSTEMPATH\CodeIgniter.php(457): CodeIgniter\CodeIgniter->runController(Object(App\Controllers\Home))
 6 SYSTEMPATH\CodeIgniter.php(340): CodeIgniter\CodeIgniter->handleRequest(null, Object(Config\Cache), false)
 7 FCPATH\index.php(67): CodeIgniter\CodeIgniter->run()
CRITICAL - 2022-09-11 01:11:10 --> syntax error, unexpected variable "$islem2", expecting "," or ";"
in APPPATH\Views\backend\callView.php on line 64.
 1 SYSTEMPATH\View\View.php(216): CodeIgniter\View\View->CodeIgniter\View\{closure}()
 2 SYSTEMPATH\Common.php(1137): CodeIgniter\View\View->render('backend/callView', [], true)
 3 APPPATH\Controllers\Home.php(351): view('backend/callView', [...])
 4 SYSTEMPATH\CodeIgniter.php(904): App\Controllers\Home->call_view()
 5 SYSTEMPATH\CodeIgniter.php(457): CodeIgniter\CodeIgniter->runController(Object(App\Controllers\Home))
 6 SYSTEMPATH\CodeIgniter.php(340): CodeIgniter\CodeIgniter->handleRequest(null, Object(Config\Cache), false)
 7 FCPATH\index.php(67): CodeIgniter\CodeIgniter->run()
CRITICAL - 2022-09-11 01:11:25 --> syntax error, unexpected variable "$islem2", expecting "," or ";"
in APPPATH\Views\backend\callView.php on line 64.
 1 SYSTEMPATH\View\View.php(216): CodeIgniter\View\View->CodeIgniter\View\{closure}()
 2 SYSTEMPATH\Common.php(1137): CodeIgniter\View\View->render('backend/callView', [], true)
 3 APPPATH\Controllers\Home.php(351): view('backend/callView', [...])
 4 SYSTEMPATH\CodeIgniter.php(904): App\Controllers\Home->call_view()
 5 SYSTEMPATH\CodeIgniter.php(457): CodeIgniter\CodeIgniter->runController(Object(App\Controllers\Home))
 6 SYSTEMPATH\CodeIgniter.php(340): CodeIgniter\CodeIgniter->handleRequest(null, Object(Config\Cache), false)
 7 FCPATH\index.php(67): CodeIgniter\CodeIgniter->run()
CRITICAL - 2022-09-11 01:12:47 --> A non-numeric value encountered
in APPPATH\Views\backend\callView.php on line 67.
 1 APPPATH\Views\backend\callView.php(67): CodeIgniter\Debug\Exceptions->errorHandler(2, 'A non-numeric value encountered', 'APPPATH\\Views\\backend\\callView.php', 67)
 2 SYSTEMPATH\View\View.php(213): include('APPPATH\\Views\\backend\\callView.php')
 3 SYSTEMPATH\View\View.php(216): CodeIgniter\View\View->CodeIgniter\View\{closure}()
 4 SYSTEMPATH\Common.php(1137): CodeIgniter\View\View->render('backend/callView', [], true)
 5 APPPATH\Controllers\Home.php(351): view('backend/callView', [...])
 6 SYSTEMPATH\CodeIgniter.php(904): App\Controllers\Home->call_view()
 7 SYSTEMPATH\CodeIgniter.php(457): CodeIgniter\CodeIgniter->runController(Object(App\Controllers\Home))
 8 SYSTEMPATH\CodeIgniter.php(340): CodeIgniter\CodeIgniter->handleRequest(null, Object(Config\Cache), false)
 9 FCPATH\index.php(67): CodeIgniter\CodeIgniter->run()
CRITICAL - 2022-09-11 01:13:00 --> A non-numeric value encountered
in APPPATH\Views\backend\callView.php on line 67.
 1 APPPATH\Views\backend\callView.php(67): CodeIgniter\Debug\Exceptions->errorHandler(2, 'A non-numeric value encountered', 'APPPATH\\Views\\backend\\callView.php', 67)
 2 SYSTEMPATH\View\View.php(213): include('APPPATH\\Views\\backend\\callView.php')
 3 SYSTEMPATH\View\View.php(216): CodeIgniter\View\View->CodeIgniter\View\{closure}()
 4 SYSTEMPATH\Common.php(1137): CodeIgniter\View\View->render('backend/callView', [], true)
 5 APPPATH\Controllers\Home.php(351): view('backend/callView', [...])
 6 SYSTEMPATH\CodeIgniter.php(904): App\Controllers\Home->call_view()
 7 SYSTEMPATH\CodeIgniter.php(457): CodeIgniter\CodeIgniter->runController(Object(App\Controllers\Home))
 8 SYSTEMPATH\CodeIgniter.php(340): CodeIgniter\CodeIgniter->handleRequest(null, Object(Config\Cache), false)
 9 FCPATH\index.php(67): CodeIgniter\CodeIgniter->run()
CRITICAL - 2022-09-11 01:13:01 --> A non-numeric value encountered
in APPPATH\Views\backend\callView.php on line 67.
 1 APPPATH\Views\backend\callView.php(67): CodeIgniter\Debug\Exceptions->errorHandler(2, 'A non-numeric value encountered', 'APPPATH\\Views\\backend\\callView.php', 67)
 2 SYSTEMPATH\View\View.php(213): include('APPPATH\\Views\\backend\\callView.php')
 3 SYSTEMPATH\View\View.php(216): CodeIgniter\View\View->CodeIgniter\View\{closure}()
 4 SYSTEMPATH\Common.php(1137): CodeIgniter\View\View->render('backend/callView', [], true)
 5 APPPATH\Controllers\Home.php(351): view('backend/callView', [...])
 6 SYSTEMPATH\CodeIgniter.php(904): App\Controllers\Home->call_view()
 7 SYSTEMPATH\CodeIgniter.php(457): CodeIgniter\CodeIgniter->runController(Object(App\Controllers\Home))
 8 SYSTEMPATH\CodeIgniter.php(340): CodeIgniter\CodeIgniter->handleRequest(null, Object(Config\Cache), false)
 9 FCPATH\index.php(67): CodeIgniter\CodeIgniter->run()
CRITICAL - 2022-09-11 23:04:25 --> Invalid file: backend/login.php
in SYSTEMPATH\Exceptions\FrameworkException.php on line 33.
 1 SYSTEMPATH\View\View.php(201): CodeIgniter\Exceptions\FrameworkException::forInvalidFile('backend/login.php')
 2 SYSTEMPATH\Common.php(1137): CodeIgniter\View\View->render('backend/login', [], true)
 3 APPPATH\Controllers\Home.php(390): view('backend/login')
 4 SYSTEMPATH\CodeIgniter.php(904): App\Controllers\Home->quit()
 5 SYSTEMPATH\CodeIgniter.php(457): CodeIgniter\CodeIgniter->runController(Object(App\Controllers\Home))
 6 SYSTEMPATH\CodeIgniter.php(340): CodeIgniter\CodeIgniter->handleRequest(null, Object(Config\Cache), false)
 7 FCPATH\index.php(67): CodeIgniter\CodeIgniter->run()
CRITICAL - 2022-09-11 23:04:39 --> Invalid file: backend/login.php
in SYSTEMPATH\Exceptions\FrameworkException.php on line 33.
 1 SYSTEMPATH\View\View.php(201): CodeIgniter\Exceptions\FrameworkException::forInvalidFile('backend/login.php')
 2 SYSTEMPATH\Common.php(1137): CodeIgniter\View\View->render('backend/login', [], true)
 3 APPPATH\Controllers\Home.php(390): view('backend/login')
 4 SYSTEMPATH\CodeIgniter.php(904): App\Controllers\Home->quit()
 5 SYSTEMPATH\CodeIgniter.php(457): CodeIgniter\CodeIgniter->runController(Object(App\Controllers\Home))
 6 SYSTEMPATH\CodeIgniter.php(340): CodeIgniter\CodeIgniter->handleRequest(null, Object(Config\Cache), false)
 7 FCPATH\index.php(67): CodeIgniter\CodeIgniter->run()
CRITICAL - 2022-09-11 23:05:04 --> Invalid file: backend/login.php
in SYSTEMPATH\Exceptions\FrameworkException.php on line 33.
 1 SYSTEMPATH\View\View.php(201): CodeIgniter\Exceptions\FrameworkException::forInvalidFile('backend/login.php')
 2 SYSTEMPATH\Common.php(1137): CodeIgniter\View\View->render('backend/login', [], true)
 3 APPPATH\Controllers\Home.php(390): view('backend/login')
 4 SYSTEMPATH\CodeIgniter.php(904): App\Controllers\Home->quit()
 5 SYSTEMPATH\CodeIgniter.php(457): CodeIgniter\CodeIgniter->runController(Object(App\Controllers\Home))
 6 SYSTEMPATH\CodeIgniter.php(340): CodeIgniter\CodeIgniter->handleRequest(null, Object(Config\Cache), false)
 7 FCPATH\index.php(67): CodeIgniter\CodeIgniter->run()
CRITICAL - 2022-09-11 23:18:39 --> Undefined array key "id"
in APPPATH\Views\menu.php on line 62.
 1 APPPATH\Views\menu.php(62): CodeIgniter\Debug\Exceptions->errorHandler(2, 'Undefined array key "id"', 'APPPATH\\Views\\menu.php', 62)
 2 SYSTEMPATH\View\View.php(213): include('APPPATH\\Views\\menu.php')
 3 SYSTEMPATH\View\View.php(216): CodeIgniter\View\View->CodeIgniter\View\{closure}()
 4 SYSTEMPATH\Common.php(1137): CodeIgniter\View\View->render('menu', [], true)
 5 APPPATH\Controllers\Anasayfa.php(17): view('menu', [...])
 6 SYSTEMPATH\CodeIgniter.php(904): App\Controllers\Anasayfa->index()
 7 SYSTEMPATH\CodeIgniter.php(457): CodeIgniter\CodeIgniter->runController(Object(App\Controllers\Anasayfa))
 8 SYSTEMPATH\CodeIgniter.php(340): CodeIgniter\CodeIgniter->handleRequest(null, Object(Config\Cache), false)
 9 FCPATH\index.php(67): CodeIgniter\CodeIgniter->run()
CRITICAL - 2022-09-11 23:19:05 --> Undefined array key "id"
in APPPATH\Views\menu.php on line 62.
 1 APPPATH\Views\menu.php(62): CodeIgniter\Debug\Exceptions->errorHandler(2, 'Undefined array key "id"', 'APPPATH\\Views\\menu.php', 62)
 2 SYSTEMPATH\View\View.php(213): include('APPPATH\\Views\\menu.php')
 3 SYSTEMPATH\View\View.php(216): CodeIgniter\View\View->CodeIgniter\View\{closure}()
 4 SYSTEMPATH\Common.php(1137): CodeIgniter\View\View->render('menu', [], true)
 5 APPPATH\Controllers\Anasayfa.php(17): view('menu', [...])
 6 SYSTEMPATH\CodeIgniter.php(904): App\Controllers\Anasayfa->index()
 7 SYSTEMPATH\CodeIgniter.php(457): CodeIgniter\CodeIgniter->runController(Object(App\Controllers\Anasayfa))
 8 SYSTEMPATH\CodeIgniter.php(340): CodeIgniter\CodeIgniter->handleRequest(null, Object(Config\Cache), false)
 9 FCPATH\index.php(67): CodeIgniter\CodeIgniter->run()
CRITICAL - 2022-09-11 23:25:05 --> Undefined array key "id"
in APPPATH\Views\menu.php on line 62.
 1 APPPATH\Views\menu.php(62): CodeIgniter\Debug\Exceptions->errorHandler(2, 'Undefined array key "id"', 'APPPATH\\Views\\menu.php', 62)
 2 SYSTEMPATH\View\View.php(213): include('APPPATH\\Views\\menu.php')
 3 SYSTEMPATH\View\View.php(216): CodeIgniter\View\View->CodeIgniter\View\{closure}()
 4 SYSTEMPATH\Common.php(1137): CodeIgniter\View\View->render('menu', [], true)
 5 APPPATH\Controllers\Anasayfa.php(17): view('menu', [...])
 6 SYSTEMPATH\CodeIgniter.php(904): App\Controllers\Anasayfa->index()
 7 SYSTEMPATH\CodeIgniter.php(457): CodeIgniter\CodeIgniter->runController(Object(App\Controllers\Anasayfa))
 8 SYSTEMPATH\CodeIgniter.php(340): CodeIgniter\CodeIgniter->handleRequest(null, Object(Config\Cache), false)
 9 FCPATH\index.php(67): CodeIgniter\CodeIgniter->run()
