CRITICAL - 2022-10-02 00:15:59 --> Undefined variable $productsPassive
in APPPATH\Views\backend\employeAddView.php on line 113.
 1 APPPATH\Views\backend\employeAddView.php(113): CodeIgniter\Debug\Exceptions->errorHandler(2, 'Undefined variable $productsPassive', 'APPPATH\\Views\\backend\\employeAddView.php', 113)
 2 SYSTEMPATH\View\View.php(213): include('APPPATH\\Views\\backend\\employeAddView.php')
 3 SYSTEMPATH\View\View.php(216): CodeIgniter\View\View->CodeIgniter\View\{closure}()
 4 SYSTEMPATH\Common.php(1137): CodeIgniter\View\View->render('backend/employeAddView', [], true)
 5 APPPATH\Config\Routes.php(62): view('backend/employeAddView', [...])
 6 SYSTEMPATH\CodeIgniter.php(845): CodeIgniter\CodeIgniter::Config\{closure}()
 7 SYSTEMPATH\CodeIgniter.php(444): CodeIgniter\CodeIgniter->startController()
 8 SYSTEMPATH\CodeIgniter.php(340): CodeIgniter\CodeIgniter->handleRequest(null, Object(Config\Cache), false)
 9 FCPATH\index.php(67): CodeIgniter\CodeIgniter->run()
CRITICAL - 2022-10-02 00:16:50 --> Undefined array key "is_active"
in APPPATH\Views\backend\employeAddView.php on line 118.
 1 APPPATH\Views\backend\employeAddView.php(118): CodeIgniter\Debug\Exceptions->errorHandler(2, 'Undefined array key "is_active"', 'APPPATH\\Views\\backend\\employeAddView.php', 118)
 2 SYSTEMPATH\View\View.php(213): include('APPPATH\\Views\\backend\\employeAddView.php')
 3 SYSTEMPATH\View\View.php(216): CodeIgniter\View\View->CodeIgniter\View\{closure}()
 4 SYSTEMPATH\Common.php(1137): CodeIgniter\View\View->render('backend/employeAddView', [], true)
 5 APPPATH\Config\Routes.php(62): view('backend/employeAddView', [...])
 6 SYSTEMPATH\CodeIgniter.php(845): CodeIgniter\CodeIgniter::Config\{closure}()
 7 SYSTEMPATH\CodeIgniter.php(444): CodeIgniter\CodeIgniter->startController()
 8 SYSTEMPATH\CodeIgniter.php(340): CodeIgniter\CodeIgniter->handleRequest(null, Object(Config\Cache), false)
 9 FCPATH\index.php(67): CodeIgniter\CodeIgniter->run()
CRITICAL - 2022-10-02 00:17:48 --> Undefined array key "SoyAd"
in APPPATH\Views\backend\employeAddView.php on line 116.
 1 APPPATH\Views\backend\employeAddView.php(116): CodeIgniter\Debug\Exceptions->errorHandler(2, 'Undefined array key "SoyAd"', 'APPPATH\\Views\\backend\\employeAddView.php', 116)
 2 SYSTEMPATH\View\View.php(213): include('APPPATH\\Views\\backend\\employeAddView.php')
 3 SYSTEMPATH\View\View.php(216): CodeIgniter\View\View->CodeIgniter\View\{closure}()
 4 SYSTEMPATH\Common.php(1137): CodeIgniter\View\View->render('backend/employeAddView', [], true)
 5 APPPATH\Config\Routes.php(62): view('backend/employeAddView', [...])
 6 SYSTEMPATH\CodeIgniter.php(845): CodeIgniter\CodeIgniter::Config\{closure}()
 7 SYSTEMPATH\CodeIgniter.php(444): CodeIgniter\CodeIgniter->startController()
 8 SYSTEMPATH\CodeIgniter.php(340): CodeIgniter\CodeIgniter->handleRequest(null, Object(Config\Cache), false)
 9 FCPATH\index.php(67): CodeIgniter\CodeIgniter->run()
CRITICAL - 2022-10-02 00:17:54 --> Undefined array key "Soyad"
in APPPATH\Views\backend\employeAddView.php on line 116.
 1 APPPATH\Views\backend\employeAddView.php(116): CodeIgniter\Debug\Exceptions->errorHandler(2, 'Undefined array key "Soyad"', 'APPPATH\\Views\\backend\\employeAddView.php', 116)
 2 SYSTEMPATH\View\View.php(213): include('APPPATH\\Views\\backend\\employeAddView.php')
 3 SYSTEMPATH\View\View.php(216): CodeIgniter\View\View->CodeIgniter\View\{closure}()
 4 SYSTEMPATH\Common.php(1137): CodeIgniter\View\View->render('backend/employeAddView', [], true)
 5 APPPATH\Config\Routes.php(62): view('backend/employeAddView', [...])
 6 SYSTEMPATH\CodeIgniter.php(845): CodeIgniter\CodeIgniter::Config\{closure}()
 7 SYSTEMPATH\CodeIgniter.php(444): CodeIgniter\CodeIgniter->startController()
 8 SYSTEMPATH\CodeIgniter.php(340): CodeIgniter\CodeIgniter->handleRequest(null, Object(Config\Cache), false)
 9 FCPATH\index.php(67): CodeIgniter\CodeIgniter->run()
CRITICAL - 2022-10-02 00:37:45 --> Undefined variable $personel
in APPPATH\Views\backend\employeAddView.php on line 113.
 1 APPPATH\Views\backend\employeAddView.php(113): CodeIgniter\Debug\Exceptions->errorHandler(2, 'Undefined variable $personel', 'APPPATH\\Views\\backend\\employeAddView.php', 113)
 2 SYSTEMPATH\View\View.php(213): include('APPPATH\\Views\\backend\\employeAddView.php')
 3 SYSTEMPATH\View\View.php(216): CodeIgniter\View\View->CodeIgniter\View\{closure}()
 4 SYSTEMPATH\Common.php(1137): CodeIgniter\View\View->render('backend/employeAddView', [], true)
 5 APPPATH\Controllers\Home.php(422): view('backend/employeAddView')
 6 SYSTEMPATH\CodeIgniter.php(904): App\Controllers\Home->employeDelete('14')
 7 SYSTEMPATH\CodeIgniter.php(457): CodeIgniter\CodeIgniter->runController(Object(App\Controllers\Home))
 8 SYSTEMPATH\CodeIgniter.php(340): CodeIgniter\CodeIgniter->handleRequest(null, Object(Config\Cache), false)
 9 FCPATH\index.php(67): CodeIgniter\CodeIgniter->run()
CRITICAL - 2022-10-02 00:38:59 --> Undefined variable $personel
in APPPATH\Views\backend\employeAddView.php on line 113.
 1 APPPATH\Views\backend\employeAddView.php(113): CodeIgniter\Debug\Exceptions->errorHandler(2, 'Undefined variable $personel', 'APPPATH\\Views\\backend\\employeAddView.php', 113)
 2 SYSTEMPATH\View\View.php(213): include('APPPATH\\Views\\backend\\employeAddView.php')
 3 SYSTEMPATH\View\View.php(216): CodeIgniter\View\View->CodeIgniter\View\{closure}()
 4 SYSTEMPATH\Common.php(1137): CodeIgniter\View\View->render('backend/employeAddView', [], true)
 5 APPPATH\Controllers\Home.php(404): view('backend/employeAddView')
 6 SYSTEMPATH\CodeIgniter.php(904): App\Controllers\Home->employeInsert()
 7 SYSTEMPATH\CodeIgniter.php(457): CodeIgniter\CodeIgniter->runController(Object(App\Controllers\Home))
 8 SYSTEMPATH\CodeIgniter.php(340): CodeIgniter\CodeIgniter->handleRequest(null, Object(Config\Cache), false)
 9 FCPATH\index.php(67): CodeIgniter\CodeIgniter->run()
CRITICAL - 2022-10-02 00:39:06 --> Undefined variable $personel
in APPPATH\Views\backend\employeAddView.php on line 113.
 1 APPPATH\Views\backend\employeAddView.php(113): CodeIgniter\Debug\Exceptions->errorHandler(2, 'Undefined variable $personel', 'APPPATH\\Views\\backend\\employeAddView.php', 113)
 2 SYSTEMPATH\View\View.php(213): include('APPPATH\\Views\\backend\\employeAddView.php')
 3 SYSTEMPATH\View\View.php(216): CodeIgniter\View\View->CodeIgniter\View\{closure}()
 4 SYSTEMPATH\Common.php(1137): CodeIgniter\View\View->render('backend/employeAddView', [], true)
 5 APPPATH\Controllers\Home.php(404): view('backend/employeAddView')
 6 SYSTEMPATH\CodeIgniter.php(904): App\Controllers\Home->employeInsert()
 7 SYSTEMPATH\CodeIgniter.php(457): CodeIgniter\CodeIgniter->runController(Object(App\Controllers\Home))
 8 SYSTEMPATH\CodeIgniter.php(340): CodeIgniter\CodeIgniter->handleRequest(null, Object(Config\Cache), false)
 9 FCPATH\index.php(67): CodeIgniter\CodeIgniter->run()
CRITICAL - 2022-10-02 00:39:13 --> Undefined variable $personel
in APPPATH\Views\backend\employeAddView.php on line 113.
 1 APPPATH\Views\backend\employeAddView.php(113): CodeIgniter\Debug\Exceptions->errorHandler(2, 'Undefined variable $personel', 'APPPATH\\Views\\backend\\employeAddView.php', 113)
 2 SYSTEMPATH\View\View.php(213): include('APPPATH\\Views\\backend\\employeAddView.php')
 3 SYSTEMPATH\View\View.php(216): CodeIgniter\View\View->CodeIgniter\View\{closure}()
 4 SYSTEMPATH\Common.php(1137): CodeIgniter\View\View->render('backend/employeAddView', [], true)
 5 APPPATH\Controllers\Home.php(422): view('backend/employeAddView')
 6 SYSTEMPATH\CodeIgniter.php(904): App\Controllers\Home->employeDelete('16')
 7 SYSTEMPATH\CodeIgniter.php(457): CodeIgniter\CodeIgniter->runController(Object(App\Controllers\Home))
 8 SYSTEMPATH\CodeIgniter.php(340): CodeIgniter\CodeIgniter->handleRequest(null, Object(Config\Cache), false)
 9 FCPATH\index.php(67): CodeIgniter\CodeIgniter->run()
CRITICAL - 2022-10-02 00:40:22 --> Undefined variable $personel
in APPPATH\Views\backend\employeAddView.php on line 113.
 1 APPPATH\Views\backend\employeAddView.php(113): CodeIgniter\Debug\Exceptions->errorHandler(2, 'Undefined variable $personel', 'APPPATH\\Views\\backend\\employeAddView.php', 113)
 2 SYSTEMPATH\View\View.php(213): include('APPPATH\\Views\\backend\\employeAddView.php')
 3 SYSTEMPATH\View\View.php(216): CodeIgniter\View\View->CodeIgniter\View\{closure}()
 4 SYSTEMPATH\Common.php(1137): CodeIgniter\View\View->render('backend/employeAddView', [], true)
 5 APPPATH\Controllers\Home.php(422): view('backend/employeAddView')
 6 SYSTEMPATH\CodeIgniter.php(904): App\Controllers\Home->employeDelete('15')
 7 SYSTEMPATH\CodeIgniter.php(457): CodeIgniter\CodeIgniter->runController(Object(App\Controllers\Home))
 8 SYSTEMPATH\CodeIgniter.php(340): CodeIgniter\CodeIgniter->handleRequest(null, Object(Config\Cache), false)
 9 FCPATH\index.php(67): CodeIgniter\CodeIgniter->run()
CRITICAL - 2022-10-02 00:40:29 --> Undefined variable $personel
in APPPATH\Views\backend\employeAddView.php on line 113.
 1 APPPATH\Views\backend\employeAddView.php(113): CodeIgniter\Debug\Exceptions->errorHandler(2, 'Undefined variable $personel', 'APPPATH\\Views\\backend\\employeAddView.php', 113)
 2 SYSTEMPATH\View\View.php(213): include('APPPATH\\Views\\backend\\employeAddView.php')
 3 SYSTEMPATH\View\View.php(216): CodeIgniter\View\View->CodeIgniter\View\{closure}()
 4 SYSTEMPATH\Common.php(1137): CodeIgniter\View\View->render('backend/employeAddView', [], true)
 5 APPPATH\Controllers\Home.php(404): view('backend/employeAddView')
 6 SYSTEMPATH\CodeIgniter.php(904): App\Controllers\Home->employeInsert()
 7 SYSTEMPATH\CodeIgniter.php(457): CodeIgniter\CodeIgniter->runController(Object(App\Controllers\Home))
 8 SYSTEMPATH\CodeIgniter.php(340): CodeIgniter\CodeIgniter->handleRequest(null, Object(Config\Cache), false)
 9 FCPATH\index.php(67): CodeIgniter\CodeIgniter->run()
CRITICAL - 2022-10-02 18:37:11 --> Undefined array key "employe"
in APPPATH\Controllers\Home.php on line 38.
 1 APPPATH\Controllers\Home.php(38): CodeIgniter\Debug\Exceptions->errorHandler(2, 'Undefined array key "employe"', 'APPPATH\\Controllers\\Home.php', 38)
 2 SYSTEMPATH\CodeIgniter.php(904): App\Controllers\Home->panel()
 3 SYSTEMPATH\CodeIgniter.php(457): CodeIgniter\CodeIgniter->runController(Object(App\Controllers\Home))
 4 SYSTEMPATH\CodeIgniter.php(340): CodeIgniter\CodeIgniter->handleRequest(null, Object(Config\Cache), false)
 5 FCPATH\index.php(67): CodeIgniter\CodeIgniter->run()
CRITICAL - 2022-10-02 18:37:26 --> Undefined array key "employe"
in APPPATH\Controllers\Home.php on line 38.
 1 APPPATH\Controllers\Home.php(38): CodeIgniter\Debug\Exceptions->errorHandler(2, 'Undefined array key "employe"', 'APPPATH\\Controllers\\Home.php', 38)
 2 SYSTEMPATH\CodeIgniter.php(904): App\Controllers\Home->panel()
 3 SYSTEMPATH\CodeIgniter.php(457): CodeIgniter\CodeIgniter->runController(Object(App\Controllers\Home))
 4 SYSTEMPATH\CodeIgniter.php(340): CodeIgniter\CodeIgniter->handleRequest(null, Object(Config\Cache), false)
 5 FCPATH\index.php(67): CodeIgniter\CodeIgniter->run()
CRITICAL - 2022-10-02 18:44:38 --> Undefined array key "id"
in APPPATH\Views\menu.php on line 62.
 1 APPPATH\Views\menu.php(62): CodeIgniter\Debug\Exceptions->errorHandler(2, 'Undefined array key "id"', 'APPPATH\\Views\\menu.php', 62)
 2 SYSTEMPATH\View\View.php(213): include('APPPATH\\Views\\menu.php')
 3 SYSTEMPATH\View\View.php(216): CodeIgniter\View\View->CodeIgniter\View\{closure}()
 4 SYSTEMPATH\Common.php(1137): CodeIgniter\View\View->render('menu', [], true)
 5 APPPATH\Controllers\Anasayfa.php(17): view('menu', [...])
 6 SYSTEMPATH\CodeIgniter.php(904): App\Controllers\Anasayfa->index()
 7 SYSTEMPATH\CodeIgniter.php(457): CodeIgniter\CodeIgniter->runController(Object(App\Controllers\Anasayfa))
 8 SYSTEMPATH\CodeIgniter.php(340): CodeIgniter\CodeIgniter->handleRequest(null, Object(Config\Cache), false)
 9 FCPATH\index.php(67): CodeIgniter\CodeIgniter->run()
CRITICAL - 2022-10-02 21:03:07 --> Undefined variable $settings
in APPPATH\Views\menu.php on line 57.
 1 APPPATH\Views\menu.php(57): CodeIgniter\Debug\Exceptions->errorHandler(2, 'Undefined variable $settings', 'APPPATH\\Views\\menu.php', 57)
 2 SYSTEMPATH\View\View.php(213): include('APPPATH\\Views\\menu.php')
 3 SYSTEMPATH\View\View.php(216): CodeIgniter\View\View->CodeIgniter\View\{closure}()
 4 SYSTEMPATH\Common.php(1137): CodeIgniter\View\View->render('menu', [], true)
 5 APPPATH\Controllers\Anasayfa.php(17): view('menu', [...])
 6 SYSTEMPATH\CodeIgniter.php(904): App\Controllers\Anasayfa->index()
 7 SYSTEMPATH\CodeIgniter.php(457): CodeIgniter\CodeIgniter->runController(Object(App\Controllers\Anasayfa))
 8 SYSTEMPATH\CodeIgniter.php(340): CodeIgniter\CodeIgniter->handleRequest(null, Object(Config\Cache), false)
 9 FCPATH\index.php(67): CodeIgniter\CodeIgniter->run()
CRITICAL - 2022-10-02 21:03:24 --> Undefined variable $settings
in APPPATH\Views\menu.php on line 57.
 1 APPPATH\Views\menu.php(57): CodeIgniter\Debug\Exceptions->errorHandler(2, 'Undefined variable $settings', 'APPPATH\\Views\\menu.php', 57)
 2 SYSTEMPATH\View\View.php(213): include('APPPATH\\Views\\menu.php')
 3 SYSTEMPATH\View\View.php(216): CodeIgniter\View\View->CodeIgniter\View\{closure}()
 4 SYSTEMPATH\Common.php(1137): CodeIgniter\View\View->render('menu', [], true)
 5 APPPATH\Controllers\Anasayfa.php(17): view('menu', [...])
 6 SYSTEMPATH\CodeIgniter.php(904): App\Controllers\Anasayfa->index()
 7 SYSTEMPATH\CodeIgniter.php(457): CodeIgniter\CodeIgniter->runController(Object(App\Controllers\Anasayfa))
 8 SYSTEMPATH\CodeIgniter.php(340): CodeIgniter\CodeIgniter->handleRequest(null, Object(Config\Cache), false)
 9 FCPATH\index.php(67): CodeIgniter\CodeIgniter->run()
CRITICAL - 2022-10-02 21:03:25 --> Undefined variable $settings
in APPPATH\Views\menu.php on line 57.
 1 APPPATH\Views\menu.php(57): CodeIgniter\Debug\Exceptions->errorHandler(2, 'Undefined variable $settings', 'APPPATH\\Views\\menu.php', 57)
 2 SYSTEMPATH\View\View.php(213): include('APPPATH\\Views\\menu.php')
 3 SYSTEMPATH\View\View.php(216): CodeIgniter\View\View->CodeIgniter\View\{closure}()
 4 SYSTEMPATH\Common.php(1137): CodeIgniter\View\View->render('menu', [], true)
 5 APPPATH\Controllers\Anasayfa.php(17): view('menu', [...])
 6 SYSTEMPATH\CodeIgniter.php(904): App\Controllers\Anasayfa->index()
 7 SYSTEMPATH\CodeIgniter.php(457): CodeIgniter\CodeIgniter->runController(Object(App\Controllers\Anasayfa))
 8 SYSTEMPATH\CodeIgniter.php(340): CodeIgniter\CodeIgniter->handleRequest(null, Object(Config\Cache), false)
 9 FCPATH\index.php(67): CodeIgniter\CodeIgniter->run()
CRITICAL - 2022-10-02 21:03:26 --> Undefined variable $settings
in APPPATH\Views\menu.php on line 57.
 1 APPPATH\Views\menu.php(57): CodeIgniter\Debug\Exceptions->errorHandler(2, 'Undefined variable $settings', 'APPPATH\\Views\\menu.php', 57)
 2 SYSTEMPATH\View\View.php(213): include('APPPATH\\Views\\menu.php')
 3 SYSTEMPATH\View\View.php(216): CodeIgniter\View\View->CodeIgniter\View\{closure}()
 4 SYSTEMPATH\Common.php(1137): CodeIgniter\View\View->render('menu', [], true)
 5 APPPATH\Controllers\Anasayfa.php(17): view('menu', [...])
 6 SYSTEMPATH\CodeIgniter.php(904): App\Controllers\Anasayfa->index()
 7 SYSTEMPATH\CodeIgniter.php(457): CodeIgniter\CodeIgniter->runController(Object(App\Controllers\Anasayfa))
 8 SYSTEMPATH\CodeIgniter.php(340): CodeIgniter\CodeIgniter->handleRequest(null, Object(Config\Cache), false)
 9 FCPATH\index.php(67): CodeIgniter\CodeIgniter->run()
CRITICAL - 2022-10-02 21:03:27 --> Undefined variable $settings
in APPPATH\Views\menu.php on line 57.
 1 APPPATH\Views\menu.php(57): CodeIgniter\Debug\Exceptions->errorHandler(2, 'Undefined variable $settings', 'APPPATH\\Views\\menu.php', 57)
 2 SYSTEMPATH\View\View.php(213): include('APPPATH\\Views\\menu.php')
 3 SYSTEMPATH\View\View.php(216): CodeIgniter\View\View->CodeIgniter\View\{closure}()
 4 SYSTEMPATH\Common.php(1137): CodeIgniter\View\View->render('menu', [], true)
 5 APPPATH\Controllers\Anasayfa.php(17): view('menu', [...])
 6 SYSTEMPATH\CodeIgniter.php(904): App\Controllers\Anasayfa->index()
 7 SYSTEMPATH\CodeIgniter.php(457): CodeIgniter\CodeIgniter->runController(Object(App\Controllers\Anasayfa))
 8 SYSTEMPATH\CodeIgniter.php(340): CodeIgniter\CodeIgniter->handleRequest(null, Object(Config\Cache), false)
 9 FCPATH\index.php(67): CodeIgniter\CodeIgniter->run()
CRITICAL - 2022-10-02 21:03:45 --> Undefined variable $settings
in APPPATH\Views\menu.php on line 57.
 1 APPPATH\Views\menu.php(57): CodeIgniter\Debug\Exceptions->errorHandler(2, 'Undefined variable $settings', 'APPPATH\\Views\\menu.php', 57)
 2 SYSTEMPATH\View\View.php(213): include('APPPATH\\Views\\menu.php')
 3 SYSTEMPATH\View\View.php(216): CodeIgniter\View\View->CodeIgniter\View\{closure}()
 4 SYSTEMPATH\Common.php(1137): CodeIgniter\View\View->render('menu', [], true)
 5 APPPATH\Controllers\Anasayfa.php(17): view('menu', [...])
 6 SYSTEMPATH\CodeIgniter.php(904): App\Controllers\Anasayfa->index()
 7 SYSTEMPATH\CodeIgniter.php(457): CodeIgniter\CodeIgniter->runController(Object(App\Controllers\Anasayfa))
 8 SYSTEMPATH\CodeIgniter.php(340): CodeIgniter\CodeIgniter->handleRequest(null, Object(Config\Cache), false)
 9 FCPATH\index.php(67): CodeIgniter\CodeIgniter->run()
CRITICAL - 2022-10-02 21:03:46 --> Undefined variable $settings
in APPPATH\Views\menu.php on line 57.
 1 APPPATH\Views\menu.php(57): CodeIgniter\Debug\Exceptions->errorHandler(2, 'Undefined variable $settings', 'APPPATH\\Views\\menu.php', 57)
 2 SYSTEMPATH\View\View.php(213): include('APPPATH\\Views\\menu.php')
 3 SYSTEMPATH\View\View.php(216): CodeIgniter\View\View->CodeIgniter\View\{closure}()
 4 SYSTEMPATH\Common.php(1137): CodeIgniter\View\View->render('menu', [], true)
 5 APPPATH\Controllers\Anasayfa.php(17): view('menu', [...])
 6 SYSTEMPATH\CodeIgniter.php(904): App\Controllers\Anasayfa->index()
 7 SYSTEMPATH\CodeIgniter.php(457): CodeIgniter\CodeIgniter->runController(Object(App\Controllers\Anasayfa))
 8 SYSTEMPATH\CodeIgniter.php(340): CodeIgniter\CodeIgniter->handleRequest(null, Object(Config\Cache), false)
 9 FCPATH\index.php(67): CodeIgniter\CodeIgniter->run()
CRITICAL - 2022-10-02 21:03:48 --> Undefined variable $settings
in APPPATH\Views\menu.php on line 57.
 1 APPPATH\Views\menu.php(57): CodeIgniter\Debug\Exceptions->errorHandler(2, 'Undefined variable $settings', 'APPPATH\\Views\\menu.php', 57)
 2 SYSTEMPATH\View\View.php(213): include('APPPATH\\Views\\menu.php')
 3 SYSTEMPATH\View\View.php(216): CodeIgniter\View\View->CodeIgniter\View\{closure}()
 4 SYSTEMPATH\Common.php(1137): CodeIgniter\View\View->render('menu', [], true)
 5 APPPATH\Controllers\Anasayfa.php(17): view('menu', [...])
 6 SYSTEMPATH\CodeIgniter.php(904): App\Controllers\Anasayfa->index()
 7 SYSTEMPATH\CodeIgniter.php(457): CodeIgniter\CodeIgniter->runController(Object(App\Controllers\Anasayfa))
 8 SYSTEMPATH\CodeIgniter.php(340): CodeIgniter\CodeIgniter->handleRequest(null, Object(Config\Cache), false)
 9 FCPATH\index.php(67): CodeIgniter\CodeIgniter->run()
CRITICAL - 2022-10-02 21:05:27 --> Undefined variable $settings
in APPPATH\Views\menu.php on line 1.
 1 APPPATH\Views\menu.php(1): CodeIgniter\Debug\Exceptions->errorHandler(2, 'Undefined variable $settings', 'APPPATH\\Views\\menu.php', 1)
 2 SYSTEMPATH\View\View.php(213): include('APPPATH\\Views\\menu.php')
 3 SYSTEMPATH\View\View.php(216): CodeIgniter\View\View->CodeIgniter\View\{closure}()
 4 SYSTEMPATH\Common.php(1137): CodeIgniter\View\View->render('menu', [], true)
 5 APPPATH\Controllers\Anasayfa.php(17): view('menu', [...])
 6 SYSTEMPATH\CodeIgniter.php(904): App\Controllers\Anasayfa->index()
 7 SYSTEMPATH\CodeIgniter.php(457): CodeIgniter\CodeIgniter->runController(Object(App\Controllers\Anasayfa))
 8 SYSTEMPATH\CodeIgniter.php(340): CodeIgniter\CodeIgniter->handleRequest(null, Object(Config\Cache), false)
 9 FCPATH\index.php(67): CodeIgniter\CodeIgniter->run()
CRITICAL - 2022-10-02 21:05:39 --> Undefined variable $settings
in APPPATH\Views\menu.php on line 1.
 1 APPPATH\Views\menu.php(1): CodeIgniter\Debug\Exceptions->errorHandler(2, 'Undefined variable $settings', 'APPPATH\\Views\\menu.php', 1)
 2 SYSTEMPATH\View\View.php(213): include('APPPATH\\Views\\menu.php')
 3 SYSTEMPATH\View\View.php(216): CodeIgniter\View\View->CodeIgniter\View\{closure}()
 4 SYSTEMPATH\Common.php(1137): CodeIgniter\View\View->render('menu', [], true)
 5 APPPATH\Controllers\Anasayfa.php(17): view('menu', [...])
 6 SYSTEMPATH\CodeIgniter.php(904): App\Controllers\Anasayfa->index()
 7 SYSTEMPATH\CodeIgniter.php(457): CodeIgniter\CodeIgniter->runController(Object(App\Controllers\Anasayfa))
 8 SYSTEMPATH\CodeIgniter.php(340): CodeIgniter\CodeIgniter->handleRequest(null, Object(Config\Cache), false)
 9 FCPATH\index.php(67): CodeIgniter\CodeIgniter->run()
CRITICAL - 2022-10-02 21:05:41 --> Undefined variable $settings
in APPPATH\Views\menu.php on line 1.
 1 APPPATH\Views\menu.php(1): CodeIgniter\Debug\Exceptions->errorHandler(2, 'Undefined variable $settings', 'APPPATH\\Views\\menu.php', 1)
 2 SYSTEMPATH\View\View.php(213): include('APPPATH\\Views\\menu.php')
 3 SYSTEMPATH\View\View.php(216): CodeIgniter\View\View->CodeIgniter\View\{closure}()
 4 SYSTEMPATH\Common.php(1137): CodeIgniter\View\View->render('menu', [], true)
 5 APPPATH\Controllers\Anasayfa.php(17): view('menu', [...])
 6 SYSTEMPATH\CodeIgniter.php(904): App\Controllers\Anasayfa->index()
 7 SYSTEMPATH\CodeIgniter.php(457): CodeIgniter\CodeIgniter->runController(Object(App\Controllers\Anasayfa))
 8 SYSTEMPATH\CodeIgniter.php(340): CodeIgniter\CodeIgniter->handleRequest(null, Object(Config\Cache), false)
 9 FCPATH\index.php(67): CodeIgniter\CodeIgniter->run()
CRITICAL - 2022-10-02 21:05:42 --> Undefined variable $settings
in APPPATH\Views\menu.php on line 1.
 1 APPPATH\Views\menu.php(1): CodeIgniter\Debug\Exceptions->errorHandler(2, 'Undefined variable $settings', 'APPPATH\\Views\\menu.php', 1)
 2 SYSTEMPATH\View\View.php(213): include('APPPATH\\Views\\menu.php')
 3 SYSTEMPATH\View\View.php(216): CodeIgniter\View\View->CodeIgniter\View\{closure}()
 4 SYSTEMPATH\Common.php(1137): CodeIgniter\View\View->render('menu', [], true)
 5 APPPATH\Controllers\Anasayfa.php(17): view('menu', [...])
 6 SYSTEMPATH\CodeIgniter.php(904): App\Controllers\Anasayfa->index()
 7 SYSTEMPATH\CodeIgniter.php(457): CodeIgniter\CodeIgniter->runController(Object(App\Controllers\Anasayfa))
 8 SYSTEMPATH\CodeIgniter.php(340): CodeIgniter\CodeIgniter->handleRequest(null, Object(Config\Cache), false)
 9 FCPATH\index.php(67): CodeIgniter\CodeIgniter->run()
CRITICAL - 2022-10-02 21:06:20 --> Undefined variable $settings
in APPPATH\Views\menu.php on line 1.
 1 APPPATH\Views\menu.php(1): CodeIgniter\Debug\Exceptions->errorHandler(2, 'Undefined variable $settings', 'APPPATH\\Views\\menu.php', 1)
 2 SYSTEMPATH\View\View.php(213): include('APPPATH\\Views\\menu.php')
 3 SYSTEMPATH\View\View.php(216): CodeIgniter\View\View->CodeIgniter\View\{closure}()
 4 SYSTEMPATH\Common.php(1137): CodeIgniter\View\View->render('menu', [], true)
 5 APPPATH\Controllers\Anasayfa.php(17): view('menu', [...])
 6 SYSTEMPATH\CodeIgniter.php(904): App\Controllers\Anasayfa->index()
 7 SYSTEMPATH\CodeIgniter.php(457): CodeIgniter\CodeIgniter->runController(Object(App\Controllers\Anasayfa))
 8 SYSTEMPATH\CodeIgniter.php(340): CodeIgniter\CodeIgniter->handleRequest(null, Object(Config\Cache), false)
 9 FCPATH\index.php(67): CodeIgniter\CodeIgniter->run()
CRITICAL - 2022-10-02 21:06:21 --> Undefined variable $settings
in APPPATH\Views\menu.php on line 1.
 1 APPPATH\Views\menu.php(1): CodeIgniter\Debug\Exceptions->errorHandler(2, 'Undefined variable $settings', 'APPPATH\\Views\\menu.php', 1)
 2 SYSTEMPATH\View\View.php(213): include('APPPATH\\Views\\menu.php')
 3 SYSTEMPATH\View\View.php(216): CodeIgniter\View\View->CodeIgniter\View\{closure}()
 4 SYSTEMPATH\Common.php(1137): CodeIgniter\View\View->render('menu', [], true)
 5 APPPATH\Controllers\Anasayfa.php(17): view('menu', [...])
 6 SYSTEMPATH\CodeIgniter.php(904): App\Controllers\Anasayfa->index()
 7 SYSTEMPATH\CodeIgniter.php(457): CodeIgniter\CodeIgniter->runController(Object(App\Controllers\Anasayfa))
 8 SYSTEMPATH\CodeIgniter.php(340): CodeIgniter\CodeIgniter->handleRequest(null, Object(Config\Cache), false)
 9 FCPATH\index.php(67): CodeIgniter\CodeIgniter->run()
CRITICAL - 2022-10-02 21:06:26 --> Undefined variable $settings
in APPPATH\Views\menu.php on line 1.
 1 APPPATH\Views\menu.php(1): CodeIgniter\Debug\Exceptions->errorHandler(2, 'Undefined variable $settings', 'APPPATH\\Views\\menu.php', 1)
 2 SYSTEMPATH\View\View.php(213): include('APPPATH\\Views\\menu.php')
 3 SYSTEMPATH\View\View.php(216): CodeIgniter\View\View->CodeIgniter\View\{closure}()
 4 SYSTEMPATH\Common.php(1137): CodeIgniter\View\View->render('menu', [], true)
 5 APPPATH\Controllers\Anasayfa.php(17): view('menu', [...])
 6 SYSTEMPATH\CodeIgniter.php(904): App\Controllers\Anasayfa->index()
 7 SYSTEMPATH\CodeIgniter.php(457): CodeIgniter\CodeIgniter->runController(Object(App\Controllers\Anasayfa))
 8 SYSTEMPATH\CodeIgniter.php(340): CodeIgniter\CodeIgniter->handleRequest(null, Object(Config\Cache), false)
 9 FCPATH\index.php(67): CodeIgniter\CodeIgniter->run()
CRITICAL - 2022-10-02 21:11:44 --> Undefined array key "logo_url"
in APPPATH\Views\menu.php on line 57.
 1 APPPATH\Views\menu.php(57): CodeIgniter\Debug\Exceptions->errorHandler(2, 'Undefined array key "logo_url"', 'APPPATH\\Views\\menu.php', 57)
 2 SYSTEMPATH\View\View.php(213): include('APPPATH\\Views\\menu.php')
 3 SYSTEMPATH\View\View.php(216): CodeIgniter\View\View->CodeIgniter\View\{closure}()
 4 SYSTEMPATH\Common.php(1137): CodeIgniter\View\View->render('menu', [], true)
 5 APPPATH\Controllers\Anasayfa.php(19): view('menu', [...])
 6 SYSTEMPATH\CodeIgniter.php(904): App\Controllers\Anasayfa->index()
 7 SYSTEMPATH\CodeIgniter.php(457): CodeIgniter\CodeIgniter->runController(Object(App\Controllers\Anasayfa))
 8 SYSTEMPATH\CodeIgniter.php(340): CodeIgniter\CodeIgniter->handleRequest(null, Object(Config\Cache), false)
 9 FCPATH\index.php(67): CodeIgniter\CodeIgniter->run()
CRITICAL - 2022-10-02 21:12:04 --> Undefined array key "logo_url"
in APPPATH\Views\menu.php on line 57.
 1 APPPATH\Views\menu.php(57): CodeIgniter\Debug\Exceptions->errorHandler(2, 'Undefined array key "logo_url"', 'APPPATH\\Views\\menu.php', 57)
 2 SYSTEMPATH\View\View.php(213): include('APPPATH\\Views\\menu.php')
 3 SYSTEMPATH\View\View.php(216): CodeIgniter\View\View->CodeIgniter\View\{closure}()
 4 SYSTEMPATH\Common.php(1137): CodeIgniter\View\View->render('menu', [], true)
 5 APPPATH\Controllers\Anasayfa.php(18): view('menu', [...])
 6 SYSTEMPATH\CodeIgniter.php(904): App\Controllers\Anasayfa->index()
 7 SYSTEMPATH\CodeIgniter.php(457): CodeIgniter\CodeIgniter->runController(Object(App\Controllers\Anasayfa))
 8 SYSTEMPATH\CodeIgniter.php(340): CodeIgniter\CodeIgniter->handleRequest(null, Object(Config\Cache), false)
 9 FCPATH\index.php(67): CodeIgniter\CodeIgniter->run()
CRITICAL - 2022-10-02 21:12:38 --> Undefined array key "logo_url"
in APPPATH\Views\menu.php on line 58.
 1 APPPATH\Views\menu.php(58): CodeIgniter\Debug\Exceptions->errorHandler(2, 'Undefined array key "logo_url"', 'APPPATH\\Views\\menu.php', 58)
 2 SYSTEMPATH\View\View.php(213): include('APPPATH\\Views\\menu.php')
 3 SYSTEMPATH\View\View.php(216): CodeIgniter\View\View->CodeIgniter\View\{closure}()
 4 SYSTEMPATH\Common.php(1137): CodeIgniter\View\View->render('menu', [], true)
 5 APPPATH\Controllers\Anasayfa.php(18): view('menu', [...])
 6 SYSTEMPATH\CodeIgniter.php(904): App\Controllers\Anasayfa->index()
 7 SYSTEMPATH\CodeIgniter.php(457): CodeIgniter\CodeIgniter->runController(Object(App\Controllers\Anasayfa))
 8 SYSTEMPATH\CodeIgniter.php(340): CodeIgniter\CodeIgniter->handleRequest(null, Object(Config\Cache), false)
 9 FCPATH\index.php(67): CodeIgniter\CodeIgniter->run()
CRITICAL - 2022-10-02 21:12:39 --> Undefined array key "logo_url"
in APPPATH\Views\menu.php on line 58.
 1 APPPATH\Views\menu.php(58): CodeIgniter\Debug\Exceptions->errorHandler(2, 'Undefined array key "logo_url"', 'APPPATH\\Views\\menu.php', 58)
 2 SYSTEMPATH\View\View.php(213): include('APPPATH\\Views\\menu.php')
 3 SYSTEMPATH\View\View.php(216): CodeIgniter\View\View->CodeIgniter\View\{closure}()
 4 SYSTEMPATH\Common.php(1137): CodeIgniter\View\View->render('menu', [], true)
 5 APPPATH\Controllers\Anasayfa.php(18): view('menu', [...])
 6 SYSTEMPATH\CodeIgniter.php(904): App\Controllers\Anasayfa->index()
 7 SYSTEMPATH\CodeIgniter.php(457): CodeIgniter\CodeIgniter->runController(Object(App\Controllers\Anasayfa))
 8 SYSTEMPATH\CodeIgniter.php(340): CodeIgniter\CodeIgniter->handleRequest(null, Object(Config\Cache), false)
 9 FCPATH\index.php(67): CodeIgniter\CodeIgniter->run()
CRITICAL - 2022-10-02 21:13:39 --> Array to string conversion
in APPPATH\Views\menu.php on line 58.
 1 APPPATH\Views\menu.php(58): CodeIgniter\Debug\Exceptions->errorHandler(2, 'Array to string conversion', 'APPPATH\\Views\\menu.php', 58)
 2 SYSTEMPATH\View\View.php(213): include('APPPATH\\Views\\menu.php')
 3 SYSTEMPATH\View\View.php(216): CodeIgniter\View\View->CodeIgniter\View\{closure}()
 4 SYSTEMPATH\Common.php(1137): CodeIgniter\View\View->render('menu', [], true)
 5 APPPATH\Controllers\Anasayfa.php(18): view('menu', [...])
 6 SYSTEMPATH\CodeIgniter.php(904): App\Controllers\Anasayfa->index()
 7 SYSTEMPATH\CodeIgniter.php(457): CodeIgniter\CodeIgniter->runController(Object(App\Controllers\Anasayfa))
 8 SYSTEMPATH\CodeIgniter.php(340): CodeIgniter\CodeIgniter->handleRequest(null, Object(Config\Cache), false)
 9 FCPATH\index.php(67): CodeIgniter\CodeIgniter->run()
CRITICAL - 2022-10-02 21:13:52 --> Attempt to read property "logo_url" on array
in APPPATH\Views\menu.php on line 58.
 1 APPPATH\Views\menu.php(58): CodeIgniter\Debug\Exceptions->errorHandler(2, 'Attempt to read property "logo_url" on array', 'APPPATH\\Views\\menu.php', 58)
 2 SYSTEMPATH\View\View.php(213): include('APPPATH\\Views\\menu.php')
 3 SYSTEMPATH\View\View.php(216): CodeIgniter\View\View->CodeIgniter\View\{closure}()
 4 SYSTEMPATH\Common.php(1137): CodeIgniter\View\View->render('menu', [], true)
 5 APPPATH\Controllers\Anasayfa.php(18): view('menu', [...])
 6 SYSTEMPATH\CodeIgniter.php(904): App\Controllers\Anasayfa->index()
 7 SYSTEMPATH\CodeIgniter.php(457): CodeIgniter\CodeIgniter->runController(Object(App\Controllers\Anasayfa))
 8 SYSTEMPATH\CodeIgniter.php(340): CodeIgniter\CodeIgniter->handleRequest(null, Object(Config\Cache), false)
 9 FCPATH\index.php(67): CodeIgniter\CodeIgniter->run()
CRITICAL - 2022-10-02 21:13:53 --> Attempt to read property "logo_url" on array
in APPPATH\Views\menu.php on line 58.
 1 APPPATH\Views\menu.php(58): CodeIgniter\Debug\Exceptions->errorHandler(2, 'Attempt to read property "logo_url" on array', 'APPPATH\\Views\\menu.php', 58)
 2 SYSTEMPATH\View\View.php(213): include('APPPATH\\Views\\menu.php')
 3 SYSTEMPATH\View\View.php(216): CodeIgniter\View\View->CodeIgniter\View\{closure}()
 4 SYSTEMPATH\Common.php(1137): CodeIgniter\View\View->render('menu', [], true)
 5 APPPATH\Controllers\Anasayfa.php(18): view('menu', [...])
 6 SYSTEMPATH\CodeIgniter.php(904): App\Controllers\Anasayfa->index()
 7 SYSTEMPATH\CodeIgniter.php(457): CodeIgniter\CodeIgniter->runController(Object(App\Controllers\Anasayfa))
 8 SYSTEMPATH\CodeIgniter.php(340): CodeIgniter\CodeIgniter->handleRequest(null, Object(Config\Cache), false)
 9 FCPATH\index.php(67): CodeIgniter\CodeIgniter->run()
CRITICAL - 2022-10-02 21:17:09 --> Attempt to read property "logo_url" on array
in APPPATH\Views\menu.php on line 58.
 1 APPPATH\Views\menu.php(58): CodeIgniter\Debug\Exceptions->errorHandler(2, 'Attempt to read property "logo_url" on array', 'APPPATH\\Views\\menu.php', 58)
 2 SYSTEMPATH\View\View.php(213): include('APPPATH\\Views\\menu.php')
 3 SYSTEMPATH\View\View.php(216): CodeIgniter\View\View->CodeIgniter\View\{closure}()
 4 SYSTEMPATH\Common.php(1137): CodeIgniter\View\View->render('menu', [], true)
 5 APPPATH\Controllers\Anasayfa.php(18): view('menu', [...])
 6 SYSTEMPATH\CodeIgniter.php(904): App\Controllers\Anasayfa->index()
 7 SYSTEMPATH\CodeIgniter.php(457): CodeIgniter\CodeIgniter->runController(Object(App\Controllers\Anasayfa))
 8 SYSTEMPATH\CodeIgniter.php(340): CodeIgniter\CodeIgniter->handleRequest(null, Object(Config\Cache), false)
 9 FCPATH\index.php(67): CodeIgniter\CodeIgniter->run()
CRITICAL - 2022-10-02 21:17:10 --> Attempt to read property "logo_url" on array
in APPPATH\Views\menu.php on line 58.
 1 APPPATH\Views\menu.php(58): CodeIgniter\Debug\Exceptions->errorHandler(2, 'Attempt to read property "logo_url" on array', 'APPPATH\\Views\\menu.php', 58)
 2 SYSTEMPATH\View\View.php(213): include('APPPATH\\Views\\menu.php')
 3 SYSTEMPATH\View\View.php(216): CodeIgniter\View\View->CodeIgniter\View\{closure}()
 4 SYSTEMPATH\Common.php(1137): CodeIgniter\View\View->render('menu', [], true)
 5 APPPATH\Controllers\Anasayfa.php(18): view('menu', [...])
 6 SYSTEMPATH\CodeIgniter.php(904): App\Controllers\Anasayfa->index()
 7 SYSTEMPATH\CodeIgniter.php(457): CodeIgniter\CodeIgniter->runController(Object(App\Controllers\Anasayfa))
 8 SYSTEMPATH\CodeIgniter.php(340): CodeIgniter\CodeIgniter->handleRequest(null, Object(Config\Cache), false)
 9 FCPATH\index.php(67): CodeIgniter\CodeIgniter->run()
CRITICAL - 2022-10-02 21:17:11 --> Attempt to read property "logo_url" on array
in APPPATH\Views\menu.php on line 58.
 1 APPPATH\Views\menu.php(58): CodeIgniter\Debug\Exceptions->errorHandler(2, 'Attempt to read property "logo_url" on array', 'APPPATH\\Views\\menu.php', 58)
 2 SYSTEMPATH\View\View.php(213): include('APPPATH\\Views\\menu.php')
 3 SYSTEMPATH\View\View.php(216): CodeIgniter\View\View->CodeIgniter\View\{closure}()
 4 SYSTEMPATH\Common.php(1137): CodeIgniter\View\View->render('menu', [], true)
 5 APPPATH\Controllers\Anasayfa.php(18): view('menu', [...])
 6 SYSTEMPATH\CodeIgniter.php(904): App\Controllers\Anasayfa->index()
 7 SYSTEMPATH\CodeIgniter.php(457): CodeIgniter\CodeIgniter->runController(Object(App\Controllers\Anasayfa))
 8 SYSTEMPATH\CodeIgniter.php(340): CodeIgniter\CodeIgniter->handleRequest(null, Object(Config\Cache), false)
 9 FCPATH\index.php(67): CodeIgniter\CodeIgniter->run()
CRITICAL - 2022-10-02 21:17:12 --> Attempt to read property "logo_url" on array
in APPPATH\Views\menu.php on line 58.
 1 APPPATH\Views\menu.php(58): CodeIgniter\Debug\Exceptions->errorHandler(2, 'Attempt to read property "logo_url" on array', 'APPPATH\\Views\\menu.php', 58)
 2 SYSTEMPATH\View\View.php(213): include('APPPATH\\Views\\menu.php')
 3 SYSTEMPATH\View\View.php(216): CodeIgniter\View\View->CodeIgniter\View\{closure}()
 4 SYSTEMPATH\Common.php(1137): CodeIgniter\View\View->render('menu', [], true)
 5 APPPATH\Controllers\Anasayfa.php(18): view('menu', [...])
 6 SYSTEMPATH\CodeIgniter.php(904): App\Controllers\Anasayfa->index()
 7 SYSTEMPATH\CodeIgniter.php(457): CodeIgniter\CodeIgniter->runController(Object(App\Controllers\Anasayfa))
 8 SYSTEMPATH\CodeIgniter.php(340): CodeIgniter\CodeIgniter->handleRequest(null, Object(Config\Cache), false)
 9 FCPATH\index.php(67): CodeIgniter\CodeIgniter->run()
CRITICAL - 2022-10-02 21:17:13 --> Attempt to read property "logo_url" on array
in APPPATH\Views\menu.php on line 58.
 1 APPPATH\Views\menu.php(58): CodeIgniter\Debug\Exceptions->errorHandler(2, 'Attempt to read property "logo_url" on array', 'APPPATH\\Views\\menu.php', 58)
 2 SYSTEMPATH\View\View.php(213): include('APPPATH\\Views\\menu.php')
 3 SYSTEMPATH\View\View.php(216): CodeIgniter\View\View->CodeIgniter\View\{closure}()
 4 SYSTEMPATH\Common.php(1137): CodeIgniter\View\View->render('menu', [], true)
 5 APPPATH\Controllers\Anasayfa.php(18): view('menu', [...])
 6 SYSTEMPATH\CodeIgniter.php(904): App\Controllers\Anasayfa->index()
 7 SYSTEMPATH\CodeIgniter.php(457): CodeIgniter\CodeIgniter->runController(Object(App\Controllers\Anasayfa))
 8 SYSTEMPATH\CodeIgniter.php(340): CodeIgniter\CodeIgniter->handleRequest(null, Object(Config\Cache), false)
 9 FCPATH\index.php(67): CodeIgniter\CodeIgniter->run()
CRITICAL - 2022-10-02 21:21:15 --> Array to string conversion
in APPPATH\Views\menu.php on line 58.
 1 APPPATH\Views\menu.php(58): CodeIgniter\Debug\Exceptions->errorHandler(2, 'Array to string conversion', 'APPPATH\\Views\\menu.php', 58)
 2 SYSTEMPATH\View\View.php(213): include('APPPATH\\Views\\menu.php')
 3 SYSTEMPATH\View\View.php(216): CodeIgniter\View\View->CodeIgniter\View\{closure}()
 4 SYSTEMPATH\Common.php(1137): CodeIgniter\View\View->render('menu', [], true)
 5 APPPATH\Controllers\Anasayfa.php(18): view('menu', [...])
 6 SYSTEMPATH\CodeIgniter.php(904): App\Controllers\Anasayfa->index()
 7 SYSTEMPATH\CodeIgniter.php(457): CodeIgniter\CodeIgniter->runController(Object(App\Controllers\Anasayfa))
 8 SYSTEMPATH\CodeIgniter.php(340): CodeIgniter\CodeIgniter->handleRequest(null, Object(Config\Cache), false)
 9 FCPATH\index.php(67): CodeIgniter\CodeIgniter->run()
CRITICAL - 2022-10-02 21:21:17 --> Array to string conversion
in APPPATH\Views\menu.php on line 58.
 1 APPPATH\Views\menu.php(58): CodeIgniter\Debug\Exceptions->errorHandler(2, 'Array to string conversion', 'APPPATH\\Views\\menu.php', 58)
 2 SYSTEMPATH\View\View.php(213): include('APPPATH\\Views\\menu.php')
 3 SYSTEMPATH\View\View.php(216): CodeIgniter\View\View->CodeIgniter\View\{closure}()
 4 SYSTEMPATH\Common.php(1137): CodeIgniter\View\View->render('menu', [], true)
 5 APPPATH\Controllers\Anasayfa.php(18): view('menu', [...])
 6 SYSTEMPATH\CodeIgniter.php(904): App\Controllers\Anasayfa->index()
 7 SYSTEMPATH\CodeIgniter.php(457): CodeIgniter\CodeIgniter->runController(Object(App\Controllers\Anasayfa))
 8 SYSTEMPATH\CodeIgniter.php(340): CodeIgniter\CodeIgniter->handleRequest(null, Object(Config\Cache), false)
 9 FCPATH\index.php(67): CodeIgniter\CodeIgniter->run()
CRITICAL - 2022-10-02 21:21:18 --> Array to string conversion
in APPPATH\Views\menu.php on line 58.
 1 APPPATH\Views\menu.php(58): CodeIgniter\Debug\Exceptions->errorHandler(2, 'Array to string conversion', 'APPPATH\\Views\\menu.php', 58)
 2 SYSTEMPATH\View\View.php(213): include('APPPATH\\Views\\menu.php')
 3 SYSTEMPATH\View\View.php(216): CodeIgniter\View\View->CodeIgniter\View\{closure}()
 4 SYSTEMPATH\Common.php(1137): CodeIgniter\View\View->render('menu', [], true)
 5 APPPATH\Controllers\Anasayfa.php(18): view('menu', [...])
 6 SYSTEMPATH\CodeIgniter.php(904): App\Controllers\Anasayfa->index()
 7 SYSTEMPATH\CodeIgniter.php(457): CodeIgniter\CodeIgniter->runController(Object(App\Controllers\Anasayfa))
 8 SYSTEMPATH\CodeIgniter.php(340): CodeIgniter\CodeIgniter->handleRequest(null, Object(Config\Cache), false)
 9 FCPATH\index.php(67): CodeIgniter\CodeIgniter->run()
CRITICAL - 2022-10-02 21:23:46 --> Undefined variable $set
in APPPATH\Views\menu.php on line 58.
 1 APPPATH\Views\menu.php(58): CodeIgniter\Debug\Exceptions->errorHandler(2, 'Undefined variable $set', 'APPPATH\\Views\\menu.php', 58)
 2 SYSTEMPATH\View\View.php(213): include('APPPATH\\Views\\menu.php')
 3 SYSTEMPATH\View\View.php(216): CodeIgniter\View\View->CodeIgniter\View\{closure}()
 4 SYSTEMPATH\Common.php(1137): CodeIgniter\View\View->render('menu', [], true)
 5 APPPATH\Controllers\Anasayfa.php(18): view('menu', [...])
 6 SYSTEMPATH\CodeIgniter.php(904): App\Controllers\Anasayfa->index()
 7 SYSTEMPATH\CodeIgniter.php(457): CodeIgniter\CodeIgniter->runController(Object(App\Controllers\Anasayfa))
 8 SYSTEMPATH\CodeIgniter.php(340): CodeIgniter\CodeIgniter->handleRequest(null, Object(Config\Cache), false)
 9 FCPATH\index.php(67): CodeIgniter\CodeIgniter->run()
CRITICAL - 2022-10-02 21:23:57 --> Undefined variable $set
in APPPATH\Views\menu.php on line 58.
 1 APPPATH\Views\menu.php(58): CodeIgniter\Debug\Exceptions->errorHandler(2, 'Undefined variable $set', 'APPPATH\\Views\\menu.php', 58)
 2 SYSTEMPATH\View\View.php(213): include('APPPATH\\Views\\menu.php')
 3 SYSTEMPATH\View\View.php(216): CodeIgniter\View\View->CodeIgniter\View\{closure}()
 4 SYSTEMPATH\Common.php(1137): CodeIgniter\View\View->render('menu', [], true)
 5 APPPATH\Controllers\Anasayfa.php(18): view('menu', [...])
 6 SYSTEMPATH\CodeIgniter.php(904): App\Controllers\Anasayfa->index()
 7 SYSTEMPATH\CodeIgniter.php(457): CodeIgniter\CodeIgniter->runController(Object(App\Controllers\Anasayfa))
 8 SYSTEMPATH\CodeIgniter.php(340): CodeIgniter\CodeIgniter->handleRequest(null, Object(Config\Cache), false)
 9 FCPATH\index.php(67): CodeIgniter\CodeIgniter->run()
CRITICAL - 2022-10-02 21:24:22 --> Undefined variable $set
in APPPATH\Views\menu.php on line 58.
 1 APPPATH\Views\menu.php(58): CodeIgniter\Debug\Exceptions->errorHandler(2, 'Undefined variable $set', 'APPPATH\\Views\\menu.php', 58)
 2 SYSTEMPATH\View\View.php(213): include('APPPATH\\Views\\menu.php')
 3 SYSTEMPATH\View\View.php(216): CodeIgniter\View\View->CodeIgniter\View\{closure}()
 4 SYSTEMPATH\Common.php(1137): CodeIgniter\View\View->render('menu', [], true)
 5 APPPATH\Controllers\Anasayfa.php(18): view('menu', [...])
 6 SYSTEMPATH\CodeIgniter.php(904): App\Controllers\Anasayfa->index()
 7 SYSTEMPATH\CodeIgniter.php(457): CodeIgniter\CodeIgniter->runController(Object(App\Controllers\Anasayfa))
 8 SYSTEMPATH\CodeIgniter.php(340): CodeIgniter\CodeIgniter->handleRequest(null, Object(Config\Cache), false)
 9 FCPATH\index.php(67): CodeIgniter\CodeIgniter->run()
CRITICAL - 2022-10-02 21:24:29 --> Attempt to read property "logo_url" on array
in APPPATH\Controllers\Anasayfa.php on line 19.
 1 APPPATH\Controllers\Anasayfa.php(19): CodeIgniter\Debug\Exceptions->errorHandler(2, 'Attempt to read property "logo_url" on array', 'APPPATH\\Controllers\\Anasayfa.php', 19)
 2 SYSTEMPATH\CodeIgniter.php(904): App\Controllers\Anasayfa->index()
 3 SYSTEMPATH\CodeIgniter.php(457): CodeIgniter\CodeIgniter->runController(Object(App\Controllers\Anasayfa))
 4 SYSTEMPATH\CodeIgniter.php(340): CodeIgniter\CodeIgniter->handleRequest(null, Object(Config\Cache), false)
 5 FCPATH\index.php(67): CodeIgniter\CodeIgniter->run()
CRITICAL - 2022-10-02 21:24:30 --> Attempt to read property "logo_url" on array
in APPPATH\Controllers\Anasayfa.php on line 19.
 1 APPPATH\Controllers\Anasayfa.php(19): CodeIgniter\Debug\Exceptions->errorHandler(2, 'Attempt to read property "logo_url" on array', 'APPPATH\\Controllers\\Anasayfa.php', 19)
 2 SYSTEMPATH\CodeIgniter.php(904): App\Controllers\Anasayfa->index()
 3 SYSTEMPATH\CodeIgniter.php(457): CodeIgniter\CodeIgniter->runController(Object(App\Controllers\Anasayfa))
 4 SYSTEMPATH\CodeIgniter.php(340): CodeIgniter\CodeIgniter->handleRequest(null, Object(Config\Cache), false)
 5 FCPATH\index.php(67): CodeIgniter\CodeIgniter->run()
CRITICAL - 2022-10-02 21:41:00 --> Undefined variable $set
in APPPATH\Views\menu.php on line 58.
 1 APPPATH\Views\menu.php(58): CodeIgniter\Debug\Exceptions->errorHandler(2, 'Undefined variable $set', 'APPPATH\\Views\\menu.php', 58)
 2 SYSTEMPATH\View\View.php(213): include('APPPATH\\Views\\menu.php')
 3 SYSTEMPATH\View\View.php(216): CodeIgniter\View\View->CodeIgniter\View\{closure}()
 4 SYSTEMPATH\Common.php(1137): CodeIgniter\View\View->render('menu', [], true)
 5 APPPATH\Controllers\Anasayfa.php(17): view('menu', [...])
 6 SYSTEMPATH\CodeIgniter.php(904): App\Controllers\Anasayfa->index()
 7 SYSTEMPATH\CodeIgniter.php(457): CodeIgniter\CodeIgniter->runController(Object(App\Controllers\Anasayfa))
 8 SYSTEMPATH\CodeIgniter.php(340): CodeIgniter\CodeIgniter->handleRequest(null, Object(Config\Cache), false)
 9 FCPATH\index.php(67): CodeIgniter\CodeIgniter->run()
CRITICAL - 2022-10-02 21:41:02 --> Undefined variable $set
in APPPATH\Views\menu.php on line 58.
 1 APPPATH\Views\menu.php(58): CodeIgniter\Debug\Exceptions->errorHandler(2, 'Undefined variable $set', 'APPPATH\\Views\\menu.php', 58)
 2 SYSTEMPATH\View\View.php(213): include('APPPATH\\Views\\menu.php')
 3 SYSTEMPATH\View\View.php(216): CodeIgniter\View\View->CodeIgniter\View\{closure}()
 4 SYSTEMPATH\Common.php(1137): CodeIgniter\View\View->render('menu', [], true)
 5 APPPATH\Controllers\Anasayfa.php(17): view('menu', [...])
 6 SYSTEMPATH\CodeIgniter.php(904): App\Controllers\Anasayfa->index()
 7 SYSTEMPATH\CodeIgniter.php(457): CodeIgniter\CodeIgniter->runController(Object(App\Controllers\Anasayfa))
 8 SYSTEMPATH\CodeIgniter.php(340): CodeIgniter\CodeIgniter->handleRequest(null, Object(Config\Cache), false)
 9 FCPATH\index.php(67): CodeIgniter\CodeIgniter->run()
CRITICAL - 2022-10-02 21:41:03 --> Undefined variable $set
in APPPATH\Views\menu.php on line 58.
 1 APPPATH\Views\menu.php(58): CodeIgniter\Debug\Exceptions->errorHandler(2, 'Undefined variable $set', 'APPPATH\\Views\\menu.php', 58)
 2 SYSTEMPATH\View\View.php(213): include('APPPATH\\Views\\menu.php')
 3 SYSTEMPATH\View\View.php(216): CodeIgniter\View\View->CodeIgniter\View\{closure}()
 4 SYSTEMPATH\Common.php(1137): CodeIgniter\View\View->render('menu', [], true)
 5 APPPATH\Controllers\Anasayfa.php(17): view('menu', [...])
 6 SYSTEMPATH\CodeIgniter.php(904): App\Controllers\Anasayfa->index()
 7 SYSTEMPATH\CodeIgniter.php(457): CodeIgniter\CodeIgniter->runController(Object(App\Controllers\Anasayfa))
 8 SYSTEMPATH\CodeIgniter.php(340): CodeIgniter\CodeIgniter->handleRequest(null, Object(Config\Cache), false)
 9 FCPATH\index.php(67): CodeIgniter\CodeIgniter->run()
CRITICAL - 2022-10-02 21:41:04 --> Undefined variable $set
in APPPATH\Views\menu.php on line 58.
 1 APPPATH\Views\menu.php(58): CodeIgniter\Debug\Exceptions->errorHandler(2, 'Undefined variable $set', 'APPPATH\\Views\\menu.php', 58)
 2 SYSTEMPATH\View\View.php(213): include('APPPATH\\Views\\menu.php')
 3 SYSTEMPATH\View\View.php(216): CodeIgniter\View\View->CodeIgniter\View\{closure}()
 4 SYSTEMPATH\Common.php(1137): CodeIgniter\View\View->render('menu', [], true)
 5 APPPATH\Controllers\Anasayfa.php(17): view('menu', [...])
 6 SYSTEMPATH\CodeIgniter.php(904): App\Controllers\Anasayfa->index()
 7 SYSTEMPATH\CodeIgniter.php(457): CodeIgniter\CodeIgniter->runController(Object(App\Controllers\Anasayfa))
 8 SYSTEMPATH\CodeIgniter.php(340): CodeIgniter\CodeIgniter->handleRequest(null, Object(Config\Cache), false)
 9 FCPATH\index.php(67): CodeIgniter\CodeIgniter->run()
CRITICAL - 2022-10-02 21:41:05 --> Undefined variable $set
in APPPATH\Views\menu.php on line 58.
 1 APPPATH\Views\menu.php(58): CodeIgniter\Debug\Exceptions->errorHandler(2, 'Undefined variable $set', 'APPPATH\\Views\\menu.php', 58)
 2 SYSTEMPATH\View\View.php(213): include('APPPATH\\Views\\menu.php')
 3 SYSTEMPATH\View\View.php(216): CodeIgniter\View\View->CodeIgniter\View\{closure}()
 4 SYSTEMPATH\Common.php(1137): CodeIgniter\View\View->render('menu', [], true)
 5 APPPATH\Controllers\Anasayfa.php(17): view('menu', [...])
 6 SYSTEMPATH\CodeIgniter.php(904): App\Controllers\Anasayfa->index()
 7 SYSTEMPATH\CodeIgniter.php(457): CodeIgniter\CodeIgniter->runController(Object(App\Controllers\Anasayfa))
 8 SYSTEMPATH\CodeIgniter.php(340): CodeIgniter\CodeIgniter->handleRequest(null, Object(Config\Cache), false)
 9 FCPATH\index.php(67): CodeIgniter\CodeIgniter->run()
CRITICAL - 2022-10-02 21:41:05 --> Undefined variable $set
in APPPATH\Views\menu.php on line 58.
 1 APPPATH\Views\menu.php(58): CodeIgniter\Debug\Exceptions->errorHandler(2, 'Undefined variable $set', 'APPPATH\\Views\\menu.php', 58)
 2 SYSTEMPATH\View\View.php(213): include('APPPATH\\Views\\menu.php')
 3 SYSTEMPATH\View\View.php(216): CodeIgniter\View\View->CodeIgniter\View\{closure}()
 4 SYSTEMPATH\Common.php(1137): CodeIgniter\View\View->render('menu', [], true)
 5 APPPATH\Controllers\Anasayfa.php(17): view('menu', [...])
 6 SYSTEMPATH\CodeIgniter.php(904): App\Controllers\Anasayfa->index()
 7 SYSTEMPATH\CodeIgniter.php(457): CodeIgniter\CodeIgniter->runController(Object(App\Controllers\Anasayfa))
 8 SYSTEMPATH\CodeIgniter.php(340): CodeIgniter\CodeIgniter->handleRequest(null, Object(Config\Cache), false)
 9 FCPATH\index.php(67): CodeIgniter\CodeIgniter->run()
CRITICAL - 2022-10-02 21:41:19 --> Undefined variable $settings
in APPPATH\Views\menu.php on line 58.
 1 APPPATH\Views\menu.php(58): CodeIgniter\Debug\Exceptions->errorHandler(2, 'Undefined variable $settings', 'APPPATH\\Views\\menu.php', 58)
 2 SYSTEMPATH\View\View.php(213): include('APPPATH\\Views\\menu.php')
 3 SYSTEMPATH\View\View.php(216): CodeIgniter\View\View->CodeIgniter\View\{closure}()
 4 SYSTEMPATH\Common.php(1137): CodeIgniter\View\View->render('menu', [], true)
 5 APPPATH\Controllers\Anasayfa.php(17): view('menu', [...])
 6 SYSTEMPATH\CodeIgniter.php(904): App\Controllers\Anasayfa->index()
 7 SYSTEMPATH\CodeIgniter.php(457): CodeIgniter\CodeIgniter->runController(Object(App\Controllers\Anasayfa))
 8 SYSTEMPATH\CodeIgniter.php(340): CodeIgniter\CodeIgniter->handleRequest(null, Object(Config\Cache), false)
 9 FCPATH\index.php(67): CodeIgniter\CodeIgniter->run()
CRITICAL - 2022-10-02 21:41:20 --> Undefined variable $settings
in APPPATH\Views\menu.php on line 58.
 1 APPPATH\Views\menu.php(58): CodeIgniter\Debug\Exceptions->errorHandler(2, 'Undefined variable $settings', 'APPPATH\\Views\\menu.php', 58)
 2 SYSTEMPATH\View\View.php(213): include('APPPATH\\Views\\menu.php')
 3 SYSTEMPATH\View\View.php(216): CodeIgniter\View\View->CodeIgniter\View\{closure}()
 4 SYSTEMPATH\Common.php(1137): CodeIgniter\View\View->render('menu', [], true)
 5 APPPATH\Controllers\Anasayfa.php(17): view('menu', [...])
 6 SYSTEMPATH\CodeIgniter.php(904): App\Controllers\Anasayfa->index()
 7 SYSTEMPATH\CodeIgniter.php(457): CodeIgniter\CodeIgniter->runController(Object(App\Controllers\Anasayfa))
 8 SYSTEMPATH\CodeIgniter.php(340): CodeIgniter\CodeIgniter->handleRequest(null, Object(Config\Cache), false)
 9 FCPATH\index.php(67): CodeIgniter\CodeIgniter->run()
CRITICAL - 2022-10-02 21:42:54 --> Undefined variable $settings
in APPPATH\Views\menu.php on line 58.
 1 APPPATH\Views\menu.php(58): CodeIgniter\Debug\Exceptions->errorHandler(2, 'Undefined variable $settings', 'APPPATH\\Views\\menu.php', 58)
 2 SYSTEMPATH\View\View.php(213): include('APPPATH\\Views\\menu.php')
 3 SYSTEMPATH\View\View.php(216): CodeIgniter\View\View->CodeIgniter\View\{closure}()
 4 SYSTEMPATH\Common.php(1137): CodeIgniter\View\View->render('menu', [], true)
 5 APPPATH\Controllers\Anasayfa.php(17): view('menu', [...])
 6 SYSTEMPATH\CodeIgniter.php(904): App\Controllers\Anasayfa->index()
 7 SYSTEMPATH\CodeIgniter.php(457): CodeIgniter\CodeIgniter->runController(Object(App\Controllers\Anasayfa))
 8 SYSTEMPATH\CodeIgniter.php(340): CodeIgniter\CodeIgniter->handleRequest(null, Object(Config\Cache), false)
 9 FCPATH\index.php(67): CodeIgniter\CodeIgniter->run()
CRITICAL - 2022-10-02 21:42:55 --> Undefined variable $settings
in APPPATH\Views\menu.php on line 58.
 1 APPPATH\Views\menu.php(58): CodeIgniter\Debug\Exceptions->errorHandler(2, 'Undefined variable $settings', 'APPPATH\\Views\\menu.php', 58)
 2 SYSTEMPATH\View\View.php(213): include('APPPATH\\Views\\menu.php')
 3 SYSTEMPATH\View\View.php(216): CodeIgniter\View\View->CodeIgniter\View\{closure}()
 4 SYSTEMPATH\Common.php(1137): CodeIgniter\View\View->render('menu', [], true)
 5 APPPATH\Controllers\Anasayfa.php(17): view('menu', [...])
 6 SYSTEMPATH\CodeIgniter.php(904): App\Controllers\Anasayfa->index()
 7 SYSTEMPATH\CodeIgniter.php(457): CodeIgniter\CodeIgniter->runController(Object(App\Controllers\Anasayfa))
 8 SYSTEMPATH\CodeIgniter.php(340): CodeIgniter\CodeIgniter->handleRequest(null, Object(Config\Cache), false)
 9 FCPATH\index.php(67): CodeIgniter\CodeIgniter->run()
CRITICAL - 2022-10-02 21:43:58 --> Undefined variable $settings
in APPPATH\Controllers\Anasayfa.php on line 17.
 1 APPPATH\Controllers\Anasayfa.php(17): CodeIgniter\Debug\Exceptions->errorHandler(2, 'Undefined variable $settings', 'APPPATH\\Controllers\\Anasayfa.php', 17)
 2 SYSTEMPATH\CodeIgniter.php(904): App\Controllers\Anasayfa->index()
 3 SYSTEMPATH\CodeIgniter.php(457): CodeIgniter\CodeIgniter->runController(Object(App\Controllers\Anasayfa))
 4 SYSTEMPATH\CodeIgniter.php(340): CodeIgniter\CodeIgniter->handleRequest(null, Object(Config\Cache), false)
 5 FCPATH\index.php(67): CodeIgniter\CodeIgniter->run()
CRITICAL - 2022-10-02 21:44:16 --> Undefined array key "logo_url"
in APPPATH\Controllers\Anasayfa.php on line 17.
 1 APPPATH\Controllers\Anasayfa.php(17): CodeIgniter\Debug\Exceptions->errorHandler(2, 'Undefined array key "logo_url"', 'APPPATH\\Controllers\\Anasayfa.php', 17)
 2 SYSTEMPATH\CodeIgniter.php(904): App\Controllers\Anasayfa->index()
 3 SYSTEMPATH\CodeIgniter.php(457): CodeIgniter\CodeIgniter->runController(Object(App\Controllers\Anasayfa))
 4 SYSTEMPATH\CodeIgniter.php(340): CodeIgniter\CodeIgniter->handleRequest(null, Object(Config\Cache), false)
 5 FCPATH\index.php(67): CodeIgniter\CodeIgniter->run()
CRITICAL - 2022-10-02 21:44:28 --> Undefined array key "settings"
in APPPATH\Controllers\Anasayfa.php on line 17.
 1 APPPATH\Controllers\Anasayfa.php(17): CodeIgniter\Debug\Exceptions->errorHandler(2, 'Undefined array key "settings"', 'APPPATH\\Controllers\\Anasayfa.php', 17)
 2 SYSTEMPATH\CodeIgniter.php(904): App\Controllers\Anasayfa->index()
 3 SYSTEMPATH\CodeIgniter.php(457): CodeIgniter\CodeIgniter->runController(Object(App\Controllers\Anasayfa))
 4 SYSTEMPATH\CodeIgniter.php(340): CodeIgniter\CodeIgniter->handleRequest(null, Object(Config\Cache), false)
 5 FCPATH\index.php(67): CodeIgniter\CodeIgniter->run()
CRITICAL - 2022-10-02 21:44:30 --> Undefined array key "settings"
in APPPATH\Controllers\Anasayfa.php on line 17.
 1 APPPATH\Controllers\Anasayfa.php(17): CodeIgniter\Debug\Exceptions->errorHandler(2, 'Undefined array key "settings"', 'APPPATH\\Controllers\\Anasayfa.php', 17)
 2 SYSTEMPATH\CodeIgniter.php(904): App\Controllers\Anasayfa->index()
 3 SYSTEMPATH\CodeIgniter.php(457): CodeIgniter\CodeIgniter->runController(Object(App\Controllers\Anasayfa))
 4 SYSTEMPATH\CodeIgniter.php(340): CodeIgniter\CodeIgniter->handleRequest(null, Object(Config\Cache), false)
 5 FCPATH\index.php(67): CodeIgniter\CodeIgniter->run()
CRITICAL - 2022-10-02 21:44:45 --> Undefined array key "settings"
in APPPATH\Controllers\Anasayfa.php on line 17.
 1 APPPATH\Controllers\Anasayfa.php(17): CodeIgniter\Debug\Exceptions->errorHandler(2, 'Undefined array key "settings"', 'APPPATH\\Controllers\\Anasayfa.php', 17)
 2 SYSTEMPATH\CodeIgniter.php(904): App\Controllers\Anasayfa->index()
 3 SYSTEMPATH\CodeIgniter.php(457): CodeIgniter\CodeIgniter->runController(Object(App\Controllers\Anasayfa))
 4 SYSTEMPATH\CodeIgniter.php(340): CodeIgniter\CodeIgniter->handleRequest(null, Object(Config\Cache), false)
 5 FCPATH\index.php(67): CodeIgniter\CodeIgniter->run()
CRITICAL - 2022-10-02 21:44:47 --> Undefined array key "settings"
in APPPATH\Controllers\Anasayfa.php on line 17.
 1 APPPATH\Controllers\Anasayfa.php(17): CodeIgniter\Debug\Exceptions->errorHandler(2, 'Undefined array key "settings"', 'APPPATH\\Controllers\\Anasayfa.php', 17)
 2 SYSTEMPATH\CodeIgniter.php(904): App\Controllers\Anasayfa->index()
 3 SYSTEMPATH\CodeIgniter.php(457): CodeIgniter\CodeIgniter->runController(Object(App\Controllers\Anasayfa))
 4 SYSTEMPATH\CodeIgniter.php(340): CodeIgniter\CodeIgniter->handleRequest(null, Object(Config\Cache), false)
 5 FCPATH\index.php(67): CodeIgniter\CodeIgniter->run()
CRITICAL - 2022-10-02 21:45:30 --> Array to string conversion
in APPPATH\Controllers\Anasayfa.php on line 16.
 1 APPPATH\Controllers\Anasayfa.php(16): CodeIgniter\Debug\Exceptions->errorHandler(2, 'Array to string conversion', 'APPPATH\\Controllers\\Anasayfa.php', 16)
 2 SYSTEMPATH\CodeIgniter.php(904): App\Controllers\Anasayfa->index()
 3 SYSTEMPATH\CodeIgniter.php(457): CodeIgniter\CodeIgniter->runController(Object(App\Controllers\Anasayfa))
 4 SYSTEMPATH\CodeIgniter.php(340): CodeIgniter\CodeIgniter->handleRequest(null, Object(Config\Cache), false)
 5 FCPATH\index.php(67): CodeIgniter\CodeIgniter->run()
CRITICAL - 2022-10-02 21:45:42 --> Array to string conversion
in APPPATH\Controllers\Anasayfa.php on line 16.
 1 APPPATH\Controllers\Anasayfa.php(16): CodeIgniter\Debug\Exceptions->errorHandler(2, 'Array to string conversion', 'APPPATH\\Controllers\\Anasayfa.php', 16)
 2 SYSTEMPATH\CodeIgniter.php(904): App\Controllers\Anasayfa->index()
 3 SYSTEMPATH\CodeIgniter.php(457): CodeIgniter\CodeIgniter->runController(Object(App\Controllers\Anasayfa))
 4 SYSTEMPATH\CodeIgniter.php(340): CodeIgniter\CodeIgniter->handleRequest(null, Object(Config\Cache), false)
 5 FCPATH\index.php(67): CodeIgniter\CodeIgniter->run()
CRITICAL - 2022-10-02 21:48:12 --> Array to string conversion
in APPPATH\Controllers\Anasayfa.php on line 17.
 1 APPPATH\Controllers\Anasayfa.php(17): CodeIgniter\Debug\Exceptions->errorHandler(2, 'Array to string conversion', 'APPPATH\\Controllers\\Anasayfa.php', 17)
 2 SYSTEMPATH\CodeIgniter.php(904): App\Controllers\Anasayfa->index()
 3 SYSTEMPATH\CodeIgniter.php(457): CodeIgniter\CodeIgniter->runController(Object(App\Controllers\Anasayfa))
 4 SYSTEMPATH\CodeIgniter.php(340): CodeIgniter\CodeIgniter->handleRequest(null, Object(Config\Cache), false)
 5 FCPATH\index.php(67): CodeIgniter\CodeIgniter->run()
CRITICAL - 2022-10-02 21:49:01 --> Attempt to read property "logo_url" on array
in APPPATH\Controllers\Anasayfa.php on line 17.
 1 APPPATH\Controllers\Anasayfa.php(17): CodeIgniter\Debug\Exceptions->errorHandler(2, 'Attempt to read property "logo_url" on array', 'APPPATH\\Controllers\\Anasayfa.php', 17)
 2 SYSTEMPATH\CodeIgniter.php(904): App\Controllers\Anasayfa->index()
 3 SYSTEMPATH\CodeIgniter.php(457): CodeIgniter\CodeIgniter->runController(Object(App\Controllers\Anasayfa))
 4 SYSTEMPATH\CodeIgniter.php(340): CodeIgniter\CodeIgniter->handleRequest(null, Object(Config\Cache), false)
 5 FCPATH\index.php(67): CodeIgniter\CodeIgniter->run()
CRITICAL - 2022-10-02 21:58:36 --> Undefined variable $settings
in APPPATH\Views\menu.php on line 58.
 1 APPPATH\Views\menu.php(58): CodeIgniter\Debug\Exceptions->errorHandler(2, 'Undefined variable $settings', 'APPPATH\\Views\\menu.php', 58)
 2 SYSTEMPATH\View\View.php(213): include('APPPATH\\Views\\menu.php')
 3 SYSTEMPATH\View\View.php(216): CodeIgniter\View\View->CodeIgniter\View\{closure}()
 4 SYSTEMPATH\Common.php(1137): CodeIgniter\View\View->render('menu', [], true)
 5 APPPATH\Controllers\Anasayfa.php(18): view('menu', [...])
 6 SYSTEMPATH\CodeIgniter.php(904): App\Controllers\Anasayfa->index()
 7 SYSTEMPATH\CodeIgniter.php(457): CodeIgniter\CodeIgniter->runController(Object(App\Controllers\Anasayfa))
 8 SYSTEMPATH\CodeIgniter.php(340): CodeIgniter\CodeIgniter->handleRequest(null, Object(Config\Cache), false)
 9 FCPATH\index.php(67): CodeIgniter\CodeIgniter->run()
CRITICAL - 2022-10-02 22:14:59 --> Undefined variable $settings
in APPPATH\Views\menu.php on line 58.
 1 APPPATH\Views\menu.php(58): CodeIgniter\Debug\Exceptions->errorHandler(2, 'Undefined variable $settings', 'APPPATH\\Views\\menu.php', 58)
 2 SYSTEMPATH\View\View.php(213): include('APPPATH\\Views\\menu.php')
 3 SYSTEMPATH\View\View.php(216): CodeIgniter\View\View->CodeIgniter\View\{closure}()
 4 SYSTEMPATH\Common.php(1137): CodeIgniter\View\View->render('menu', [], true)
 5 APPPATH\Controllers\Anasayfa.php(18): view('menu', [...])
 6 SYSTEMPATH\CodeIgniter.php(904): App\Controllers\Anasayfa->index()
 7 SYSTEMPATH\CodeIgniter.php(457): CodeIgniter\CodeIgniter->runController(Object(App\Controllers\Anasayfa))
 8 SYSTEMPATH\CodeIgniter.php(340): CodeIgniter\CodeIgniter->handleRequest(null, Object(Config\Cache), false)
 9 FCPATH\index.php(67): CodeIgniter\CodeIgniter->run()
CRITICAL - 2022-10-02 22:16:18 --> Attempt to read property "logo_url" on array
in APPPATH\Views\menu.php on line 58.
 1 APPPATH\Views\menu.php(58): CodeIgniter\Debug\Exceptions->errorHandler(2, 'Attempt to read property "logo_url" on array', 'APPPATH\\Views\\menu.php', 58)
 2 SYSTEMPATH\View\View.php(213): include('APPPATH\\Views\\menu.php')
 3 SYSTEMPATH\View\View.php(216): CodeIgniter\View\View->CodeIgniter\View\{closure}()
 4 SYSTEMPATH\Common.php(1137): CodeIgniter\View\View->render('menu', [], true)
 5 APPPATH\Controllers\Anasayfa.php(17): view('menu', [...])
 6 SYSTEMPATH\CodeIgniter.php(904): App\Controllers\Anasayfa->index()
 7 SYSTEMPATH\CodeIgniter.php(457): CodeIgniter\CodeIgniter->runController(Object(App\Controllers\Anasayfa))
 8 SYSTEMPATH\CodeIgniter.php(340): CodeIgniter\CodeIgniter->handleRequest(null, Object(Config\Cache), false)
 9 FCPATH\index.php(67): CodeIgniter\CodeIgniter->run()
CRITICAL - 2022-10-02 22:16:20 --> Attempt to read property "logo_url" on array
in APPPATH\Views\menu.php on line 58.
 1 APPPATH\Views\menu.php(58): CodeIgniter\Debug\Exceptions->errorHandler(2, 'Attempt to read property "logo_url" on array', 'APPPATH\\Views\\menu.php', 58)
 2 SYSTEMPATH\View\View.php(213): include('APPPATH\\Views\\menu.php')
 3 SYSTEMPATH\View\View.php(216): CodeIgniter\View\View->CodeIgniter\View\{closure}()
 4 SYSTEMPATH\Common.php(1137): CodeIgniter\View\View->render('menu', [], true)
 5 APPPATH\Controllers\Anasayfa.php(17): view('menu', [...])
 6 SYSTEMPATH\CodeIgniter.php(904): App\Controllers\Anasayfa->index()
 7 SYSTEMPATH\CodeIgniter.php(457): CodeIgniter\CodeIgniter->runController(Object(App\Controllers\Anasayfa))
 8 SYSTEMPATH\CodeIgniter.php(340): CodeIgniter\CodeIgniter->handleRequest(null, Object(Config\Cache), false)
 9 FCPATH\index.php(67): CodeIgniter\CodeIgniter->run()
CRITICAL - 2022-10-02 22:31:12 --> syntax error, unexpected token ";", expecting ")"
in APPPATH\Views\menu.php on line 59.
 1 SYSTEMPATH\View\View.php(216): CodeIgniter\View\View->CodeIgniter\View\{closure}()
 2 SYSTEMPATH\Common.php(1137): CodeIgniter\View\View->render('menu', [], true)
 3 APPPATH\Controllers\Anasayfa.php(17): view('menu', [...])
 4 SYSTEMPATH\CodeIgniter.php(904): App\Controllers\Anasayfa->index()
 5 SYSTEMPATH\CodeIgniter.php(457): CodeIgniter\CodeIgniter->runController(Object(App\Controllers\Anasayfa))
 6 SYSTEMPATH\CodeIgniter.php(340): CodeIgniter\CodeIgniter->handleRequest(null, Object(Config\Cache), false)
 7 FCPATH\index.php(67): CodeIgniter\CodeIgniter->run()
CRITICAL - 2022-10-02 22:31:43 --> syntax error, unexpected token "if"
in APPPATH\Views\menu.php on line 58.
 1 SYSTEMPATH\View\View.php(216): CodeIgniter\View\View->CodeIgniter\View\{closure}()
 2 SYSTEMPATH\Common.php(1137): CodeIgniter\View\View->render('menu', [], true)
 3 APPPATH\Controllers\Anasayfa.php(17): view('menu', [...])
 4 SYSTEMPATH\CodeIgniter.php(904): App\Controllers\Anasayfa->index()
 5 SYSTEMPATH\CodeIgniter.php(457): CodeIgniter\CodeIgniter->runController(Object(App\Controllers\Anasayfa))
 6 SYSTEMPATH\CodeIgniter.php(340): CodeIgniter\CodeIgniter->handleRequest(null, Object(Config\Cache), false)
 7 FCPATH\index.php(67): CodeIgniter\CodeIgniter->run()
CRITICAL - 2022-10-02 22:44:14 --> Undefined variable $category
in APPPATH\Views\backend\settingsView.php on line 61.
 1 APPPATH\Views\backend\settingsView.php(61): CodeIgniter\Debug\Exceptions->errorHandler(2, 'Undefined variable $category', 'APPPATH\\Views\\backend\\settingsView.php', 61)
 2 SYSTEMPATH\View\View.php(213): include('APPPATH\\Views\\backend\\settingsView.php')
 3 SYSTEMPATH\View\View.php(216): CodeIgniter\View\View->CodeIgniter\View\{closure}()
 4 SYSTEMPATH\Common.php(1137): CodeIgniter\View\View->render('/backend/settingsView', [], true)
 5 APPPATH\Config\Routes.php(75): view('/backend/settingsView', [...])
 6 SYSTEMPATH\CodeIgniter.php(845): CodeIgniter\CodeIgniter::Config\{closure}()
 7 SYSTEMPATH\CodeIgniter.php(444): CodeIgniter\CodeIgniter->startController()
 8 SYSTEMPATH\CodeIgniter.php(340): CodeIgniter\CodeIgniter->handleRequest(null, Object(Config\Cache), false)
 9 FCPATH\index.php(67): CodeIgniter\CodeIgniter->run()
