CRITICAL - 2022-09-02 09:05:56 --> Undefined variable $data
in APPPATH\Views\menu.php on line 61.
 1 APPPATH\Views\menu.php(61): CodeIgniter\Debug\Exceptions->errorHandler(2, 'Undefined variable $data', 'APPPATH\\Views\\menu.php', 61)
 2 SYSTEMPATH\View\View.php(213): include('APPPATH\\Views\\menu.php')
 3 SYSTEMPATH\View\View.php(216): CodeIgniter\View\View->CodeIgniter\View\{closure}()
 4 SYSTEMPATH\Common.php(1137): CodeIgniter\View\View->render('menu', [], true)
 5 APPPATH\Controllers\Home.php(12): view('menu', [...])
 6 SYSTEMPATH\CodeIgniter.php(904): App\Controllers\Home->index()
 7 SYSTEMPATH\CodeIgniter.php(457): CodeIgniter\CodeIgniter->runController(Object(App\Controllers\Home))
 8 SYSTEMPATH\CodeIgniter.php(340): CodeIgniter\CodeIgniter->handleRequest(null, Object(Config\Cache), false)
 9 FCPATH\index.php(67): CodeIgniter\CodeIgniter->run()
CRITICAL - 2022-09-02 09:05:57 --> Undefined variable $data
in APPPATH\Views\menu.php on line 61.
 1 APPPATH\Views\menu.php(61): CodeIgniter\Debug\Exceptions->errorHandler(2, 'Undefined variable $data', 'APPPATH\\Views\\menu.php', 61)
 2 SYSTEMPATH\View\View.php(213): include('APPPATH\\Views\\menu.php')
 3 SYSTEMPATH\View\View.php(216): CodeIgniter\View\View->CodeIgniter\View\{closure}()
 4 SYSTEMPATH\Common.php(1137): CodeIgniter\View\View->render('menu', [], true)
 5 APPPATH\Controllers\Home.php(12): view('menu', [...])
 6 SYSTEMPATH\CodeIgniter.php(904): App\Controllers\Home->index()
 7 SYSTEMPATH\CodeIgniter.php(457): CodeIgniter\CodeIgniter->runController(Object(App\Controllers\Home))
 8 SYSTEMPATH\CodeIgniter.php(340): CodeIgniter\CodeIgniter->handleRequest(null, Object(Config\Cache), false)
 9 FCPATH\index.php(67): CodeIgniter\CodeIgniter->run()
CRITICAL - 2022-09-02 09:06:49 --> Undefined variable $data
in APPPATH\Views\menu.php on line 61.
 1 APPPATH\Views\menu.php(61): CodeIgniter\Debug\Exceptions->errorHandler(2, 'Undefined variable $data', 'APPPATH\\Views\\menu.php', 61)
 2 SYSTEMPATH\View\View.php(213): include('APPPATH\\Views\\menu.php')
 3 SYSTEMPATH\View\View.php(216): CodeIgniter\View\View->CodeIgniter\View\{closure}()
 4 SYSTEMPATH\Common.php(1137): CodeIgniter\View\View->render('menu', [], true)
 5 APPPATH\Controllers\Home.php(12): view('menu', [...])
 6 SYSTEMPATH\CodeIgniter.php(904): App\Controllers\Home->index()
 7 SYSTEMPATH\CodeIgniter.php(457): CodeIgniter\CodeIgniter->runController(Object(App\Controllers\Home))
 8 SYSTEMPATH\CodeIgniter.php(340): CodeIgniter\CodeIgniter->handleRequest(null, Object(Config\Cache), false)
 9 FCPATH\index.php(67): CodeIgniter\CodeIgniter->run()
CRITICAL - 2022-09-02 09:06:49 --> Undefined variable $data
in APPPATH\Views\menu.php on line 61.
 1 APPPATH\Views\menu.php(61): CodeIgniter\Debug\Exceptions->errorHandler(2, 'Undefined variable $data', 'APPPATH\\Views\\menu.php', 61)
 2 SYSTEMPATH\View\View.php(213): include('APPPATH\\Views\\menu.php')
 3 SYSTEMPATH\View\View.php(216): CodeIgniter\View\View->CodeIgniter\View\{closure}()
 4 SYSTEMPATH\Common.php(1137): CodeIgniter\View\View->render('menu', [], true)
 5 APPPATH\Controllers\Home.php(12): view('menu', [...])
 6 SYSTEMPATH\CodeIgniter.php(904): App\Controllers\Home->index()
 7 SYSTEMPATH\CodeIgniter.php(457): CodeIgniter\CodeIgniter->runController(Object(App\Controllers\Home))
 8 SYSTEMPATH\CodeIgniter.php(340): CodeIgniter\CodeIgniter->handleRequest(null, Object(Config\Cache), false)
 9 FCPATH\index.php(67): CodeIgniter\CodeIgniter->run()
CRITICAL - 2022-09-02 09:07:16 --> Attempt to read property "name" on array
in APPPATH\Views\menu.php on line 63.
 1 APPPATH\Views\menu.php(63): CodeIgniter\Debug\Exceptions->errorHandler(2, 'Attempt to read property "name" on array', 'APPPATH\\Views\\menu.php', 63)
 2 SYSTEMPATH\View\View.php(213): include('APPPATH\\Views\\menu.php')
 3 SYSTEMPATH\View\View.php(216): CodeIgniter\View\View->CodeIgniter\View\{closure}()
 4 SYSTEMPATH\Common.php(1137): CodeIgniter\View\View->render('menu', [], true)
 5 APPPATH\Controllers\Home.php(12): view('menu', [...])
 6 SYSTEMPATH\CodeIgniter.php(904): App\Controllers\Home->index()
 7 SYSTEMPATH\CodeIgniter.php(457): CodeIgniter\CodeIgniter->runController(Object(App\Controllers\Home))
 8 SYSTEMPATH\CodeIgniter.php(340): CodeIgniter\CodeIgniter->handleRequest(null, Object(Config\Cache), false)
 9 FCPATH\index.php(67): CodeIgniter\CodeIgniter->run()
CRITICAL - 2022-09-02 09:32:14 --> Cannot declare class App\Models\UserModel, because the name is already in use
in APPPATH\Models\ProductsModel.php on line 7.
 1 [internal function]: CodeIgniter\Debug\Exceptions->shutdownHandler()
CRITICAL - 2022-09-02 09:32:51 --> Cannot declare class App\Models\UserModel, because the name is already in use
in APPPATH\Models\ProductsModel.php on line 7.
 1 [internal function]: CodeIgniter\Debug\Exceptions->shutdownHandler()
CRITICAL - 2022-09-02 09:32:57 --> syntax error, unexpected token ","
in APPPATH\Controllers\Home.php on line 10.
 1 SYSTEMPATH\Autoloader\Autoloader.php(259): CodeIgniter\Autoloader\Autoloader->includeFile('APPPATH\\Controllers\\Home.php')
 2 SYSTEMPATH\Autoloader\Autoloader.php(237): CodeIgniter\Autoloader\Autoloader->loadInNamespace('App\\Controllers\\Home')
 3 [internal function]: CodeIgniter\Autoloader\Autoloader->loadClass('App\\Controllers\\Home')
 4 SYSTEMPATH\CodeIgniter.php(854): class_exists('\\App\\Controllers\\Home', true)
 5 SYSTEMPATH\CodeIgniter.php(444): CodeIgniter\CodeIgniter->startController()
 6 SYSTEMPATH\CodeIgniter.php(340): CodeIgniter\CodeIgniter->handleRequest(null, Object(Config\Cache), false)
 7 FCPATH\index.php(67): CodeIgniter\CodeIgniter->run()
CRITICAL - 2022-09-02 09:32:57 --> syntax error, unexpected token ","
in APPPATH\Controllers\Home.php on line 10.
 1 SYSTEMPATH\Autoloader\Autoloader.php(259): CodeIgniter\Autoloader\Autoloader->includeFile('APPPATH\\Controllers\\Home.php')
 2 SYSTEMPATH\Autoloader\Autoloader.php(237): CodeIgniter\Autoloader\Autoloader->loadInNamespace('App\\Controllers\\Home')
 3 [internal function]: CodeIgniter\Autoloader\Autoloader->loadClass('App\\Controllers\\Home')
 4 SYSTEMPATH\CodeIgniter.php(854): class_exists('\\App\\Controllers\\Home', true)
 5 SYSTEMPATH\CodeIgniter.php(444): CodeIgniter\CodeIgniter->startController()
 6 SYSTEMPATH\CodeIgniter.php(340): CodeIgniter\CodeIgniter->handleRequest(null, Object(Config\Cache), false)
 7 FCPATH\index.php(67): CodeIgniter\CodeIgniter->run()
CRITICAL - 2022-09-02 09:32:57 --> syntax error, unexpected token ","
in APPPATH\Controllers\Home.php on line 10.
 1 SYSTEMPATH\Autoloader\Autoloader.php(259): CodeIgniter\Autoloader\Autoloader->includeFile('APPPATH\\Controllers\\Home.php')
 2 SYSTEMPATH\Autoloader\Autoloader.php(237): CodeIgniter\Autoloader\Autoloader->loadInNamespace('App\\Controllers\\Home')
 3 [internal function]: CodeIgniter\Autoloader\Autoloader->loadClass('App\\Controllers\\Home')
 4 SYSTEMPATH\CodeIgniter.php(854): class_exists('\\App\\Controllers\\Home', true)
 5 SYSTEMPATH\CodeIgniter.php(444): CodeIgniter\CodeIgniter->startController()
 6 SYSTEMPATH\CodeIgniter.php(340): CodeIgniter\CodeIgniter->handleRequest(null, Object(Config\Cache), false)
 7 FCPATH\index.php(67): CodeIgniter\CodeIgniter->run()
CRITICAL - 2022-09-02 09:32:58 --> syntax error, unexpected token ","
in APPPATH\Controllers\Home.php on line 10.
 1 SYSTEMPATH\Autoloader\Autoloader.php(259): CodeIgniter\Autoloader\Autoloader->includeFile('APPPATH\\Controllers\\Home.php')
 2 SYSTEMPATH\Autoloader\Autoloader.php(237): CodeIgniter\Autoloader\Autoloader->loadInNamespace('App\\Controllers\\Home')
 3 [internal function]: CodeIgniter\Autoloader\Autoloader->loadClass('App\\Controllers\\Home')
 4 SYSTEMPATH\CodeIgniter.php(854): class_exists('\\App\\Controllers\\Home', true)
 5 SYSTEMPATH\CodeIgniter.php(444): CodeIgniter\CodeIgniter->startController()
 6 SYSTEMPATH\CodeIgniter.php(340): CodeIgniter\CodeIgniter->handleRequest(null, Object(Config\Cache), false)
 7 FCPATH\index.php(67): CodeIgniter\CodeIgniter->run()
CRITICAL - 2022-09-02 09:33:15 --> syntax error, unexpected token ","
in APPPATH\Controllers\Home.php on line 10.
 1 SYSTEMPATH\Autoloader\Autoloader.php(259): CodeIgniter\Autoloader\Autoloader->includeFile('APPPATH\\Controllers\\Home.php')
 2 SYSTEMPATH\Autoloader\Autoloader.php(237): CodeIgniter\Autoloader\Autoloader->loadInNamespace('App\\Controllers\\Home')
 3 [internal function]: CodeIgniter\Autoloader\Autoloader->loadClass('App\\Controllers\\Home')
 4 SYSTEMPATH\CodeIgniter.php(854): class_exists('\\App\\Controllers\\Home', true)
 5 SYSTEMPATH\CodeIgniter.php(444): CodeIgniter\CodeIgniter->startController()
 6 SYSTEMPATH\CodeIgniter.php(340): CodeIgniter\CodeIgniter->handleRequest(null, Object(Config\Cache), false)
 7 FCPATH\index.php(67): CodeIgniter\CodeIgniter->run()
CRITICAL - 2022-09-02 09:33:15 --> syntax error, unexpected token ","
in APPPATH\Controllers\Home.php on line 10.
 1 SYSTEMPATH\Autoloader\Autoloader.php(259): CodeIgniter\Autoloader\Autoloader->includeFile('APPPATH\\Controllers\\Home.php')
 2 SYSTEMPATH\Autoloader\Autoloader.php(237): CodeIgniter\Autoloader\Autoloader->loadInNamespace('App\\Controllers\\Home')
 3 [internal function]: CodeIgniter\Autoloader\Autoloader->loadClass('App\\Controllers\\Home')
 4 SYSTEMPATH\CodeIgniter.php(854): class_exists('\\App\\Controllers\\Home', true)
 5 SYSTEMPATH\CodeIgniter.php(444): CodeIgniter\CodeIgniter->startController()
 6 SYSTEMPATH\CodeIgniter.php(340): CodeIgniter\CodeIgniter->handleRequest(null, Object(Config\Cache), false)
 7 FCPATH\index.php(67): CodeIgniter\CodeIgniter->run()
CRITICAL - 2022-09-02 09:33:15 --> syntax error, unexpected token ","
in APPPATH\Controllers\Home.php on line 10.
 1 SYSTEMPATH\Autoloader\Autoloader.php(259): CodeIgniter\Autoloader\Autoloader->includeFile('APPPATH\\Controllers\\Home.php')
 2 SYSTEMPATH\Autoloader\Autoloader.php(237): CodeIgniter\Autoloader\Autoloader->loadInNamespace('App\\Controllers\\Home')
 3 [internal function]: CodeIgniter\Autoloader\Autoloader->loadClass('App\\Controllers\\Home')
 4 SYSTEMPATH\CodeIgniter.php(854): class_exists('\\App\\Controllers\\Home', true)
 5 SYSTEMPATH\CodeIgniter.php(444): CodeIgniter\CodeIgniter->startController()
 6 SYSTEMPATH\CodeIgniter.php(340): CodeIgniter\CodeIgniter->handleRequest(null, Object(Config\Cache), false)
 7 FCPATH\index.php(67): CodeIgniter\CodeIgniter->run()
CRITICAL - 2022-09-02 09:33:15 --> syntax error, unexpected token ","
in APPPATH\Controllers\Home.php on line 10.
 1 SYSTEMPATH\Autoloader\Autoloader.php(259): CodeIgniter\Autoloader\Autoloader->includeFile('APPPATH\\Controllers\\Home.php')
 2 SYSTEMPATH\Autoloader\Autoloader.php(237): CodeIgniter\Autoloader\Autoloader->loadInNamespace('App\\Controllers\\Home')
 3 [internal function]: CodeIgniter\Autoloader\Autoloader->loadClass('App\\Controllers\\Home')
 4 SYSTEMPATH\CodeIgniter.php(854): class_exists('\\App\\Controllers\\Home', true)
 5 SYSTEMPATH\CodeIgniter.php(444): CodeIgniter\CodeIgniter->startController()
 6 SYSTEMPATH\CodeIgniter.php(340): CodeIgniter\CodeIgniter->handleRequest(null, Object(Config\Cache), false)
 7 FCPATH\index.php(67): CodeIgniter\CodeIgniter->run()
CRITICAL - 2022-09-02 09:33:33 --> Cannot declare class App\Models\UserModel, because the name is already in use
in APPPATH\Models\ProductsModel.php on line 7.
 1 [internal function]: CodeIgniter\Debug\Exceptions->shutdownHandler()
CRITICAL - 2022-09-02 09:50:57 --> Undefined array key "nanme"
in APPPATH\Views\menu.php on line 78.
 1 APPPATH\Views\menu.php(78): CodeIgniter\Debug\Exceptions->errorHandler(2, 'Undefined array key "nanme"', 'APPPATH\\Views\\menu.php', 78)
 2 SYSTEMPATH\View\View.php(213): include('APPPATH\\Views\\menu.php')
 3 SYSTEMPATH\View\View.php(216): CodeIgniter\View\View->CodeIgniter\View\{closure}()
 4 SYSTEMPATH\Common.php(1137): CodeIgniter\View\View->render('menu', [], true)
 5 APPPATH\Controllers\Home.php(14): view('menu', [...])
 6 SYSTEMPATH\CodeIgniter.php(904): App\Controllers\Home->index()
 7 SYSTEMPATH\CodeIgniter.php(457): CodeIgniter\CodeIgniter->runController(Object(App\Controllers\Home))
 8 SYSTEMPATH\CodeIgniter.php(340): CodeIgniter\CodeIgniter->handleRequest(null, Object(Config\Cache), false)
 9 FCPATH\index.php(67): CodeIgniter\CodeIgniter->run()
CRITICAL - 2022-09-02 09:51:26 --> Undefined array key "nanme"
in APPPATH\Views\menu.php on line 78.
 1 APPPATH\Views\menu.php(78): CodeIgniter\Debug\Exceptions->errorHandler(2, 'Undefined array key "nanme"', 'APPPATH\\Views\\menu.php', 78)
 2 SYSTEMPATH\View\View.php(213): include('APPPATH\\Views\\menu.php')
 3 SYSTEMPATH\View\View.php(216): CodeIgniter\View\View->CodeIgniter\View\{closure}()
 4 SYSTEMPATH\Common.php(1137): CodeIgniter\View\View->render('menu', [], true)
 5 APPPATH\Controllers\Home.php(14): view('menu', [...])
 6 SYSTEMPATH\CodeIgniter.php(904): App\Controllers\Home->index()
 7 SYSTEMPATH\CodeIgniter.php(457): CodeIgniter\CodeIgniter->runController(Object(App\Controllers\Home))
 8 SYSTEMPATH\CodeIgniter.php(340): CodeIgniter\CodeIgniter->handleRequest(null, Object(Config\Cache), false)
 9 FCPATH\index.php(67): CodeIgniter\CodeIgniter->run()
CRITICAL - 2022-09-02 09:52:48 --> Undefined array key "nanme"
in APPPATH\Views\menu.php on line 78.
 1 APPPATH\Views\menu.php(78): CodeIgniter\Debug\Exceptions->errorHandler(2, 'Undefined array key "nanme"', 'APPPATH\\Views\\menu.php', 78)
 2 SYSTEMPATH\View\View.php(213): include('APPPATH\\Views\\menu.php')
 3 SYSTEMPATH\View\View.php(216): CodeIgniter\View\View->CodeIgniter\View\{closure}()
 4 SYSTEMPATH\Common.php(1137): CodeIgniter\View\View->render('menu', [], true)
 5 APPPATH\Controllers\Home.php(14): view('menu', [...])
 6 SYSTEMPATH\CodeIgniter.php(904): App\Controllers\Home->index()
 7 SYSTEMPATH\CodeIgniter.php(457): CodeIgniter\CodeIgniter->runController(Object(App\Controllers\Home))
 8 SYSTEMPATH\CodeIgniter.php(340): CodeIgniter\CodeIgniter->handleRequest(null, Object(Config\Cache), false)
 9 FCPATH\index.php(67): CodeIgniter\CodeIgniter->run()
CRITICAL - 2022-09-02 11:25:43 --> Invalid file: include\header.php
in SYSTEMPATH\Exceptions\FrameworkException.php on line 33.
 1 SYSTEMPATH\View\View.php(201): CodeIgniter\Exceptions\FrameworkException::forInvalidFile('include\\header.php')
 2 SYSTEMPATH\View\View.php(229): CodeIgniter\View\View->render('include\\header', [], true)
 3 SYSTEMPATH\Common.php(1137): CodeIgniter\View\View->render('backend/panel', [], true)
 4 APPPATH\Controllers\Home.php(20): view('backend/panel')
 5 SYSTEMPATH\CodeIgniter.php(904): App\Controllers\Home->panel()
 6 SYSTEMPATH\CodeIgniter.php(457): CodeIgniter\CodeIgniter->runController(Object(App\Controllers\Home))
 7 SYSTEMPATH\CodeIgniter.php(340): CodeIgniter\CodeIgniter->handleRequest(null, Object(Config\Cache), false)
 8 FCPATH\index.php(67): CodeIgniter\CodeIgniter->run()
CRITICAL - 2022-09-02 11:25:44 --> Invalid file: include\header.php
in SYSTEMPATH\Exceptions\FrameworkException.php on line 33.
 1 SYSTEMPATH\View\View.php(201): CodeIgniter\Exceptions\FrameworkException::forInvalidFile('include\\header.php')
 2 SYSTEMPATH\View\View.php(229): CodeIgniter\View\View->render('include\\header', [], true)
 3 SYSTEMPATH\Common.php(1137): CodeIgniter\View\View->render('backend/panel', [], true)
 4 APPPATH\Controllers\Home.php(20): view('backend/panel')
 5 SYSTEMPATH\CodeIgniter.php(904): App\Controllers\Home->panel()
 6 SYSTEMPATH\CodeIgniter.php(457): CodeIgniter\CodeIgniter->runController(Object(App\Controllers\Home))
 7 SYSTEMPATH\CodeIgniter.php(340): CodeIgniter\CodeIgniter->handleRequest(null, Object(Config\Cache), false)
 8 FCPATH\index.php(67): CodeIgniter\CodeIgniter->run()
CRITICAL - 2022-09-02 11:26:07 --> Invalid file: include/header.php
in SYSTEMPATH\Exceptions\FrameworkException.php on line 33.
 1 SYSTEMPATH\View\View.php(201): CodeIgniter\Exceptions\FrameworkException::forInvalidFile('include/header.php')
 2 SYSTEMPATH\View\View.php(229): CodeIgniter\View\View->render('include/header', [], true)
 3 SYSTEMPATH\Common.php(1137): CodeIgniter\View\View->render('backend/panel', [], true)
 4 APPPATH\Controllers\Home.php(20): view('backend/panel')
 5 SYSTEMPATH\CodeIgniter.php(904): App\Controllers\Home->panel()
 6 SYSTEMPATH\CodeIgniter.php(457): CodeIgniter\CodeIgniter->runController(Object(App\Controllers\Home))
 7 SYSTEMPATH\CodeIgniter.php(340): CodeIgniter\CodeIgniter->handleRequest(null, Object(Config\Cache), false)
 8 FCPATH\index.php(67): CodeIgniter\CodeIgniter->run()
CRITICAL - 2022-09-02 11:26:08 --> Invalid file: include/header.php
in SYSTEMPATH\Exceptions\FrameworkException.php on line 33.
 1 SYSTEMPATH\View\View.php(201): CodeIgniter\Exceptions\FrameworkException::forInvalidFile('include/header.php')
 2 SYSTEMPATH\View\View.php(229): CodeIgniter\View\View->render('include/header', [], true)
 3 SYSTEMPATH\Common.php(1137): CodeIgniter\View\View->render('backend/panel', [], true)
 4 APPPATH\Controllers\Home.php(20): view('backend/panel')
 5 SYSTEMPATH\CodeIgniter.php(904): App\Controllers\Home->panel()
 6 SYSTEMPATH\CodeIgniter.php(457): CodeIgniter\CodeIgniter->runController(Object(App\Controllers\Home))
 7 SYSTEMPATH\CodeIgniter.php(340): CodeIgniter\CodeIgniter->handleRequest(null, Object(Config\Cache), false)
 8 FCPATH\index.php(67): CodeIgniter\CodeIgniter->run()
CRITICAL - 2022-09-02 11:26:08 --> Invalid file: include/header.php
in SYSTEMPATH\Exceptions\FrameworkException.php on line 33.
 1 SYSTEMPATH\View\View.php(201): CodeIgniter\Exceptions\FrameworkException::forInvalidFile('include/header.php')
 2 SYSTEMPATH\View\View.php(229): CodeIgniter\View\View->render('include/header', [], true)
 3 SYSTEMPATH\Common.php(1137): CodeIgniter\View\View->render('backend/panel', [], true)
 4 APPPATH\Controllers\Home.php(20): view('backend/panel')
 5 SYSTEMPATH\CodeIgniter.php(904): App\Controllers\Home->panel()
 6 SYSTEMPATH\CodeIgniter.php(457): CodeIgniter\CodeIgniter->runController(Object(App\Controllers\Home))
 7 SYSTEMPATH\CodeIgniter.php(340): CodeIgniter\CodeIgniter->handleRequest(null, Object(Config\Cache), false)
 8 FCPATH\index.php(67): CodeIgniter\CodeIgniter->run()
CRITICAL - 2022-09-02 11:26:08 --> Invalid file: include/header.php
in SYSTEMPATH\Exceptions\FrameworkException.php on line 33.
 1 SYSTEMPATH\View\View.php(201): CodeIgniter\Exceptions\FrameworkException::forInvalidFile('include/header.php')
 2 SYSTEMPATH\View\View.php(229): CodeIgniter\View\View->render('include/header', [], true)
 3 SYSTEMPATH\Common.php(1137): CodeIgniter\View\View->render('backend/panel', [], true)
 4 APPPATH\Controllers\Home.php(20): view('backend/panel')
 5 SYSTEMPATH\CodeIgniter.php(904): App\Controllers\Home->panel()
 6 SYSTEMPATH\CodeIgniter.php(457): CodeIgniter\CodeIgniter->runController(Object(App\Controllers\Home))
 7 SYSTEMPATH\CodeIgniter.php(340): CodeIgniter\CodeIgniter->handleRequest(null, Object(Config\Cache), false)
 8 FCPATH\index.php(67): CodeIgniter\CodeIgniter->run()
CRITICAL - 2022-09-02 11:26:59 --> Invalid file: include/header.php
in SYSTEMPATH\Exceptions\FrameworkException.php on line 33.
 1 SYSTEMPATH\View\View.php(201): CodeIgniter\Exceptions\FrameworkException::forInvalidFile('include/header.php')
 2 SYSTEMPATH\View\View.php(429): CodeIgniter\View\View->render('include/header', null, true)
 3 APPPATH\Views\backend\panel.php(1): CodeIgniter\View\View->include('include/header')
 4 SYSTEMPATH\View\View.php(213): include('APPPATH\\Views\\backend\\panel.php')
 5 SYSTEMPATH\View\View.php(216): CodeIgniter\View\View->CodeIgniter\View\{closure}()
 6 SYSTEMPATH\Common.php(1137): CodeIgniter\View\View->render('backend/panel', [], true)
 7 APPPATH\Controllers\Home.php(20): view('backend/panel')
 8 SYSTEMPATH\CodeIgniter.php(904): App\Controllers\Home->panel()
 9 SYSTEMPATH\CodeIgniter.php(457): CodeIgniter\CodeIgniter->runController(Object(App\Controllers\Home))
10 SYSTEMPATH\CodeIgniter.php(340): CodeIgniter\CodeIgniter->handleRequest(null, Object(Config\Cache), false)
11 FCPATH\index.php(67): CodeIgniter\CodeIgniter->run()
CRITICAL - 2022-09-02 11:26:59 --> Invalid file: include/header.php
in SYSTEMPATH\Exceptions\FrameworkException.php on line 33.
 1 SYSTEMPATH\View\View.php(201): CodeIgniter\Exceptions\FrameworkException::forInvalidFile('include/header.php')
 2 SYSTEMPATH\View\View.php(429): CodeIgniter\View\View->render('include/header', null, true)
 3 APPPATH\Views\backend\panel.php(1): CodeIgniter\View\View->include('include/header')
 4 SYSTEMPATH\View\View.php(213): include('APPPATH\\Views\\backend\\panel.php')
 5 SYSTEMPATH\View\View.php(216): CodeIgniter\View\View->CodeIgniter\View\{closure}()
 6 SYSTEMPATH\Common.php(1137): CodeIgniter\View\View->render('backend/panel', [], true)
 7 APPPATH\Controllers\Home.php(20): view('backend/panel')
 8 SYSTEMPATH\CodeIgniter.php(904): App\Controllers\Home->panel()
 9 SYSTEMPATH\CodeIgniter.php(457): CodeIgniter\CodeIgniter->runController(Object(App\Controllers\Home))
10 SYSTEMPATH\CodeIgniter.php(340): CodeIgniter\CodeIgniter->handleRequest(null, Object(Config\Cache), false)
11 FCPATH\index.php(67): CodeIgniter\CodeIgniter->run()
CRITICAL - 2022-09-02 11:27:00 --> Invalid file: include/header.php
in SYSTEMPATH\Exceptions\FrameworkException.php on line 33.
 1 SYSTEMPATH\View\View.php(201): CodeIgniter\Exceptions\FrameworkException::forInvalidFile('include/header.php')
 2 SYSTEMPATH\View\View.php(429): CodeIgniter\View\View->render('include/header', null, true)
 3 APPPATH\Views\backend\panel.php(1): CodeIgniter\View\View->include('include/header')
 4 SYSTEMPATH\View\View.php(213): include('APPPATH\\Views\\backend\\panel.php')
 5 SYSTEMPATH\View\View.php(216): CodeIgniter\View\View->CodeIgniter\View\{closure}()
 6 SYSTEMPATH\Common.php(1137): CodeIgniter\View\View->render('backend/panel', [], true)
 7 APPPATH\Controllers\Home.php(20): view('backend/panel')
 8 SYSTEMPATH\CodeIgniter.php(904): App\Controllers\Home->panel()
 9 SYSTEMPATH\CodeIgniter.php(457): CodeIgniter\CodeIgniter->runController(Object(App\Controllers\Home))
10 SYSTEMPATH\CodeIgniter.php(340): CodeIgniter\CodeIgniter->handleRequest(null, Object(Config\Cache), false)
11 FCPATH\index.php(67): CodeIgniter\CodeIgniter->run()
CRITICAL - 2022-09-02 11:27:05 --> Invalid file: include/header.php
in SYSTEMPATH\Exceptions\FrameworkException.php on line 33.
 1 SYSTEMPATH\View\View.php(201): CodeIgniter\Exceptions\FrameworkException::forInvalidFile('include/header.php')
 2 SYSTEMPATH\View\View.php(429): CodeIgniter\View\View->render('include/header', null, true)
 3 APPPATH\Views\backend\panel.php(1): CodeIgniter\View\View->include('include/header')
 4 SYSTEMPATH\View\View.php(213): include('APPPATH\\Views\\backend\\panel.php')
 5 SYSTEMPATH\View\View.php(216): CodeIgniter\View\View->CodeIgniter\View\{closure}()
 6 SYSTEMPATH\Common.php(1137): CodeIgniter\View\View->render('backend/panel', [], true)
 7 APPPATH\Controllers\Home.php(20): view('backend/panel')
 8 SYSTEMPATH\CodeIgniter.php(904): App\Controllers\Home->panel()
 9 SYSTEMPATH\CodeIgniter.php(457): CodeIgniter\CodeIgniter->runController(Object(App\Controllers\Home))
10 SYSTEMPATH\CodeIgniter.php(340): CodeIgniter\CodeIgniter->handleRequest(null, Object(Config\Cache), false)
11 FCPATH\index.php(67): CodeIgniter\CodeIgniter->run()
CRITICAL - 2022-09-02 11:27:06 --> Invalid file: include/header.php
in SYSTEMPATH\Exceptions\FrameworkException.php on line 33.
 1 SYSTEMPATH\View\View.php(201): CodeIgniter\Exceptions\FrameworkException::forInvalidFile('include/header.php')
 2 SYSTEMPATH\View\View.php(429): CodeIgniter\View\View->render('include/header', null, true)
 3 APPPATH\Views\backend\panel.php(1): CodeIgniter\View\View->include('include/header')
 4 SYSTEMPATH\View\View.php(213): include('APPPATH\\Views\\backend\\panel.php')
 5 SYSTEMPATH\View\View.php(216): CodeIgniter\View\View->CodeIgniter\View\{closure}()
 6 SYSTEMPATH\Common.php(1137): CodeIgniter\View\View->render('backend/panel', [], true)
 7 APPPATH\Controllers\Home.php(20): view('backend/panel')
 8 SYSTEMPATH\CodeIgniter.php(904): App\Controllers\Home->panel()
 9 SYSTEMPATH\CodeIgniter.php(457): CodeIgniter\CodeIgniter->runController(Object(App\Controllers\Home))
10 SYSTEMPATH\CodeIgniter.php(340): CodeIgniter\CodeIgniter->handleRequest(null, Object(Config\Cache), false)
11 FCPATH\index.php(67): CodeIgniter\CodeIgniter->run()
CRITICAL - 2022-09-02 11:27:06 --> Invalid file: include/header.php
in SYSTEMPATH\Exceptions\FrameworkException.php on line 33.
 1 SYSTEMPATH\View\View.php(201): CodeIgniter\Exceptions\FrameworkException::forInvalidFile('include/header.php')
 2 SYSTEMPATH\View\View.php(429): CodeIgniter\View\View->render('include/header', null, true)
 3 APPPATH\Views\backend\panel.php(1): CodeIgniter\View\View->include('include/header')
 4 SYSTEMPATH\View\View.php(213): include('APPPATH\\Views\\backend\\panel.php')
 5 SYSTEMPATH\View\View.php(216): CodeIgniter\View\View->CodeIgniter\View\{closure}()
 6 SYSTEMPATH\Common.php(1137): CodeIgniter\View\View->render('backend/panel', [], true)
 7 APPPATH\Controllers\Home.php(20): view('backend/panel')
 8 SYSTEMPATH\CodeIgniter.php(904): App\Controllers\Home->panel()
 9 SYSTEMPATH\CodeIgniter.php(457): CodeIgniter\CodeIgniter->runController(Object(App\Controllers\Home))
10 SYSTEMPATH\CodeIgniter.php(340): CodeIgniter\CodeIgniter->handleRequest(null, Object(Config\Cache), false)
11 FCPATH\index.php(67): CodeIgniter\CodeIgniter->run()
CRITICAL - 2022-09-02 11:27:23 --> Invalid file: include/leftmenu.php
in SYSTEMPATH\Exceptions\FrameworkException.php on line 33.
 1 SYSTEMPATH\View\View.php(201): CodeIgniter\Exceptions\FrameworkException::forInvalidFile('include/leftmenu.php')
 2 SYSTEMPATH\View\View.php(429): CodeIgniter\View\View->render('include/leftmenu', null, true)
 3 APPPATH\Views\backend\panel.php(1): CodeIgniter\View\View->include('include/leftmenu')
 4 SYSTEMPATH\View\View.php(213): include('APPPATH\\Views\\backend\\panel.php')
 5 SYSTEMPATH\View\View.php(216): CodeIgniter\View\View->CodeIgniter\View\{closure}()
 6 SYSTEMPATH\Common.php(1137): CodeIgniter\View\View->render('backend/panel', [], true)
 7 APPPATH\Controllers\Home.php(20): view('backend/panel')
 8 SYSTEMPATH\CodeIgniter.php(904): App\Controllers\Home->panel()
 9 SYSTEMPATH\CodeIgniter.php(457): CodeIgniter\CodeIgniter->runController(Object(App\Controllers\Home))
10 SYSTEMPATH\CodeIgniter.php(340): CodeIgniter\CodeIgniter->handleRequest(null, Object(Config\Cache), false)
11 FCPATH\index.php(67): CodeIgniter\CodeIgniter->run()
CRITICAL - 2022-09-02 11:27:23 --> Invalid file: include/leftmenu.php
in SYSTEMPATH\Exceptions\FrameworkException.php on line 33.
 1 SYSTEMPATH\View\View.php(201): CodeIgniter\Exceptions\FrameworkException::forInvalidFile('include/leftmenu.php')
 2 SYSTEMPATH\View\View.php(429): CodeIgniter\View\View->render('include/leftmenu', null, true)
 3 APPPATH\Views\backend\panel.php(1): CodeIgniter\View\View->include('include/leftmenu')
 4 SYSTEMPATH\View\View.php(213): include('APPPATH\\Views\\backend\\panel.php')
 5 SYSTEMPATH\View\View.php(216): CodeIgniter\View\View->CodeIgniter\View\{closure}()
 6 SYSTEMPATH\Common.php(1137): CodeIgniter\View\View->render('backend/panel', [], true)
 7 APPPATH\Controllers\Home.php(20): view('backend/panel')
 8 SYSTEMPATH\CodeIgniter.php(904): App\Controllers\Home->panel()
 9 SYSTEMPATH\CodeIgniter.php(457): CodeIgniter\CodeIgniter->runController(Object(App\Controllers\Home))
10 SYSTEMPATH\CodeIgniter.php(340): CodeIgniter\CodeIgniter->handleRequest(null, Object(Config\Cache), false)
11 FCPATH\index.php(67): CodeIgniter\CodeIgniter->run()
CRITICAL - 2022-09-02 11:27:24 --> Invalid file: include/leftmenu.php
in SYSTEMPATH\Exceptions\FrameworkException.php on line 33.
 1 SYSTEMPATH\View\View.php(201): CodeIgniter\Exceptions\FrameworkException::forInvalidFile('include/leftmenu.php')
 2 SYSTEMPATH\View\View.php(429): CodeIgniter\View\View->render('include/leftmenu', null, true)
 3 APPPATH\Views\backend\panel.php(1): CodeIgniter\View\View->include('include/leftmenu')
 4 SYSTEMPATH\View\View.php(213): include('APPPATH\\Views\\backend\\panel.php')
 5 SYSTEMPATH\View\View.php(216): CodeIgniter\View\View->CodeIgniter\View\{closure}()
 6 SYSTEMPATH\Common.php(1137): CodeIgniter\View\View->render('backend/panel', [], true)
 7 APPPATH\Controllers\Home.php(20): view('backend/panel')
 8 SYSTEMPATH\CodeIgniter.php(904): App\Controllers\Home->panel()
 9 SYSTEMPATH\CodeIgniter.php(457): CodeIgniter\CodeIgniter->runController(Object(App\Controllers\Home))
10 SYSTEMPATH\CodeIgniter.php(340): CodeIgniter\CodeIgniter->handleRequest(null, Object(Config\Cache), false)
11 FCPATH\index.php(67): CodeIgniter\CodeIgniter->run()
CRITICAL - 2022-09-02 11:27:56 --> Invalid file: include/header.php
in SYSTEMPATH\Exceptions\FrameworkException.php on line 33.
 1 SYSTEMPATH\View\View.php(201): CodeIgniter\Exceptions\FrameworkException::forInvalidFile('include/header.php')
 2 SYSTEMPATH\View\View.php(429): CodeIgniter\View\View->render('include/header', null, true)
 3 APPPATH\Views\backend\panel.php(1): CodeIgniter\View\View->include('include/header')
 4 SYSTEMPATH\View\View.php(213): include('APPPATH\\Views\\backend\\panel.php')
 5 SYSTEMPATH\View\View.php(216): CodeIgniter\View\View->CodeIgniter\View\{closure}()
 6 SYSTEMPATH\Common.php(1137): CodeIgniter\View\View->render('backend/panel', [], true)
 7 APPPATH\Controllers\Home.php(20): view('backend/panel')
 8 SYSTEMPATH\CodeIgniter.php(904): App\Controllers\Home->panel()
 9 SYSTEMPATH\CodeIgniter.php(457): CodeIgniter\CodeIgniter->runController(Object(App\Controllers\Home))
10 SYSTEMPATH\CodeIgniter.php(340): CodeIgniter\CodeIgniter->handleRequest(null, Object(Config\Cache), false)
11 FCPATH\index.php(67): CodeIgniter\CodeIgniter->run()
CRITICAL - 2022-09-02 11:27:56 --> Invalid file: include/header.php
in SYSTEMPATH\Exceptions\FrameworkException.php on line 33.
 1 SYSTEMPATH\View\View.php(201): CodeIgniter\Exceptions\FrameworkException::forInvalidFile('include/header.php')
 2 SYSTEMPATH\View\View.php(429): CodeIgniter\View\View->render('include/header', null, true)
 3 APPPATH\Views\backend\panel.php(1): CodeIgniter\View\View->include('include/header')
 4 SYSTEMPATH\View\View.php(213): include('APPPATH\\Views\\backend\\panel.php')
 5 SYSTEMPATH\View\View.php(216): CodeIgniter\View\View->CodeIgniter\View\{closure}()
 6 SYSTEMPATH\Common.php(1137): CodeIgniter\View\View->render('backend/panel', [], true)
 7 APPPATH\Controllers\Home.php(20): view('backend/panel')
 8 SYSTEMPATH\CodeIgniter.php(904): App\Controllers\Home->panel()
 9 SYSTEMPATH\CodeIgniter.php(457): CodeIgniter\CodeIgniter->runController(Object(App\Controllers\Home))
10 SYSTEMPATH\CodeIgniter.php(340): CodeIgniter\CodeIgniter->handleRequest(null, Object(Config\Cache), false)
11 FCPATH\index.php(67): CodeIgniter\CodeIgniter->run()
CRITICAL - 2022-09-02 11:27:57 --> Invalid file: include/header.php
in SYSTEMPATH\Exceptions\FrameworkException.php on line 33.
 1 SYSTEMPATH\View\View.php(201): CodeIgniter\Exceptions\FrameworkException::forInvalidFile('include/header.php')
 2 SYSTEMPATH\View\View.php(429): CodeIgniter\View\View->render('include/header', null, true)
 3 APPPATH\Views\backend\panel.php(1): CodeIgniter\View\View->include('include/header')
 4 SYSTEMPATH\View\View.php(213): include('APPPATH\\Views\\backend\\panel.php')
 5 SYSTEMPATH\View\View.php(216): CodeIgniter\View\View->CodeIgniter\View\{closure}()
 6 SYSTEMPATH\Common.php(1137): CodeIgniter\View\View->render('backend/panel', [], true)
 7 APPPATH\Controllers\Home.php(20): view('backend/panel')
 8 SYSTEMPATH\CodeIgniter.php(904): App\Controllers\Home->panel()
 9 SYSTEMPATH\CodeIgniter.php(457): CodeIgniter\CodeIgniter->runController(Object(App\Controllers\Home))
10 SYSTEMPATH\CodeIgniter.php(340): CodeIgniter\CodeIgniter->handleRequest(null, Object(Config\Cache), false)
11 FCPATH\index.php(67): CodeIgniter\CodeIgniter->run()
CRITICAL - 2022-09-02 11:27:57 --> Invalid file: include/header.php
in SYSTEMPATH\Exceptions\FrameworkException.php on line 33.
 1 SYSTEMPATH\View\View.php(201): CodeIgniter\Exceptions\FrameworkException::forInvalidFile('include/header.php')
 2 SYSTEMPATH\View\View.php(429): CodeIgniter\View\View->render('include/header', null, true)
 3 APPPATH\Views\backend\panel.php(1): CodeIgniter\View\View->include('include/header')
 4 SYSTEMPATH\View\View.php(213): include('APPPATH\\Views\\backend\\panel.php')
 5 SYSTEMPATH\View\View.php(216): CodeIgniter\View\View->CodeIgniter\View\{closure}()
 6 SYSTEMPATH\Common.php(1137): CodeIgniter\View\View->render('backend/panel', [], true)
 7 APPPATH\Controllers\Home.php(20): view('backend/panel')
 8 SYSTEMPATH\CodeIgniter.php(904): App\Controllers\Home->panel()
 9 SYSTEMPATH\CodeIgniter.php(457): CodeIgniter\CodeIgniter->runController(Object(App\Controllers\Home))
10 SYSTEMPATH\CodeIgniter.php(340): CodeIgniter\CodeIgniter->handleRequest(null, Object(Config\Cache), false)
11 FCPATH\index.php(67): CodeIgniter\CodeIgniter->run()
CRITICAL - 2022-09-02 11:27:57 --> Invalid file: include/header.php
in SYSTEMPATH\Exceptions\FrameworkException.php on line 33.
 1 SYSTEMPATH\View\View.php(201): CodeIgniter\Exceptions\FrameworkException::forInvalidFile('include/header.php')
 2 SYSTEMPATH\View\View.php(429): CodeIgniter\View\View->render('include/header', null, true)
 3 APPPATH\Views\backend\panel.php(1): CodeIgniter\View\View->include('include/header')
 4 SYSTEMPATH\View\View.php(213): include('APPPATH\\Views\\backend\\panel.php')
 5 SYSTEMPATH\View\View.php(216): CodeIgniter\View\View->CodeIgniter\View\{closure}()
 6 SYSTEMPATH\Common.php(1137): CodeIgniter\View\View->render('backend/panel', [], true)
 7 APPPATH\Controllers\Home.php(20): view('backend/panel')
 8 SYSTEMPATH\CodeIgniter.php(904): App\Controllers\Home->panel()
 9 SYSTEMPATH\CodeIgniter.php(457): CodeIgniter\CodeIgniter->runController(Object(App\Controllers\Home))
10 SYSTEMPATH\CodeIgniter.php(340): CodeIgniter\CodeIgniter->handleRequest(null, Object(Config\Cache), false)
11 FCPATH\index.php(67): CodeIgniter\CodeIgniter->run()
CRITICAL - 2022-09-02 11:27:57 --> Invalid file: include/header.php
in SYSTEMPATH\Exceptions\FrameworkException.php on line 33.
 1 SYSTEMPATH\View\View.php(201): CodeIgniter\Exceptions\FrameworkException::forInvalidFile('include/header.php')
 2 SYSTEMPATH\View\View.php(429): CodeIgniter\View\View->render('include/header', null, true)
 3 APPPATH\Views\backend\panel.php(1): CodeIgniter\View\View->include('include/header')
 4 SYSTEMPATH\View\View.php(213): include('APPPATH\\Views\\backend\\panel.php')
 5 SYSTEMPATH\View\View.php(216): CodeIgniter\View\View->CodeIgniter\View\{closure}()
 6 SYSTEMPATH\Common.php(1137): CodeIgniter\View\View->render('backend/panel', [], true)
 7 APPPATH\Controllers\Home.php(20): view('backend/panel')
 8 SYSTEMPATH\CodeIgniter.php(904): App\Controllers\Home->panel()
 9 SYSTEMPATH\CodeIgniter.php(457): CodeIgniter\CodeIgniter->runController(Object(App\Controllers\Home))
10 SYSTEMPATH\CodeIgniter.php(340): CodeIgniter\CodeIgniter->handleRequest(null, Object(Config\Cache), false)
11 FCPATH\index.php(67): CodeIgniter\CodeIgniter->run()
CRITICAL - 2022-09-02 11:31:05 --> Invalid file: include/header.php
in SYSTEMPATH\Exceptions\FrameworkException.php on line 33.
 1 SYSTEMPATH\View\View.php(201): CodeIgniter\Exceptions\FrameworkException::forInvalidFile('include/header.php')
 2 SYSTEMPATH\View\View.php(429): CodeIgniter\View\View->render('include/header', null, true)
 3 APPPATH\Views\backend\panel.php(1): CodeIgniter\View\View->include('include/header')
 4 SYSTEMPATH\View\View.php(213): include('APPPATH\\Views\\backend\\panel.php')
 5 SYSTEMPATH\View\View.php(216): CodeIgniter\View\View->CodeIgniter\View\{closure}()
 6 SYSTEMPATH\Common.php(1137): CodeIgniter\View\View->render('backend/panel', [], true)
 7 APPPATH\Controllers\Home.php(20): view('backend/panel')
 8 SYSTEMPATH\CodeIgniter.php(904): App\Controllers\Home->panel()
 9 SYSTEMPATH\CodeIgniter.php(457): CodeIgniter\CodeIgniter->runController(Object(App\Controllers\Home))
10 SYSTEMPATH\CodeIgniter.php(340): CodeIgniter\CodeIgniter->handleRequest(null, Object(Config\Cache), false)
11 FCPATH\index.php(67): CodeIgniter\CodeIgniter->run()
CRITICAL - 2022-09-02 11:31:05 --> Invalid file: include/header.php
in SYSTEMPATH\Exceptions\FrameworkException.php on line 33.
 1 SYSTEMPATH\View\View.php(201): CodeIgniter\Exceptions\FrameworkException::forInvalidFile('include/header.php')
 2 SYSTEMPATH\View\View.php(429): CodeIgniter\View\View->render('include/header', null, true)
 3 APPPATH\Views\backend\panel.php(1): CodeIgniter\View\View->include('include/header')
 4 SYSTEMPATH\View\View.php(213): include('APPPATH\\Views\\backend\\panel.php')
 5 SYSTEMPATH\View\View.php(216): CodeIgniter\View\View->CodeIgniter\View\{closure}()
 6 SYSTEMPATH\Common.php(1137): CodeIgniter\View\View->render('backend/panel', [], true)
 7 APPPATH\Controllers\Home.php(20): view('backend/panel')
 8 SYSTEMPATH\CodeIgniter.php(904): App\Controllers\Home->panel()
 9 SYSTEMPATH\CodeIgniter.php(457): CodeIgniter\CodeIgniter->runController(Object(App\Controllers\Home))
10 SYSTEMPATH\CodeIgniter.php(340): CodeIgniter\CodeIgniter->handleRequest(null, Object(Config\Cache), false)
11 FCPATH\index.php(67): CodeIgniter\CodeIgniter->run()
CRITICAL - 2022-09-02 11:31:06 --> Invalid file: include/header.php
in SYSTEMPATH\Exceptions\FrameworkException.php on line 33.
 1 SYSTEMPATH\View\View.php(201): CodeIgniter\Exceptions\FrameworkException::forInvalidFile('include/header.php')
 2 SYSTEMPATH\View\View.php(429): CodeIgniter\View\View->render('include/header', null, true)
 3 APPPATH\Views\backend\panel.php(1): CodeIgniter\View\View->include('include/header')
 4 SYSTEMPATH\View\View.php(213): include('APPPATH\\Views\\backend\\panel.php')
 5 SYSTEMPATH\View\View.php(216): CodeIgniter\View\View->CodeIgniter\View\{closure}()
 6 SYSTEMPATH\Common.php(1137): CodeIgniter\View\View->render('backend/panel', [], true)
 7 APPPATH\Controllers\Home.php(20): view('backend/panel')
 8 SYSTEMPATH\CodeIgniter.php(904): App\Controllers\Home->panel()
 9 SYSTEMPATH\CodeIgniter.php(457): CodeIgniter\CodeIgniter->runController(Object(App\Controllers\Home))
10 SYSTEMPATH\CodeIgniter.php(340): CodeIgniter\CodeIgniter->handleRequest(null, Object(Config\Cache), false)
11 FCPATH\index.php(67): CodeIgniter\CodeIgniter->run()
CRITICAL - 2022-09-02 11:31:06 --> Invalid file: include/header.php
in SYSTEMPATH\Exceptions\FrameworkException.php on line 33.
 1 SYSTEMPATH\View\View.php(201): CodeIgniter\Exceptions\FrameworkException::forInvalidFile('include/header.php')
 2 SYSTEMPATH\View\View.php(429): CodeIgniter\View\View->render('include/header', null, true)
 3 APPPATH\Views\backend\panel.php(1): CodeIgniter\View\View->include('include/header')
 4 SYSTEMPATH\View\View.php(213): include('APPPATH\\Views\\backend\\panel.php')
 5 SYSTEMPATH\View\View.php(216): CodeIgniter\View\View->CodeIgniter\View\{closure}()
 6 SYSTEMPATH\Common.php(1137): CodeIgniter\View\View->render('backend/panel', [], true)
 7 APPPATH\Controllers\Home.php(20): view('backend/panel')
 8 SYSTEMPATH\CodeIgniter.php(904): App\Controllers\Home->panel()
 9 SYSTEMPATH\CodeIgniter.php(457): CodeIgniter\CodeIgniter->runController(Object(App\Controllers\Home))
10 SYSTEMPATH\CodeIgniter.php(340): CodeIgniter\CodeIgniter->handleRequest(null, Object(Config\Cache), false)
11 FCPATH\index.php(67): CodeIgniter\CodeIgniter->run()
CRITICAL - 2022-09-02 11:31:06 --> Invalid file: include/header.php
in SYSTEMPATH\Exceptions\FrameworkException.php on line 33.
 1 SYSTEMPATH\View\View.php(201): CodeIgniter\Exceptions\FrameworkException::forInvalidFile('include/header.php')
 2 SYSTEMPATH\View\View.php(429): CodeIgniter\View\View->render('include/header', null, true)
 3 APPPATH\Views\backend\panel.php(1): CodeIgniter\View\View->include('include/header')
 4 SYSTEMPATH\View\View.php(213): include('APPPATH\\Views\\backend\\panel.php')
 5 SYSTEMPATH\View\View.php(216): CodeIgniter\View\View->CodeIgniter\View\{closure}()
 6 SYSTEMPATH\Common.php(1137): CodeIgniter\View\View->render('backend/panel', [], true)
 7 APPPATH\Controllers\Home.php(20): view('backend/panel')
 8 SYSTEMPATH\CodeIgniter.php(904): App\Controllers\Home->panel()
 9 SYSTEMPATH\CodeIgniter.php(457): CodeIgniter\CodeIgniter->runController(Object(App\Controllers\Home))
10 SYSTEMPATH\CodeIgniter.php(340): CodeIgniter\CodeIgniter->handleRequest(null, Object(Config\Cache), false)
11 FCPATH\index.php(67): CodeIgniter\CodeIgniter->run()
CRITICAL - 2022-09-02 11:31:43 --> Invalid file: include/header.php
in SYSTEMPATH\Exceptions\FrameworkException.php on line 33.
 1 SYSTEMPATH\View\View.php(201): CodeIgniter\Exceptions\FrameworkException::forInvalidFile('include/header.php')
 2 SYSTEMPATH\View\View.php(429): CodeIgniter\View\View->render('include/header', null, true)
 3 APPPATH\Views\backend\panel.php(1): CodeIgniter\View\View->include('include/header')
 4 SYSTEMPATH\View\View.php(213): include('APPPATH\\Views\\backend\\panel.php')
 5 SYSTEMPATH\View\View.php(216): CodeIgniter\View\View->CodeIgniter\View\{closure}()
 6 SYSTEMPATH\Common.php(1137): CodeIgniter\View\View->render('backend/panel', [], true)
 7 APPPATH\Controllers\Home.php(20): view('backend/panel')
 8 SYSTEMPATH\CodeIgniter.php(904): App\Controllers\Home->panel()
 9 SYSTEMPATH\CodeIgniter.php(457): CodeIgniter\CodeIgniter->runController(Object(App\Controllers\Home))
10 SYSTEMPATH\CodeIgniter.php(340): CodeIgniter\CodeIgniter->handleRequest(null, Object(Config\Cache), false)
11 FCPATH\index.php(67): CodeIgniter\CodeIgniter->run()
CRITICAL - 2022-09-02 11:32:58 --> Invalid file: include/leftmenu.php
in SYSTEMPATH\Exceptions\FrameworkException.php on line 33.
 1 SYSTEMPATH\View\View.php(201): CodeIgniter\Exceptions\FrameworkException::forInvalidFile('include/leftmenu.php')
 2 SYSTEMPATH\View\View.php(429): CodeIgniter\View\View->render('include/leftmenu', null, true)
 3 APPPATH\Views\backend\panel.php(155): CodeIgniter\View\View->include('include/leftmenu')
 4 SYSTEMPATH\View\View.php(213): include('APPPATH\\Views\\backend\\panel.php')
 5 SYSTEMPATH\View\View.php(216): CodeIgniter\View\View->CodeIgniter\View\{closure}()
 6 SYSTEMPATH\Common.php(1137): CodeIgniter\View\View->render('backend/panel', [], true)
 7 APPPATH\Controllers\Home.php(20): view('backend/panel')
 8 SYSTEMPATH\CodeIgniter.php(904): App\Controllers\Home->panel()
 9 SYSTEMPATH\CodeIgniter.php(457): CodeIgniter\CodeIgniter->runController(Object(App\Controllers\Home))
10 SYSTEMPATH\CodeIgniter.php(340): CodeIgniter\CodeIgniter->handleRequest(null, Object(Config\Cache), false)
11 FCPATH\index.php(67): CodeIgniter\CodeIgniter->run()
CRITICAL - 2022-09-02 11:32:59 --> Invalid file: include/leftmenu.php
in SYSTEMPATH\Exceptions\FrameworkException.php on line 33.
 1 SYSTEMPATH\View\View.php(201): CodeIgniter\Exceptions\FrameworkException::forInvalidFile('include/leftmenu.php')
 2 SYSTEMPATH\View\View.php(429): CodeIgniter\View\View->render('include/leftmenu', null, true)
 3 APPPATH\Views\backend\panel.php(155): CodeIgniter\View\View->include('include/leftmenu')
 4 SYSTEMPATH\View\View.php(213): include('APPPATH\\Views\\backend\\panel.php')
 5 SYSTEMPATH\View\View.php(216): CodeIgniter\View\View->CodeIgniter\View\{closure}()
 6 SYSTEMPATH\Common.php(1137): CodeIgniter\View\View->render('backend/panel', [], true)
 7 APPPATH\Controllers\Home.php(20): view('backend/panel')
 8 SYSTEMPATH\CodeIgniter.php(904): App\Controllers\Home->panel()
 9 SYSTEMPATH\CodeIgniter.php(457): CodeIgniter\CodeIgniter->runController(Object(App\Controllers\Home))
10 SYSTEMPATH\CodeIgniter.php(340): CodeIgniter\CodeIgniter->handleRequest(null, Object(Config\Cache), false)
11 FCPATH\index.php(67): CodeIgniter\CodeIgniter->run()
CRITICAL - 2022-09-02 15:11:14 --> Invalid file: include/header.php
in SYSTEMPATH\Exceptions\FrameworkException.php on line 33.
 1 SYSTEMPATH\View\View.php(201): CodeIgniter\Exceptions\FrameworkException::forInvalidFile('include/header.php')
 2 SYSTEMPATH\View\View.php(429): CodeIgniter\View\View->render('include/header', null, true)
 3 APPPATH\Views\menu.php(1): CodeIgniter\View\View->include('include/header')
 4 SYSTEMPATH\View\View.php(213): include('APPPATH\\Views\\menu.php')
 5 SYSTEMPATH\View\View.php(216): CodeIgniter\View\View->CodeIgniter\View\{closure}()
 6 SYSTEMPATH\Common.php(1137): CodeIgniter\View\View->render('menu', [], true)
 7 APPPATH\Controllers\Home.php(14): view('menu', [...])
 8 SYSTEMPATH\CodeIgniter.php(904): App\Controllers\Home->index()
 9 SYSTEMPATH\CodeIgniter.php(457): CodeIgniter\CodeIgniter->runController(Object(App\Controllers\Home))
10 SYSTEMPATH\CodeIgniter.php(340): CodeIgniter\CodeIgniter->handleRequest(null, Object(Config\Cache), false)
11 FCPATH\index.php(67): CodeIgniter\CodeIgniter->run()
CRITICAL - 2022-09-02 15:11:18 --> Invalid file: include/header.php
in SYSTEMPATH\Exceptions\FrameworkException.php on line 33.
 1 SYSTEMPATH\View\View.php(201): CodeIgniter\Exceptions\FrameworkException::forInvalidFile('include/header.php')
 2 SYSTEMPATH\View\View.php(429): CodeIgniter\View\View->render('include/header', null, true)
 3 APPPATH\Views\menu.php(1): CodeIgniter\View\View->include('include/header')
 4 SYSTEMPATH\View\View.php(213): include('APPPATH\\Views\\menu.php')
 5 SYSTEMPATH\View\View.php(216): CodeIgniter\View\View->CodeIgniter\View\{closure}()
 6 SYSTEMPATH\Common.php(1137): CodeIgniter\View\View->render('menu', [], true)
 7 APPPATH\Controllers\Home.php(14): view('menu', [...])
 8 SYSTEMPATH\CodeIgniter.php(904): App\Controllers\Home->index()
 9 SYSTEMPATH\CodeIgniter.php(457): CodeIgniter\CodeIgniter->runController(Object(App\Controllers\Home))
10 SYSTEMPATH\CodeIgniter.php(340): CodeIgniter\CodeIgniter->handleRequest(null, Object(Config\Cache), false)
11 FCPATH\index.php(67): CodeIgniter\CodeIgniter->run()
CRITICAL - 2022-09-02 15:11:24 --> Invalid file: include/header.php
in SYSTEMPATH\Exceptions\FrameworkException.php on line 33.
 1 SYSTEMPATH\View\View.php(201): CodeIgniter\Exceptions\FrameworkException::forInvalidFile('include/header.php')
 2 SYSTEMPATH\View\View.php(429): CodeIgniter\View\View->render('include/header', null, true)
 3 APPPATH\Views\menu.php(1): CodeIgniter\View\View->include('include/header')
 4 SYSTEMPATH\View\View.php(213): include('APPPATH\\Views\\menu.php')
 5 SYSTEMPATH\View\View.php(216): CodeIgniter\View\View->CodeIgniter\View\{closure}()
 6 SYSTEMPATH\Common.php(1137): CodeIgniter\View\View->render('menu', [], true)
 7 APPPATH\Controllers\Home.php(14): view('menu', [...])
 8 SYSTEMPATH\CodeIgniter.php(904): App\Controllers\Home->index()
 9 SYSTEMPATH\CodeIgniter.php(457): CodeIgniter\CodeIgniter->runController(Object(App\Controllers\Home))
10 SYSTEMPATH\CodeIgniter.php(340): CodeIgniter\CodeIgniter->handleRequest(null, Object(Config\Cache), false)
11 FCPATH\index.php(67): CodeIgniter\CodeIgniter->run()
CRITICAL - 2022-09-02 15:17:44 --> Invalid file: include/header.php
in SYSTEMPATH\Exceptions\FrameworkException.php on line 33.
 1 SYSTEMPATH\View\View.php(201): CodeIgniter\Exceptions\FrameworkException::forInvalidFile('include/header.php')
 2 SYSTEMPATH\View\View.php(429): CodeIgniter\View\View->render('include/header', null, true)
 3 APPPATH\Views\backend\panel.php(1): CodeIgniter\View\View->include('include/header')
 4 SYSTEMPATH\View\View.php(213): include('APPPATH\\Views\\backend\\panel.php')
 5 SYSTEMPATH\View\View.php(216): CodeIgniter\View\View->CodeIgniter\View\{closure}()
 6 SYSTEMPATH\Common.php(1137): CodeIgniter\View\View->render('backend/panel', [], true)
 7 APPPATH\Controllers\Home.php(20): view('backend/panel')
 8 SYSTEMPATH\CodeIgniter.php(904): App\Controllers\Home->panel()
 9 SYSTEMPATH\CodeIgniter.php(457): CodeIgniter\CodeIgniter->runController(Object(App\Controllers\Home))
10 SYSTEMPATH\CodeIgniter.php(340): CodeIgniter\CodeIgniter->handleRequest(null, Object(Config\Cache), false)
11 FCPATH\index.php(67): CodeIgniter\CodeIgniter->run()
CRITICAL - 2022-09-02 15:17:49 --> Invalid file: include/header.php
in SYSTEMPATH\Exceptions\FrameworkException.php on line 33.
 1 SYSTEMPATH\View\View.php(201): CodeIgniter\Exceptions\FrameworkException::forInvalidFile('include/header.php')
 2 SYSTEMPATH\View\View.php(429): CodeIgniter\View\View->render('include/header', null, true)
 3 APPPATH\Views\backend\panel.php(1): CodeIgniter\View\View->include('include/header')
 4 SYSTEMPATH\View\View.php(213): include('APPPATH\\Views\\backend\\panel.php')
 5 SYSTEMPATH\View\View.php(216): CodeIgniter\View\View->CodeIgniter\View\{closure}()
 6 SYSTEMPATH\Common.php(1137): CodeIgniter\View\View->render('backend/panel', [], true)
 7 APPPATH\Controllers\Home.php(20): view('backend/panel')
 8 SYSTEMPATH\CodeIgniter.php(904): App\Controllers\Home->panel()
 9 SYSTEMPATH\CodeIgniter.php(457): CodeIgniter\CodeIgniter->runController(Object(App\Controllers\Home))
10 SYSTEMPATH\CodeIgniter.php(340): CodeIgniter\CodeIgniter->handleRequest(null, Object(Config\Cache), false)
11 FCPATH\index.php(67): CodeIgniter\CodeIgniter->run()
CRITICAL - 2022-09-02 15:18:01 --> Invalid file: header.php
in SYSTEMPATH\Exceptions\FrameworkException.php on line 33.
 1 SYSTEMPATH\View\View.php(201): CodeIgniter\Exceptions\FrameworkException::forInvalidFile('header.php')
 2 SYSTEMPATH\View\View.php(429): CodeIgniter\View\View->render('header', null, true)
 3 APPPATH\Views\backend\panel.php(1): CodeIgniter\View\View->include('header')
 4 SYSTEMPATH\View\View.php(213): include('APPPATH\\Views\\backend\\panel.php')
 5 SYSTEMPATH\View\View.php(216): CodeIgniter\View\View->CodeIgniter\View\{closure}()
 6 SYSTEMPATH\Common.php(1137): CodeIgniter\View\View->render('backend/panel', [], true)
 7 APPPATH\Controllers\Home.php(20): view('backend/panel')
 8 SYSTEMPATH\CodeIgniter.php(904): App\Controllers\Home->panel()
 9 SYSTEMPATH\CodeIgniter.php(457): CodeIgniter\CodeIgniter->runController(Object(App\Controllers\Home))
10 SYSTEMPATH\CodeIgniter.php(340): CodeIgniter\CodeIgniter->handleRequest(null, Object(Config\Cache), false)
11 FCPATH\index.php(67): CodeIgniter\CodeIgniter->run()
CRITICAL - 2022-09-02 15:18:02 --> Invalid file: header.php
in SYSTEMPATH\Exceptions\FrameworkException.php on line 33.
 1 SYSTEMPATH\View\View.php(201): CodeIgniter\Exceptions\FrameworkException::forInvalidFile('header.php')
 2 SYSTEMPATH\View\View.php(429): CodeIgniter\View\View->render('header', null, true)
 3 APPPATH\Views\backend\panel.php(1): CodeIgniter\View\View->include('header')
 4 SYSTEMPATH\View\View.php(213): include('APPPATH\\Views\\backend\\panel.php')
 5 SYSTEMPATH\View\View.php(216): CodeIgniter\View\View->CodeIgniter\View\{closure}()
 6 SYSTEMPATH\Common.php(1137): CodeIgniter\View\View->render('backend/panel', [], true)
 7 APPPATH\Controllers\Home.php(20): view('backend/panel')
 8 SYSTEMPATH\CodeIgniter.php(904): App\Controllers\Home->panel()
 9 SYSTEMPATH\CodeIgniter.php(457): CodeIgniter\CodeIgniter->runController(Object(App\Controllers\Home))
10 SYSTEMPATH\CodeIgniter.php(340): CodeIgniter\CodeIgniter->handleRequest(null, Object(Config\Cache), false)
11 FCPATH\index.php(67): CodeIgniter\CodeIgniter->run()
CRITICAL - 2022-09-02 15:18:16 --> Invalid file: include/header.php
in SYSTEMPATH\Exceptions\FrameworkException.php on line 33.
 1 SYSTEMPATH\View\View.php(201): CodeIgniter\Exceptions\FrameworkException::forInvalidFile('include/header.php')
 2 SYSTEMPATH\View\View.php(429): CodeIgniter\View\View->render('include/header', null, true)
 3 APPPATH\Views\backend\panel.php(1): CodeIgniter\View\View->include('include/header')
 4 SYSTEMPATH\View\View.php(213): include('APPPATH\\Views\\backend\\panel.php')
 5 SYSTEMPATH\View\View.php(216): CodeIgniter\View\View->CodeIgniter\View\{closure}()
 6 SYSTEMPATH\Common.php(1137): CodeIgniter\View\View->render('backend/panel', [], true)
 7 APPPATH\Controllers\Home.php(20): view('backend/panel')
 8 SYSTEMPATH\CodeIgniter.php(904): App\Controllers\Home->panel()
 9 SYSTEMPATH\CodeIgniter.php(457): CodeIgniter\CodeIgniter->runController(Object(App\Controllers\Home))
10 SYSTEMPATH\CodeIgniter.php(340): CodeIgniter\CodeIgniter->handleRequest(null, Object(Config\Cache), false)
11 FCPATH\index.php(67): CodeIgniter\CodeIgniter->run()
CRITICAL - 2022-09-02 15:18:16 --> Invalid file: include/header.php
in SYSTEMPATH\Exceptions\FrameworkException.php on line 33.
 1 SYSTEMPATH\View\View.php(201): CodeIgniter\Exceptions\FrameworkException::forInvalidFile('include/header.php')
 2 SYSTEMPATH\View\View.php(429): CodeIgniter\View\View->render('include/header', null, true)
 3 APPPATH\Views\backend\panel.php(1): CodeIgniter\View\View->include('include/header')
 4 SYSTEMPATH\View\View.php(213): include('APPPATH\\Views\\backend\\panel.php')
 5 SYSTEMPATH\View\View.php(216): CodeIgniter\View\View->CodeIgniter\View\{closure}()
 6 SYSTEMPATH\Common.php(1137): CodeIgniter\View\View->render('backend/panel', [], true)
 7 APPPATH\Controllers\Home.php(20): view('backend/panel')
 8 SYSTEMPATH\CodeIgniter.php(904): App\Controllers\Home->panel()
 9 SYSTEMPATH\CodeIgniter.php(457): CodeIgniter\CodeIgniter->runController(Object(App\Controllers\Home))
10 SYSTEMPATH\CodeIgniter.php(340): CodeIgniter\CodeIgniter->handleRequest(null, Object(Config\Cache), false)
11 FCPATH\index.php(67): CodeIgniter\CodeIgniter->run()
CRITICAL - 2022-09-02 15:18:16 --> Invalid file: include/header.php
in SYSTEMPATH\Exceptions\FrameworkException.php on line 33.
 1 SYSTEMPATH\View\View.php(201): CodeIgniter\Exceptions\FrameworkException::forInvalidFile('include/header.php')
 2 SYSTEMPATH\View\View.php(429): CodeIgniter\View\View->render('include/header', null, true)
 3 APPPATH\Views\backend\panel.php(1): CodeIgniter\View\View->include('include/header')
 4 SYSTEMPATH\View\View.php(213): include('APPPATH\\Views\\backend\\panel.php')
 5 SYSTEMPATH\View\View.php(216): CodeIgniter\View\View->CodeIgniter\View\{closure}()
 6 SYSTEMPATH\Common.php(1137): CodeIgniter\View\View->render('backend/panel', [], true)
 7 APPPATH\Controllers\Home.php(20): view('backend/panel')
 8 SYSTEMPATH\CodeIgniter.php(904): App\Controllers\Home->panel()
 9 SYSTEMPATH\CodeIgniter.php(457): CodeIgniter\CodeIgniter->runController(Object(App\Controllers\Home))
10 SYSTEMPATH\CodeIgniter.php(340): CodeIgniter\CodeIgniter->handleRequest(null, Object(Config\Cache), false)
11 FCPATH\index.php(67): CodeIgniter\CodeIgniter->run()
CRITICAL - 2022-09-02 15:18:53 --> Invalid file: include/header.php
in SYSTEMPATH\Exceptions\FrameworkException.php on line 33.
 1 SYSTEMPATH\View\View.php(201): CodeIgniter\Exceptions\FrameworkException::forInvalidFile('include/header.php')
 2 SYSTEMPATH\View\View.php(429): CodeIgniter\View\View->render('include/header', null, true)
 3 APPPATH\Views\backend\panel.php(1): CodeIgniter\View\View->include('include/header')
 4 SYSTEMPATH\View\View.php(213): include('APPPATH\\Views\\backend\\panel.php')
 5 SYSTEMPATH\View\View.php(216): CodeIgniter\View\View->CodeIgniter\View\{closure}()
 6 SYSTEMPATH\Common.php(1137): CodeIgniter\View\View->render('backend/panel', [], true)
 7 APPPATH\Controllers\Home.php(20): view('backend/panel')
 8 SYSTEMPATH\CodeIgniter.php(904): App\Controllers\Home->panel()
 9 SYSTEMPATH\CodeIgniter.php(457): CodeIgniter\CodeIgniter->runController(Object(App\Controllers\Home))
10 SYSTEMPATH\CodeIgniter.php(340): CodeIgniter\CodeIgniter->handleRequest(null, Object(Config\Cache), false)
11 FCPATH\index.php(67): CodeIgniter\CodeIgniter->run()
CRITICAL - 2022-09-02 15:18:53 --> Invalid file: include/header.php
in SYSTEMPATH\Exceptions\FrameworkException.php on line 33.
 1 SYSTEMPATH\View\View.php(201): CodeIgniter\Exceptions\FrameworkException::forInvalidFile('include/header.php')
 2 SYSTEMPATH\View\View.php(429): CodeIgniter\View\View->render('include/header', null, true)
 3 APPPATH\Views\backend\panel.php(1): CodeIgniter\View\View->include('include/header')
 4 SYSTEMPATH\View\View.php(213): include('APPPATH\\Views\\backend\\panel.php')
 5 SYSTEMPATH\View\View.php(216): CodeIgniter\View\View->CodeIgniter\View\{closure}()
 6 SYSTEMPATH\Common.php(1137): CodeIgniter\View\View->render('backend/panel', [], true)
 7 APPPATH\Controllers\Home.php(20): view('backend/panel')
 8 SYSTEMPATH\CodeIgniter.php(904): App\Controllers\Home->panel()
 9 SYSTEMPATH\CodeIgniter.php(457): CodeIgniter\CodeIgniter->runController(Object(App\Controllers\Home))
10 SYSTEMPATH\CodeIgniter.php(340): CodeIgniter\CodeIgniter->handleRequest(null, Object(Config\Cache), false)
11 FCPATH\index.php(67): CodeIgniter\CodeIgniter->run()
CRITICAL - 2022-09-02 15:18:54 --> Invalid file: include/header.php
in SYSTEMPATH\Exceptions\FrameworkException.php on line 33.
 1 SYSTEMPATH\View\View.php(201): CodeIgniter\Exceptions\FrameworkException::forInvalidFile('include/header.php')
 2 SYSTEMPATH\View\View.php(429): CodeIgniter\View\View->render('include/header', null, true)
 3 APPPATH\Views\backend\panel.php(1): CodeIgniter\View\View->include('include/header')
 4 SYSTEMPATH\View\View.php(213): include('APPPATH\\Views\\backend\\panel.php')
 5 SYSTEMPATH\View\View.php(216): CodeIgniter\View\View->CodeIgniter\View\{closure}()
 6 SYSTEMPATH\Common.php(1137): CodeIgniter\View\View->render('backend/panel', [], true)
 7 APPPATH\Controllers\Home.php(20): view('backend/panel')
 8 SYSTEMPATH\CodeIgniter.php(904): App\Controllers\Home->panel()
 9 SYSTEMPATH\CodeIgniter.php(457): CodeIgniter\CodeIgniter->runController(Object(App\Controllers\Home))
10 SYSTEMPATH\CodeIgniter.php(340): CodeIgniter\CodeIgniter->handleRequest(null, Object(Config\Cache), false)
11 FCPATH\index.php(67): CodeIgniter\CodeIgniter->run()
CRITICAL - 2022-09-02 15:18:54 --> Invalid file: include/header.php
in SYSTEMPATH\Exceptions\FrameworkException.php on line 33.
 1 SYSTEMPATH\View\View.php(201): CodeIgniter\Exceptions\FrameworkException::forInvalidFile('include/header.php')
 2 SYSTEMPATH\View\View.php(429): CodeIgniter\View\View->render('include/header', null, true)
 3 APPPATH\Views\backend\panel.php(1): CodeIgniter\View\View->include('include/header')
 4 SYSTEMPATH\View\View.php(213): include('APPPATH\\Views\\backend\\panel.php')
 5 SYSTEMPATH\View\View.php(216): CodeIgniter\View\View->CodeIgniter\View\{closure}()
 6 SYSTEMPATH\Common.php(1137): CodeIgniter\View\View->render('backend/panel', [], true)
 7 APPPATH\Controllers\Home.php(20): view('backend/panel')
 8 SYSTEMPATH\CodeIgniter.php(904): App\Controllers\Home->panel()
 9 SYSTEMPATH\CodeIgniter.php(457): CodeIgniter\CodeIgniter->runController(Object(App\Controllers\Home))
10 SYSTEMPATH\CodeIgniter.php(340): CodeIgniter\CodeIgniter->handleRequest(null, Object(Config\Cache), false)
11 FCPATH\index.php(67): CodeIgniter\CodeIgniter->run()
CRITICAL - 2022-09-02 15:18:54 --> Invalid file: include/header.php
in SYSTEMPATH\Exceptions\FrameworkException.php on line 33.
 1 SYSTEMPATH\View\View.php(201): CodeIgniter\Exceptions\FrameworkException::forInvalidFile('include/header.php')
 2 SYSTEMPATH\View\View.php(429): CodeIgniter\View\View->render('include/header', null, true)
 3 APPPATH\Views\backend\panel.php(1): CodeIgniter\View\View->include('include/header')
 4 SYSTEMPATH\View\View.php(213): include('APPPATH\\Views\\backend\\panel.php')
 5 SYSTEMPATH\View\View.php(216): CodeIgniter\View\View->CodeIgniter\View\{closure}()
 6 SYSTEMPATH\Common.php(1137): CodeIgniter\View\View->render('backend/panel', [], true)
 7 APPPATH\Controllers\Home.php(20): view('backend/panel')
 8 SYSTEMPATH\CodeIgniter.php(904): App\Controllers\Home->panel()
 9 SYSTEMPATH\CodeIgniter.php(457): CodeIgniter\CodeIgniter->runController(Object(App\Controllers\Home))
10 SYSTEMPATH\CodeIgniter.php(340): CodeIgniter\CodeIgniter->handleRequest(null, Object(Config\Cache), false)
11 FCPATH\index.php(67): CodeIgniter\CodeIgniter->run()
CRITICAL - 2022-09-02 15:18:57 --> Invalid file: include/header.php
in SYSTEMPATH\Exceptions\FrameworkException.php on line 33.
 1 SYSTEMPATH\View\View.php(201): CodeIgniter\Exceptions\FrameworkException::forInvalidFile('include/header.php')
 2 SYSTEMPATH\View\View.php(429): CodeIgniter\View\View->render('include/header', null, true)
 3 APPPATH\Views\backend\panel.php(1): CodeIgniter\View\View->include('include/header')
 4 SYSTEMPATH\View\View.php(213): include('APPPATH\\Views\\backend\\panel.php')
 5 SYSTEMPATH\View\View.php(216): CodeIgniter\View\View->CodeIgniter\View\{closure}()
 6 SYSTEMPATH\Common.php(1137): CodeIgniter\View\View->render('backend/panel', [], true)
 7 APPPATH\Controllers\Home.php(20): view('backend/panel')
 8 SYSTEMPATH\CodeIgniter.php(904): App\Controllers\Home->panel()
 9 SYSTEMPATH\CodeIgniter.php(457): CodeIgniter\CodeIgniter->runController(Object(App\Controllers\Home))
10 SYSTEMPATH\CodeIgniter.php(340): CodeIgniter\CodeIgniter->handleRequest(null, Object(Config\Cache), false)
11 FCPATH\index.php(67): CodeIgniter\CodeIgniter->run()
CRITICAL - 2022-09-02 15:18:58 --> Invalid file: include/header.php
in SYSTEMPATH\Exceptions\FrameworkException.php on line 33.
 1 SYSTEMPATH\View\View.php(201): CodeIgniter\Exceptions\FrameworkException::forInvalidFile('include/header.php')
 2 SYSTEMPATH\View\View.php(429): CodeIgniter\View\View->render('include/header', null, true)
 3 APPPATH\Views\backend\panel.php(1): CodeIgniter\View\View->include('include/header')
 4 SYSTEMPATH\View\View.php(213): include('APPPATH\\Views\\backend\\panel.php')
 5 SYSTEMPATH\View\View.php(216): CodeIgniter\View\View->CodeIgniter\View\{closure}()
 6 SYSTEMPATH\Common.php(1137): CodeIgniter\View\View->render('backend/panel', [], true)
 7 APPPATH\Controllers\Home.php(20): view('backend/panel')
 8 SYSTEMPATH\CodeIgniter.php(904): App\Controllers\Home->panel()
 9 SYSTEMPATH\CodeIgniter.php(457): CodeIgniter\CodeIgniter->runController(Object(App\Controllers\Home))
10 SYSTEMPATH\CodeIgniter.php(340): CodeIgniter\CodeIgniter->handleRequest(null, Object(Config\Cache), false)
11 FCPATH\index.php(67): CodeIgniter\CodeIgniter->run()
CRITICAL - 2022-09-02 15:20:37 --> Invalid file: include/header.php
in SYSTEMPATH\Exceptions\FrameworkException.php on line 33.
 1 SYSTEMPATH\View\View.php(201): CodeIgniter\Exceptions\FrameworkException::forInvalidFile('include/header.php')
 2 SYSTEMPATH\View\View.php(429): CodeIgniter\View\View->render('include/header', null, true)
 3 APPPATH\Views\backend\panel.php(1): CodeIgniter\View\View->include('include/header')
 4 SYSTEMPATH\View\View.php(213): include('APPPATH\\Views\\backend\\panel.php')
 5 SYSTEMPATH\View\View.php(216): CodeIgniter\View\View->CodeIgniter\View\{closure}()
 6 SYSTEMPATH\Common.php(1137): CodeIgniter\View\View->render('backend/panel', [], true)
 7 APPPATH\Controllers\Home.php(20): view('backend/panel')
 8 SYSTEMPATH\CodeIgniter.php(904): App\Controllers\Home->panel()
 9 SYSTEMPATH\CodeIgniter.php(457): CodeIgniter\CodeIgniter->runController(Object(App\Controllers\Home))
10 SYSTEMPATH\CodeIgniter.php(340): CodeIgniter\CodeIgniter->handleRequest(null, Object(Config\Cache), false)
11 FCPATH\index.php(67): CodeIgniter\CodeIgniter->run()
CRITICAL - 2022-09-02 15:20:38 --> Invalid file: include/header.php
in SYSTEMPATH\Exceptions\FrameworkException.php on line 33.
 1 SYSTEMPATH\View\View.php(201): CodeIgniter\Exceptions\FrameworkException::forInvalidFile('include/header.php')
 2 SYSTEMPATH\View\View.php(429): CodeIgniter\View\View->render('include/header', null, true)
 3 APPPATH\Views\backend\panel.php(1): CodeIgniter\View\View->include('include/header')
 4 SYSTEMPATH\View\View.php(213): include('APPPATH\\Views\\backend\\panel.php')
 5 SYSTEMPATH\View\View.php(216): CodeIgniter\View\View->CodeIgniter\View\{closure}()
 6 SYSTEMPATH\Common.php(1137): CodeIgniter\View\View->render('backend/panel', [], true)
 7 APPPATH\Controllers\Home.php(20): view('backend/panel')
 8 SYSTEMPATH\CodeIgniter.php(904): App\Controllers\Home->panel()
 9 SYSTEMPATH\CodeIgniter.php(457): CodeIgniter\CodeIgniter->runController(Object(App\Controllers\Home))
10 SYSTEMPATH\CodeIgniter.php(340): CodeIgniter\CodeIgniter->handleRequest(null, Object(Config\Cache), false)
11 FCPATH\index.php(67): CodeIgniter\CodeIgniter->run()
CRITICAL - 2022-09-02 15:20:38 --> Invalid file: include/header.php
in SYSTEMPATH\Exceptions\FrameworkException.php on line 33.
 1 SYSTEMPATH\View\View.php(201): CodeIgniter\Exceptions\FrameworkException::forInvalidFile('include/header.php')
 2 SYSTEMPATH\View\View.php(429): CodeIgniter\View\View->render('include/header', null, true)
 3 APPPATH\Views\backend\panel.php(1): CodeIgniter\View\View->include('include/header')
 4 SYSTEMPATH\View\View.php(213): include('APPPATH\\Views\\backend\\panel.php')
 5 SYSTEMPATH\View\View.php(216): CodeIgniter\View\View->CodeIgniter\View\{closure}()
 6 SYSTEMPATH\Common.php(1137): CodeIgniter\View\View->render('backend/panel', [], true)
 7 APPPATH\Controllers\Home.php(20): view('backend/panel')
 8 SYSTEMPATH\CodeIgniter.php(904): App\Controllers\Home->panel()
 9 SYSTEMPATH\CodeIgniter.php(457): CodeIgniter\CodeIgniter->runController(Object(App\Controllers\Home))
10 SYSTEMPATH\CodeIgniter.php(340): CodeIgniter\CodeIgniter->handleRequest(null, Object(Config\Cache), false)
11 FCPATH\index.php(67): CodeIgniter\CodeIgniter->run()
CRITICAL - 2022-09-02 15:20:38 --> Invalid file: include/header.php
in SYSTEMPATH\Exceptions\FrameworkException.php on line 33.
 1 SYSTEMPATH\View\View.php(201): CodeIgniter\Exceptions\FrameworkException::forInvalidFile('include/header.php')
 2 SYSTEMPATH\View\View.php(429): CodeIgniter\View\View->render('include/header', null, true)
 3 APPPATH\Views\backend\panel.php(1): CodeIgniter\View\View->include('include/header')
 4 SYSTEMPATH\View\View.php(213): include('APPPATH\\Views\\backend\\panel.php')
 5 SYSTEMPATH\View\View.php(216): CodeIgniter\View\View->CodeIgniter\View\{closure}()
 6 SYSTEMPATH\Common.php(1137): CodeIgniter\View\View->render('backend/panel', [], true)
 7 APPPATH\Controllers\Home.php(20): view('backend/panel')
 8 SYSTEMPATH\CodeIgniter.php(904): App\Controllers\Home->panel()
 9 SYSTEMPATH\CodeIgniter.php(457): CodeIgniter\CodeIgniter->runController(Object(App\Controllers\Home))
10 SYSTEMPATH\CodeIgniter.php(340): CodeIgniter\CodeIgniter->handleRequest(null, Object(Config\Cache), false)
11 FCPATH\index.php(67): CodeIgniter\CodeIgniter->run()
CRITICAL - 2022-09-02 15:21:56 --> Invalid file: include/header.php
in SYSTEMPATH\Exceptions\FrameworkException.php on line 33.
 1 SYSTEMPATH\View\View.php(201): CodeIgniter\Exceptions\FrameworkException::forInvalidFile('include/header.php')
 2 SYSTEMPATH\View\View.php(429): CodeIgniter\View\View->render('include/header', null, true)
 3 APPPATH\Views\backend\panel.php(1): CodeIgniter\View\View->include('include/header')
 4 SYSTEMPATH\View\View.php(213): include('APPPATH\\Views\\backend\\panel.php')
 5 SYSTEMPATH\View\View.php(216): CodeIgniter\View\View->CodeIgniter\View\{closure}()
 6 SYSTEMPATH\Common.php(1137): CodeIgniter\View\View->render('backend/panel', [], true)
 7 APPPATH\Controllers\Home.php(23): view('backend/panel')
 8 SYSTEMPATH\CodeIgniter.php(904): App\Controllers\Home->panel()
 9 SYSTEMPATH\CodeIgniter.php(457): CodeIgniter\CodeIgniter->runController(Object(App\Controllers\Home))
10 SYSTEMPATH\CodeIgniter.php(340): CodeIgniter\CodeIgniter->handleRequest(null, Object(Config\Cache), false)
11 FCPATH\index.php(67): CodeIgniter\CodeIgniter->run()
CRITICAL - 2022-09-02 15:21:56 --> Invalid file: include/header.php
in SYSTEMPATH\Exceptions\FrameworkException.php on line 33.
 1 SYSTEMPATH\View\View.php(201): CodeIgniter\Exceptions\FrameworkException::forInvalidFile('include/header.php')
 2 SYSTEMPATH\View\View.php(429): CodeIgniter\View\View->render('include/header', null, true)
 3 APPPATH\Views\backend\panel.php(1): CodeIgniter\View\View->include('include/header')
 4 SYSTEMPATH\View\View.php(213): include('APPPATH\\Views\\backend\\panel.php')
 5 SYSTEMPATH\View\View.php(216): CodeIgniter\View\View->CodeIgniter\View\{closure}()
 6 SYSTEMPATH\Common.php(1137): CodeIgniter\View\View->render('backend/panel', [], true)
 7 APPPATH\Controllers\Home.php(23): view('backend/panel')
 8 SYSTEMPATH\CodeIgniter.php(904): App\Controllers\Home->panel()
 9 SYSTEMPATH\CodeIgniter.php(457): CodeIgniter\CodeIgniter->runController(Object(App\Controllers\Home))
10 SYSTEMPATH\CodeIgniter.php(340): CodeIgniter\CodeIgniter->handleRequest(null, Object(Config\Cache), false)
11 FCPATH\index.php(67): CodeIgniter\CodeIgniter->run()
CRITICAL - 2022-09-02 15:21:56 --> Invalid file: include/header.php
in SYSTEMPATH\Exceptions\FrameworkException.php on line 33.
 1 SYSTEMPATH\View\View.php(201): CodeIgniter\Exceptions\FrameworkException::forInvalidFile('include/header.php')
 2 SYSTEMPATH\View\View.php(429): CodeIgniter\View\View->render('include/header', null, true)
 3 APPPATH\Views\backend\panel.php(1): CodeIgniter\View\View->include('include/header')
 4 SYSTEMPATH\View\View.php(213): include('APPPATH\\Views\\backend\\panel.php')
 5 SYSTEMPATH\View\View.php(216): CodeIgniter\View\View->CodeIgniter\View\{closure}()
 6 SYSTEMPATH\Common.php(1137): CodeIgniter\View\View->render('backend/panel', [], true)
 7 APPPATH\Controllers\Home.php(23): view('backend/panel')
 8 SYSTEMPATH\CodeIgniter.php(904): App\Controllers\Home->panel()
 9 SYSTEMPATH\CodeIgniter.php(457): CodeIgniter\CodeIgniter->runController(Object(App\Controllers\Home))
10 SYSTEMPATH\CodeIgniter.php(340): CodeIgniter\CodeIgniter->handleRequest(null, Object(Config\Cache), false)
11 FCPATH\index.php(67): CodeIgniter\CodeIgniter->run()
CRITICAL - 2022-09-02 15:21:57 --> Invalid file: include/header.php
in SYSTEMPATH\Exceptions\FrameworkException.php on line 33.
 1 SYSTEMPATH\View\View.php(201): CodeIgniter\Exceptions\FrameworkException::forInvalidFile('include/header.php')
 2 SYSTEMPATH\View\View.php(429): CodeIgniter\View\View->render('include/header', null, true)
 3 APPPATH\Views\backend\panel.php(1): CodeIgniter\View\View->include('include/header')
 4 SYSTEMPATH\View\View.php(213): include('APPPATH\\Views\\backend\\panel.php')
 5 SYSTEMPATH\View\View.php(216): CodeIgniter\View\View->CodeIgniter\View\{closure}()
 6 SYSTEMPATH\Common.php(1137): CodeIgniter\View\View->render('backend/panel', [], true)
 7 APPPATH\Controllers\Home.php(23): view('backend/panel')
 8 SYSTEMPATH\CodeIgniter.php(904): App\Controllers\Home->panel()
 9 SYSTEMPATH\CodeIgniter.php(457): CodeIgniter\CodeIgniter->runController(Object(App\Controllers\Home))
10 SYSTEMPATH\CodeIgniter.php(340): CodeIgniter\CodeIgniter->handleRequest(null, Object(Config\Cache), false)
11 FCPATH\index.php(67): CodeIgniter\CodeIgniter->run()
CRITICAL - 2022-09-02 15:21:57 --> Invalid file: include/header.php
in SYSTEMPATH\Exceptions\FrameworkException.php on line 33.
 1 SYSTEMPATH\View\View.php(201): CodeIgniter\Exceptions\FrameworkException::forInvalidFile('include/header.php')
 2 SYSTEMPATH\View\View.php(429): CodeIgniter\View\View->render('include/header', null, true)
 3 APPPATH\Views\backend\panel.php(1): CodeIgniter\View\View->include('include/header')
 4 SYSTEMPATH\View\View.php(213): include('APPPATH\\Views\\backend\\panel.php')
 5 SYSTEMPATH\View\View.php(216): CodeIgniter\View\View->CodeIgniter\View\{closure}()
 6 SYSTEMPATH\Common.php(1137): CodeIgniter\View\View->render('backend/panel', [], true)
 7 APPPATH\Controllers\Home.php(23): view('backend/panel')
 8 SYSTEMPATH\CodeIgniter.php(904): App\Controllers\Home->panel()
 9 SYSTEMPATH\CodeIgniter.php(457): CodeIgniter\CodeIgniter->runController(Object(App\Controllers\Home))
10 SYSTEMPATH\CodeIgniter.php(340): CodeIgniter\CodeIgniter->handleRequest(null, Object(Config\Cache), false)
11 FCPATH\index.php(67): CodeIgniter\CodeIgniter->run()
CRITICAL - 2022-09-02 15:21:57 --> Invalid file: include/header.php
in SYSTEMPATH\Exceptions\FrameworkException.php on line 33.
 1 SYSTEMPATH\View\View.php(201): CodeIgniter\Exceptions\FrameworkException::forInvalidFile('include/header.php')
 2 SYSTEMPATH\View\View.php(429): CodeIgniter\View\View->render('include/header', null, true)
 3 APPPATH\Views\backend\panel.php(1): CodeIgniter\View\View->include('include/header')
 4 SYSTEMPATH\View\View.php(213): include('APPPATH\\Views\\backend\\panel.php')
 5 SYSTEMPATH\View\View.php(216): CodeIgniter\View\View->CodeIgniter\View\{closure}()
 6 SYSTEMPATH\Common.php(1137): CodeIgniter\View\View->render('backend/panel', [], true)
 7 APPPATH\Controllers\Home.php(23): view('backend/panel')
 8 SYSTEMPATH\CodeIgniter.php(904): App\Controllers\Home->panel()
 9 SYSTEMPATH\CodeIgniter.php(457): CodeIgniter\CodeIgniter->runController(Object(App\Controllers\Home))
10 SYSTEMPATH\CodeIgniter.php(340): CodeIgniter\CodeIgniter->handleRequest(null, Object(Config\Cache), false)
11 FCPATH\index.php(67): CodeIgniter\CodeIgniter->run()
CRITICAL - 2022-09-02 15:21:57 --> Invalid file: include/header.php
in SYSTEMPATH\Exceptions\FrameworkException.php on line 33.
 1 SYSTEMPATH\View\View.php(201): CodeIgniter\Exceptions\FrameworkException::forInvalidFile('include/header.php')
 2 SYSTEMPATH\View\View.php(429): CodeIgniter\View\View->render('include/header', null, true)
 3 APPPATH\Views\backend\panel.php(1): CodeIgniter\View\View->include('include/header')
 4 SYSTEMPATH\View\View.php(213): include('APPPATH\\Views\\backend\\panel.php')
 5 SYSTEMPATH\View\View.php(216): CodeIgniter\View\View->CodeIgniter\View\{closure}()
 6 SYSTEMPATH\Common.php(1137): CodeIgniter\View\View->render('backend/panel', [], true)
 7 APPPATH\Controllers\Home.php(23): view('backend/panel')
 8 SYSTEMPATH\CodeIgniter.php(904): App\Controllers\Home->panel()
 9 SYSTEMPATH\CodeIgniter.php(457): CodeIgniter\CodeIgniter->runController(Object(App\Controllers\Home))
10 SYSTEMPATH\CodeIgniter.php(340): CodeIgniter\CodeIgniter->handleRequest(null, Object(Config\Cache), false)
11 FCPATH\index.php(67): CodeIgniter\CodeIgniter->run()
CRITICAL - 2022-09-02 15:21:58 --> Invalid file: include/header.php
in SYSTEMPATH\Exceptions\FrameworkException.php on line 33.
 1 SYSTEMPATH\View\View.php(201): CodeIgniter\Exceptions\FrameworkException::forInvalidFile('include/header.php')
 2 SYSTEMPATH\View\View.php(429): CodeIgniter\View\View->render('include/header', null, true)
 3 APPPATH\Views\backend\panel.php(1): CodeIgniter\View\View->include('include/header')
 4 SYSTEMPATH\View\View.php(213): include('APPPATH\\Views\\backend\\panel.php')
 5 SYSTEMPATH\View\View.php(216): CodeIgniter\View\View->CodeIgniter\View\{closure}()
 6 SYSTEMPATH\Common.php(1137): CodeIgniter\View\View->render('backend/panel', [], true)
 7 APPPATH\Controllers\Home.php(23): view('backend/panel')
 8 SYSTEMPATH\CodeIgniter.php(904): App\Controllers\Home->panel()
 9 SYSTEMPATH\CodeIgniter.php(457): CodeIgniter\CodeIgniter->runController(Object(App\Controllers\Home))
10 SYSTEMPATH\CodeIgniter.php(340): CodeIgniter\CodeIgniter->handleRequest(null, Object(Config\Cache), false)
11 FCPATH\index.php(67): CodeIgniter\CodeIgniter->run()
CRITICAL - 2022-09-02 15:21:58 --> Invalid file: include/header.php
in SYSTEMPATH\Exceptions\FrameworkException.php on line 33.
 1 SYSTEMPATH\View\View.php(201): CodeIgniter\Exceptions\FrameworkException::forInvalidFile('include/header.php')
 2 SYSTEMPATH\View\View.php(429): CodeIgniter\View\View->render('include/header', null, true)
 3 APPPATH\Views\backend\panel.php(1): CodeIgniter\View\View->include('include/header')
 4 SYSTEMPATH\View\View.php(213): include('APPPATH\\Views\\backend\\panel.php')
 5 SYSTEMPATH\View\View.php(216): CodeIgniter\View\View->CodeIgniter\View\{closure}()
 6 SYSTEMPATH\Common.php(1137): CodeIgniter\View\View->render('backend/panel', [], true)
 7 APPPATH\Controllers\Home.php(23): view('backend/panel')
 8 SYSTEMPATH\CodeIgniter.php(904): App\Controllers\Home->panel()
 9 SYSTEMPATH\CodeIgniter.php(457): CodeIgniter\CodeIgniter->runController(Object(App\Controllers\Home))
10 SYSTEMPATH\CodeIgniter.php(340): CodeIgniter\CodeIgniter->handleRequest(null, Object(Config\Cache), false)
11 FCPATH\index.php(67): CodeIgniter\CodeIgniter->run()
CRITICAL - 2022-09-02 15:21:58 --> Invalid file: include/header.php
in SYSTEMPATH\Exceptions\FrameworkException.php on line 33.
 1 SYSTEMPATH\View\View.php(201): CodeIgniter\Exceptions\FrameworkException::forInvalidFile('include/header.php')
 2 SYSTEMPATH\View\View.php(429): CodeIgniter\View\View->render('include/header', null, true)
 3 APPPATH\Views\backend\panel.php(1): CodeIgniter\View\View->include('include/header')
 4 SYSTEMPATH\View\View.php(213): include('APPPATH\\Views\\backend\\panel.php')
 5 SYSTEMPATH\View\View.php(216): CodeIgniter\View\View->CodeIgniter\View\{closure}()
 6 SYSTEMPATH\Common.php(1137): CodeIgniter\View\View->render('backend/panel', [], true)
 7 APPPATH\Controllers\Home.php(23): view('backend/panel')
 8 SYSTEMPATH\CodeIgniter.php(904): App\Controllers\Home->panel()
 9 SYSTEMPATH\CodeIgniter.php(457): CodeIgniter\CodeIgniter->runController(Object(App\Controllers\Home))
10 SYSTEMPATH\CodeIgniter.php(340): CodeIgniter\CodeIgniter->handleRequest(null, Object(Config\Cache), false)
11 FCPATH\index.php(67): CodeIgniter\CodeIgniter->run()
CRITICAL - 2022-09-02 17:28:57 --> Undefined variable $aktif_program
in APPPATH\Views\backend\category.php on line 114.
 1 APPPATH\Views\backend\category.php(114): CodeIgniter\Debug\Exceptions->errorHandler(2, 'Undefined variable $aktif_program', 'APPPATH\\Views\\backend\\category.php', 114)
 2 SYSTEMPATH\View\View.php(213): include('APPPATH\\Views\\backend\\category.php')
 3 SYSTEMPATH\View\View.php(216): CodeIgniter\View\View->CodeIgniter\View\{closure}()
 4 SYSTEMPATH\Common.php(1137): CodeIgniter\View\View->render('backend/category', [], true)
 5 APPPATH\Controllers\Home.php(29): view('backend/category', [...])
 6 SYSTEMPATH\CodeIgniter.php(904): App\Controllers\Home->category()
 7 SYSTEMPATH\CodeIgniter.php(457): CodeIgniter\CodeIgniter->runController(Object(App\Controllers\Home))
 8 SYSTEMPATH\CodeIgniter.php(340): CodeIgniter\CodeIgniter->handleRequest(null, Object(Config\Cache), false)
 9 FCPATH\index.php(67): CodeIgniter\CodeIgniter->run()
