CRITICAL - 2022-09-08 00:00:03 --> Undefined array key "row"
in APPPATH\Controllers\Home.php on line 69.
 1 APPPATH\Controllers\Home.php(69): CodeIgniter\Debug\Exceptions->errorHandler(2, 'Undefined array key "row"', 'APPPATH\\Controllers\\Home.php', 69)
 2 SYSTEMPATH\CodeIgniter.php(904): App\Controllers\Home->categoryDelete('4')
 3 SYSTEMPATH\CodeIgniter.php(457): CodeIgniter\CodeIgniter->runController(Object(App\Controllers\Home))
 4 SYSTEMPATH\CodeIgniter.php(340): CodeIgniter\CodeIgniter->handleRequest(null, Object(Config\Cache), false)
 5 FCPATH\index.php(67): CodeIgniter\CodeIgniter->run()
CRITICAL - 2022-09-08 00:01:41 --> syntax error, unexpected token "}", expecting "," or ";"
in APPPATH\Controllers\Home.php on line 71.
 1 SYSTEMPATH\Autoloader\Autoloader.php(259): CodeIgniter\Autoloader\Autoloader->includeFile('APPPATH\\Controllers\\Home.php')
 2 SYSTEMPATH\Autoloader\Autoloader.php(237): CodeIgniter\Autoloader\Autoloader->loadInNamespace('App\\Controllers\\Home')
 3 [internal function]: CodeIgniter\Autoloader\Autoloader->loadClass('App\\Controllers\\Home')
 4 SYSTEMPATH\CodeIgniter.php(854): class_exists('\\App\\Controllers\\Home', true)
 5 SYSTEMPATH\CodeIgniter.php(444): CodeIgniter\CodeIgniter->startController()
 6 SYSTEMPATH\CodeIgniter.php(340): CodeIgniter\CodeIgniter->handleRequest(null, Object(Config\Cache), false)
 7 FCPATH\index.php(67): CodeIgniter\CodeIgniter->run()
CRITICAL - 2022-09-08 00:01:48 --> Array to string conversion
in APPPATH\Controllers\Home.php on line 70.
 1 APPPATH\Controllers\Home.php(70): CodeIgniter\Debug\Exceptions->errorHandler(2, 'Array to string conversion', 'APPPATH\\Controllers\\Home.php', 70)
 2 SYSTEMPATH\CodeIgniter.php(904): App\Controllers\Home->categoryDelete('4')
 3 SYSTEMPATH\CodeIgniter.php(457): CodeIgniter\CodeIgniter->runController(Object(App\Controllers\Home))
 4 SYSTEMPATH\CodeIgniter.php(340): CodeIgniter\CodeIgniter->handleRequest(null, Object(Config\Cache), false)
 5 FCPATH\index.php(67): CodeIgniter\CodeIgniter->run()
CRITICAL - 2022-09-08 00:03:16 --> unlink(): Argument #2 ($context) must be of type resource or null, string given
in APPPATH\Controllers\Home.php on line 69.
 1 APPPATH\Controllers\Home.php(69): unlink('FCPATH\\img\\product', 'f7.png')
 2 SYSTEMPATH\CodeIgniter.php(904): App\Controllers\Home->categoryDelete('4')
 3 SYSTEMPATH\CodeIgniter.php(457): CodeIgniter\CodeIgniter->runController(Object(App\Controllers\Home))
 4 SYSTEMPATH\CodeIgniter.php(340): CodeIgniter\CodeIgniter->handleRequest(null, Object(Config\Cache), false)
 5 FCPATH\index.php(67): CodeIgniter\CodeIgniter->run()
CRITICAL - 2022-09-08 00:03:26 --> unlink(): Argument #2 ($context) must be of type resource or null, string given
in APPPATH\Controllers\Home.php on line 69.
 1 APPPATH\Controllers\Home.php(69): unlink('FCPATH\\img\\product', 'f7.png')
 2 SYSTEMPATH\CodeIgniter.php(904): App\Controllers\Home->categoryDelete('4')
 3 SYSTEMPATH\CodeIgniter.php(457): CodeIgniter\CodeIgniter->runController(Object(App\Controllers\Home))
 4 SYSTEMPATH\CodeIgniter.php(340): CodeIgniter\CodeIgniter->handleRequest(null, Object(Config\Cache), false)
 5 FCPATH\index.php(67): CodeIgniter\CodeIgniter->run()
CRITICAL - 2022-09-08 00:04:30 --> unlink(): Argument #2 ($context) must be of type resource or null, string given
in APPPATH\Controllers\Home.php on line 69.
 1 APPPATH\Controllers\Home.php(69): unlink('FCPATH\\img\\product', 'f7.png')
 2 SYSTEMPATH\CodeIgniter.php(904): App\Controllers\Home->categoryDelete('4')
 3 SYSTEMPATH\CodeIgniter.php(457): CodeIgniter\CodeIgniter->runController(Object(App\Controllers\Home))
 4 SYSTEMPATH\CodeIgniter.php(340): CodeIgniter\CodeIgniter->handleRequest(null, Object(Config\Cache), false)
 5 FCPATH\index.php(67): CodeIgniter\CodeIgniter->run()
CRITICAL - 2022-09-08 00:05:17 --> syntax error, unexpected token ","
in APPPATH\Controllers\Home.php on line 69.
 1 SYSTEMPATH\Autoloader\Autoloader.php(259): CodeIgniter\Autoloader\Autoloader->includeFile('APPPATH\\Controllers\\Home.php')
 2 SYSTEMPATH\Autoloader\Autoloader.php(237): CodeIgniter\Autoloader\Autoloader->loadInNamespace('App\\Controllers\\Home')
 3 [internal function]: CodeIgniter\Autoloader\Autoloader->loadClass('App\\Controllers\\Home')
 4 SYSTEMPATH\CodeIgniter.php(854): class_exists('\\App\\Controllers\\Home', true)
 5 SYSTEMPATH\CodeIgniter.php(444): CodeIgniter\CodeIgniter->startController()
 6 SYSTEMPATH\CodeIgniter.php(340): CodeIgniter\CodeIgniter->handleRequest(null, Object(Config\Cache), false)
 7 FCPATH\index.php(67): CodeIgniter\CodeIgniter->run()
CRITICAL - 2022-09-08 00:06:02 --> unlink(./img/product/f7.png): No such file or directory
in APPPATH\Controllers\Home.php on line 70.
 1 [internal function]: CodeIgniter\Debug\Exceptions->errorHandler(2, 'unlink(./img/product/f7.png): No such file or directory', 'APPPATH\\Controllers\\Home.php', 70)
 2 APPPATH\Controllers\Home.php(70): unlink('./img/product/f7.png')
 3 SYSTEMPATH\CodeIgniter.php(904): App\Controllers\Home->categoryDelete('4')
 4 SYSTEMPATH\CodeIgniter.php(457): CodeIgniter\CodeIgniter->runController(Object(App\Controllers\Home))
 5 SYSTEMPATH\CodeIgniter.php(340): CodeIgniter\CodeIgniter->handleRequest(null, Object(Config\Cache), false)
 6 FCPATH\index.php(67): CodeIgniter\CodeIgniter->run()
CRITICAL - 2022-09-08 00:53:06 --> Invalid file: categoryEditView.php
in SYSTEMPATH\Exceptions\FrameworkException.php on line 33.
 1 SYSTEMPATH\View\View.php(201): CodeIgniter\Exceptions\FrameworkException::forInvalidFile('categoryEditView.php')
 2 SYSTEMPATH\Common.php(1137): CodeIgniter\View\View->render('categoryEditView', [], true)
 3 APPPATH\Controllers\Home.php(84): view('categoryEditView', [...])
 4 SYSTEMPATH\CodeIgniter.php(904): App\Controllers\Home->categoryEditView('18')
 5 SYSTEMPATH\CodeIgniter.php(457): CodeIgniter\CodeIgniter->runController(Object(App\Controllers\Home))
 6 SYSTEMPATH\CodeIgniter.php(340): CodeIgniter\CodeIgniter->handleRequest(null, Object(Config\Cache), false)
 7 FCPATH\index.php(67): CodeIgniter\CodeIgniter->run()
CRITICAL - 2022-09-08 00:54:02 --> Invalid file: categoryEditView.php
in SYSTEMPATH\Exceptions\FrameworkException.php on line 33.
 1 SYSTEMPATH\View\View.php(201): CodeIgniter\Exceptions\FrameworkException::forInvalidFile('categoryEditView.php')
 2 SYSTEMPATH\Common.php(1137): CodeIgniter\View\View->render('categoryEditView', [], true)
 3 APPPATH\Controllers\Home.php(85): view('categoryEditView', [...])
 4 SYSTEMPATH\CodeIgniter.php(904): App\Controllers\Home->categoryEditView('18')
 5 SYSTEMPATH\CodeIgniter.php(457): CodeIgniter\CodeIgniter->runController(Object(App\Controllers\Home))
 6 SYSTEMPATH\CodeIgniter.php(340): CodeIgniter\CodeIgniter->handleRequest(null, Object(Config\Cache), false)
 7 FCPATH\index.php(67): CodeIgniter\CodeIgniter->run()
CRITICAL - 2022-09-08 00:58:15 --> syntax error, unexpected double-quoted string ">", expecting "," or ";"
in APPPATH\Views\backend\categoryEditView.php on line 64.
 1 SYSTEMPATH\View\View.php(216): CodeIgniter\View\View->CodeIgniter\View\{closure}()
 2 SYSTEMPATH\Common.php(1137): CodeIgniter\View\View->render('backend/categoryEditView', [], true)
 3 APPPATH\Controllers\Home.php(85): view('backend/categoryEditView', [...])
 4 SYSTEMPATH\CodeIgniter.php(904): App\Controllers\Home->categoryEditView('1')
 5 SYSTEMPATH\CodeIgniter.php(457): CodeIgniter\CodeIgniter->runController(Object(App\Controllers\Home))
 6 SYSTEMPATH\CodeIgniter.php(340): CodeIgniter\CodeIgniter->handleRequest(null, Object(Config\Cache), false)
 7 FCPATH\index.php(67): CodeIgniter\CodeIgniter->run()
CRITICAL - 2022-09-08 00:58:30 --> Undefined variable $data
in APPPATH\Views\backend\categoryEditView.php on line 60.
 1 APPPATH\Views\backend\categoryEditView.php(60): CodeIgniter\Debug\Exceptions->errorHandler(2, 'Undefined variable $data', 'APPPATH\\Views\\backend\\categoryEditView.php', 60)
 2 SYSTEMPATH\View\View.php(213): include('APPPATH\\Views\\backend\\categoryEditView.php')
 3 SYSTEMPATH\View\View.php(216): CodeIgniter\View\View->CodeIgniter\View\{closure}()
 4 SYSTEMPATH\Common.php(1137): CodeIgniter\View\View->render('backend/categoryEditView', [], true)
 5 APPPATH\Controllers\Home.php(85): view('backend/categoryEditView', [...])
 6 SYSTEMPATH\CodeIgniter.php(904): App\Controllers\Home->categoryEditView('1')
 7 SYSTEMPATH\CodeIgniter.php(457): CodeIgniter\CodeIgniter->runController(Object(App\Controllers\Home))
 8 SYSTEMPATH\CodeIgniter.php(340): CodeIgniter\CodeIgniter->handleRequest(null, Object(Config\Cache), false)
 9 FCPATH\index.php(67): CodeIgniter\CodeIgniter->run()
CRITICAL - 2022-09-08 00:58:48 --> Undefined variable $data
in APPPATH\Views\backend\categoryEditView.php on line 60.
 1 APPPATH\Views\backend\categoryEditView.php(60): CodeIgniter\Debug\Exceptions->errorHandler(2, 'Undefined variable $data', 'APPPATH\\Views\\backend\\categoryEditView.php', 60)
 2 SYSTEMPATH\View\View.php(213): include('APPPATH\\Views\\backend\\categoryEditView.php')
 3 SYSTEMPATH\View\View.php(216): CodeIgniter\View\View->CodeIgniter\View\{closure}()
 4 SYSTEMPATH\Common.php(1137): CodeIgniter\View\View->render('backend/categoryEditView', [], true)
 5 APPPATH\Controllers\Home.php(85): view('backend/categoryEditView', [...])
 6 SYSTEMPATH\CodeIgniter.php(904): App\Controllers\Home->categoryEditView('1')
 7 SYSTEMPATH\CodeIgniter.php(457): CodeIgniter\CodeIgniter->runController(Object(App\Controllers\Home))
 8 SYSTEMPATH\CodeIgniter.php(340): CodeIgniter\CodeIgniter->handleRequest(null, Object(Config\Cache), false)
 9 FCPATH\index.php(67): CodeIgniter\CodeIgniter->run()
CRITICAL - 2022-09-08 00:59:27 --> Undefined array key "name"
in APPPATH\Views\backend\categoryEditView.php on line 60.
 1 APPPATH\Views\backend\categoryEditView.php(60): CodeIgniter\Debug\Exceptions->errorHandler(2, 'Undefined array key "name"', 'APPPATH\\Views\\backend\\categoryEditView.php', 60)
 2 SYSTEMPATH\View\View.php(213): include('APPPATH\\Views\\backend\\categoryEditView.php')
 3 SYSTEMPATH\View\View.php(216): CodeIgniter\View\View->CodeIgniter\View\{closure}()
 4 SYSTEMPATH\Common.php(1137): CodeIgniter\View\View->render('backend/categoryEditView', [], true)
 5 APPPATH\Controllers\Home.php(85): view('backend/categoryEditView', [...])
 6 SYSTEMPATH\CodeIgniter.php(904): App\Controllers\Home->categoryEditView('1')
 7 SYSTEMPATH\CodeIgniter.php(457): CodeIgniter\CodeIgniter->runController(Object(App\Controllers\Home))
 8 SYSTEMPATH\CodeIgniter.php(340): CodeIgniter\CodeIgniter->handleRequest(null, Object(Config\Cache), false)
 9 FCPATH\index.php(67): CodeIgniter\CodeIgniter->run()
CRITICAL - 2022-09-08 00:59:34 --> Array to string conversion
in APPPATH\Views\backend\categoryEditView.php on line 60.
 1 APPPATH\Views\backend\categoryEditView.php(60): CodeIgniter\Debug\Exceptions->errorHandler(2, 'Array to string conversion', 'APPPATH\\Views\\backend\\categoryEditView.php', 60)
 2 SYSTEMPATH\View\View.php(213): include('APPPATH\\Views\\backend\\categoryEditView.php')
 3 SYSTEMPATH\View\View.php(216): CodeIgniter\View\View->CodeIgniter\View\{closure}()
 4 SYSTEMPATH\Common.php(1137): CodeIgniter\View\View->render('backend/categoryEditView', [], true)
 5 APPPATH\Controllers\Home.php(85): view('backend/categoryEditView', [...])
 6 SYSTEMPATH\CodeIgniter.php(904): App\Controllers\Home->categoryEditView('1')
 7 SYSTEMPATH\CodeIgniter.php(457): CodeIgniter\CodeIgniter->runController(Object(App\Controllers\Home))
 8 SYSTEMPATH\CodeIgniter.php(340): CodeIgniter\CodeIgniter->handleRequest(null, Object(Config\Cache), false)
 9 FCPATH\index.php(67): CodeIgniter\CodeIgniter->run()
CRITICAL - 2022-09-08 01:01:55 --> Undefined array key "name"
in APPPATH\Controllers\Home.php on line 85.
 1 APPPATH\Controllers\Home.php(85): CodeIgniter\Debug\Exceptions->errorHandler(2, 'Undefined array key "name"', 'APPPATH\\Controllers\\Home.php', 85)
 2 SYSTEMPATH\CodeIgniter.php(904): App\Controllers\Home->categoryEditView('1')
 3 SYSTEMPATH\CodeIgniter.php(457): CodeIgniter\CodeIgniter->runController(Object(App\Controllers\Home))
 4 SYSTEMPATH\CodeIgniter.php(340): CodeIgniter\CodeIgniter->handleRequest(null, Object(Config\Cache), false)
 5 FCPATH\index.php(67): CodeIgniter\CodeIgniter->run()
CRITICAL - 2022-09-08 01:02:28 --> Undefined variable $data
in APPPATH\Views\backend\categoryEditView.php on line 60.
 1 APPPATH\Views\backend\categoryEditView.php(60): CodeIgniter\Debug\Exceptions->errorHandler(2, 'Undefined variable $data', 'APPPATH\\Views\\backend\\categoryEditView.php', 60)
 2 SYSTEMPATH\View\View.php(213): include('APPPATH\\Views\\backend\\categoryEditView.php')
 3 SYSTEMPATH\View\View.php(216): CodeIgniter\View\View->CodeIgniter\View\{closure}()
 4 SYSTEMPATH\Common.php(1137): CodeIgniter\View\View->render('backend/categoryEditView', [], true)
 5 APPPATH\Controllers\Home.php(88): view('backend/categoryEditView', [...])
 6 SYSTEMPATH\CodeIgniter.php(904): App\Controllers\Home->categoryEditView('1')
 7 SYSTEMPATH\CodeIgniter.php(457): CodeIgniter\CodeIgniter->runController(Object(App\Controllers\Home))
 8 SYSTEMPATH\CodeIgniter.php(340): CodeIgniter\CodeIgniter->handleRequest(null, Object(Config\Cache), false)
 9 FCPATH\index.php(67): CodeIgniter\CodeIgniter->run()
CRITICAL - 2022-09-08 01:07:57 --> syntax error, unexpected token "=>", expecting ")"
in APPPATH\Controllers\Home.php on line 93.
 1 SYSTEMPATH\Autoloader\Autoloader.php(259): CodeIgniter\Autoloader\Autoloader->includeFile('APPPATH\\Controllers\\Home.php')
 2 SYSTEMPATH\Autoloader\Autoloader.php(237): CodeIgniter\Autoloader\Autoloader->loadInNamespace('App\\Controllers\\Home')
 3 [internal function]: CodeIgniter\Autoloader\Autoloader->loadClass('App\\Controllers\\Home')
 4 SYSTEMPATH\CodeIgniter.php(854): class_exists('\\App\\Controllers\\Home', true)
 5 SYSTEMPATH\CodeIgniter.php(444): CodeIgniter\CodeIgniter->startController()
 6 SYSTEMPATH\CodeIgniter.php(340): CodeIgniter\CodeIgniter->handleRequest(null, Object(Config\Cache), false)
 7 FCPATH\index.php(67): CodeIgniter\CodeIgniter->run()
CRITICAL - 2022-09-08 01:10:50 --> Undefined variable $print_r
in APPPATH\Controllers\Home.php on line 97.
 1 APPPATH\Controllers\Home.php(97): CodeIgniter\Debug\Exceptions->errorHandler(2, 'Undefined variable $print_r', 'APPPATH\\Controllers\\Home.php', 97)
 2 SYSTEMPATH\CodeIgniter.php(904): App\Controllers\Home->categoryEdit('18')
 3 SYSTEMPATH\CodeIgniter.php(457): CodeIgniter\CodeIgniter->runController(Object(App\Controllers\Home))
 4 SYSTEMPATH\CodeIgniter.php(340): CodeIgniter\CodeIgniter->handleRequest(null, Object(Config\Cache), false)
 5 FCPATH\index.php(67): CodeIgniter\CodeIgniter->run()
CRITICAL - 2022-09-08 01:10:52 --> Undefined variable $print_r
in APPPATH\Controllers\Home.php on line 97.
 1 APPPATH\Controllers\Home.php(97): CodeIgniter\Debug\Exceptions->errorHandler(2, 'Undefined variable $print_r', 'APPPATH\\Controllers\\Home.php', 97)
 2 SYSTEMPATH\CodeIgniter.php(904): App\Controllers\Home->categoryEdit('18')
 3 SYSTEMPATH\CodeIgniter.php(457): CodeIgniter\CodeIgniter->runController(Object(App\Controllers\Home))
 4 SYSTEMPATH\CodeIgniter.php(340): CodeIgniter\CodeIgniter->handleRequest(null, Object(Config\Cache), false)
 5 FCPATH\index.php(67): CodeIgniter\CodeIgniter->run()
CRITICAL - 2022-09-08 21:17:02 --> Undefined variable $modelcategories
in APPPATH\Controllers\Home.php on line 114.
 1 APPPATH\Controllers\Home.php(114): CodeIgniter\Debug\Exceptions->errorHandler(2, 'Undefined variable $modelcategories', 'APPPATH\\Controllers\\Home.php', 114)
 2 SYSTEMPATH\CodeIgniter.php(904): App\Controllers\Home->productsInfo('1', '1')
 3 SYSTEMPATH\CodeIgniter.php(457): CodeIgniter\CodeIgniter->runController(Object(App\Controllers\Home))
 4 SYSTEMPATH\CodeIgniter.php(340): CodeIgniter\CodeIgniter->handleRequest(null, Object(Config\Cache), false)
 5 FCPATH\index.php(67): CodeIgniter\CodeIgniter->run()
CRITICAL - 2022-09-08 21:17:44 --> Undefined variable $modelcategories
in APPPATH\Controllers\Home.php on line 114.
 1 APPPATH\Controllers\Home.php(114): CodeIgniter\Debug\Exceptions->errorHandler(2, 'Undefined variable $modelcategories', 'APPPATH\\Controllers\\Home.php', 114)
 2 SYSTEMPATH\CodeIgniter.php(904): App\Controllers\Home->productsInfo('1', '1')
 3 SYSTEMPATH\CodeIgniter.php(457): CodeIgniter\CodeIgniter->runController(Object(App\Controllers\Home))
 4 SYSTEMPATH\CodeIgniter.php(340): CodeIgniter\CodeIgniter->handleRequest(null, Object(Config\Cache), false)
 5 FCPATH\index.php(67): CodeIgniter\CodeIgniter->run()
CRITICAL - 2022-09-08 21:22:18 --> Undefined variable $modelcategories
in APPPATH\Controllers\Home.php on line 114.
 1 APPPATH\Controllers\Home.php(114): CodeIgniter\Debug\Exceptions->errorHandler(2, 'Undefined variable $modelcategories', 'APPPATH\\Controllers\\Home.php', 114)
 2 SYSTEMPATH\CodeIgniter.php(904): App\Controllers\Home->productsInfo('1', '1')
 3 SYSTEMPATH\CodeIgniter.php(457): CodeIgniter\CodeIgniter->runController(Object(App\Controllers\Home))
 4 SYSTEMPATH\CodeIgniter.php(340): CodeIgniter\CodeIgniter->handleRequest(null, Object(Config\Cache), false)
 5 FCPATH\index.php(67): CodeIgniter\CodeIgniter->run()
CRITICAL - 2022-09-08 21:22:25 --> Undefined variable $modelcategories
in APPPATH\Controllers\Home.php on line 114.
 1 APPPATH\Controllers\Home.php(114): CodeIgniter\Debug\Exceptions->errorHandler(2, 'Undefined variable $modelcategories', 'APPPATH\\Controllers\\Home.php', 114)
 2 SYSTEMPATH\CodeIgniter.php(904): App\Controllers\Home->productsInfo('2', '1')
 3 SYSTEMPATH\CodeIgniter.php(457): CodeIgniter\CodeIgniter->runController(Object(App\Controllers\Home))
 4 SYSTEMPATH\CodeIgniter.php(340): CodeIgniter\CodeIgniter->handleRequest(null, Object(Config\Cache), false)
 5 FCPATH\index.php(67): CodeIgniter\CodeIgniter->run()
CRITICAL - 2022-09-08 21:23:03 --> Undefined variable $modelcategories
in APPPATH\Controllers\Home.php on line 114.
 1 APPPATH\Controllers\Home.php(114): CodeIgniter\Debug\Exceptions->errorHandler(2, 'Undefined variable $modelcategories', 'APPPATH\\Controllers\\Home.php', 114)
 2 SYSTEMPATH\CodeIgniter.php(904): App\Controllers\Home->productsInfo('2', '1')
 3 SYSTEMPATH\CodeIgniter.php(457): CodeIgniter\CodeIgniter->runController(Object(App\Controllers\Home))
 4 SYSTEMPATH\CodeIgniter.php(340): CodeIgniter\CodeIgniter->handleRequest(null, Object(Config\Cache), false)
 5 FCPATH\index.php(67): CodeIgniter\CodeIgniter->run()
CRITICAL - 2022-09-08 21:23:17 --> Undefined variable $modelcategories
in APPPATH\Controllers\Home.php on line 114.
 1 APPPATH\Controllers\Home.php(114): CodeIgniter\Debug\Exceptions->errorHandler(2, 'Undefined variable $modelcategories', 'APPPATH\\Controllers\\Home.php', 114)
 2 SYSTEMPATH\CodeIgniter.php(904): App\Controllers\Home->productsInfo('2', '1')
 3 SYSTEMPATH\CodeIgniter.php(457): CodeIgniter\CodeIgniter->runController(Object(App\Controllers\Home))
 4 SYSTEMPATH\CodeIgniter.php(340): CodeIgniter\CodeIgniter->handleRequest(null, Object(Config\Cache), false)
 5 FCPATH\index.php(67): CodeIgniter\CodeIgniter->run()
CRITICAL - 2022-09-08 21:23:39 --> Undefined variable $modelcategories
in APPPATH\Controllers\Home.php on line 114.
 1 APPPATH\Controllers\Home.php(114): CodeIgniter\Debug\Exceptions->errorHandler(2, 'Undefined variable $modelcategories', 'APPPATH\\Controllers\\Home.php', 114)
 2 SYSTEMPATH\CodeIgniter.php(904): App\Controllers\Home->productsinfo('2', '1')
 3 SYSTEMPATH\CodeIgniter.php(457): CodeIgniter\CodeIgniter->runController(Object(App\Controllers\Home))
 4 SYSTEMPATH\CodeIgniter.php(340): CodeIgniter\CodeIgniter->handleRequest(null, Object(Config\Cache), false)
 5 FCPATH\index.php(67): CodeIgniter\CodeIgniter->run()
CRITICAL - 2022-09-08 21:30:55 --> syntax error, unexpected token "public"
in APPPATH\Controllers\Home.php on line 120.
 1 SYSTEMPATH\Autoloader\Autoloader.php(259): CodeIgniter\Autoloader\Autoloader->includeFile('APPPATH\\Controllers\\Home.php')
 2 SYSTEMPATH\Autoloader\Autoloader.php(237): CodeIgniter\Autoloader\Autoloader->loadInNamespace('App\\Controllers\\Home')
 3 [internal function]: CodeIgniter\Autoloader\Autoloader->loadClass('App\\Controllers\\Home')
 4 SYSTEMPATH\CodeIgniter.php(854): class_exists('\\App\\Controllers\\Home', true)
 5 SYSTEMPATH\CodeIgniter.php(444): CodeIgniter\CodeIgniter->startController()
 6 SYSTEMPATH\CodeIgniter.php(340): CodeIgniter\CodeIgniter->handleRequest(null, Object(Config\Cache), false)
 7 FCPATH\index.php(67): CodeIgniter\CodeIgniter->run()
CRITICAL - 2022-09-08 21:39:23 --> Cannot redeclare App\Controllers\Home::productsInfo()
in APPPATH\Controllers\Home.php on line 140.
 1 [internal function]: CodeIgniter\Debug\Exceptions->shutdownHandler()
CRITICAL - 2022-09-08 22:06:00 --> Array to string conversion
in APPPATH\Controllers\Home.php on line 164.
 1 APPPATH\Controllers\Home.php(164): CodeIgniter\Debug\Exceptions->errorHandler(2, 'Array to string conversion', 'APPPATH\\Controllers\\Home.php', 164)
 2 SYSTEMPATH\CodeIgniter.php(904): App\Controllers\Home->productsEdit('2')
 3 SYSTEMPATH\CodeIgniter.php(457): CodeIgniter\CodeIgniter->runController(Object(App\Controllers\Home))
 4 SYSTEMPATH\CodeIgniter.php(340): CodeIgniter\CodeIgniter->handleRequest(null, Object(Config\Cache), false)
 5 FCPATH\index.php(67): CodeIgniter\CodeIgniter->run()
CRITICAL - 2022-09-08 22:06:10 --> Array to string conversion
in APPPATH\Controllers\Home.php on line 164.
 1 APPPATH\Controllers\Home.php(164): CodeIgniter\Debug\Exceptions->errorHandler(2, 'Array to string conversion', 'APPPATH\\Controllers\\Home.php', 164)
 2 SYSTEMPATH\CodeIgniter.php(904): App\Controllers\Home->productsEdit('2')
 3 SYSTEMPATH\CodeIgniter.php(457): CodeIgniter\CodeIgniter->runController(Object(App\Controllers\Home))
 4 SYSTEMPATH\CodeIgniter.php(340): CodeIgniter\CodeIgniter->handleRequest(null, Object(Config\Cache), false)
 5 FCPATH\index.php(67): CodeIgniter\CodeIgniter->run()
CRITICAL - 2022-09-08 22:23:09 --> Undefined variable $category
in APPPATH\Views\backend\productEditView.php on line 60.
 1 APPPATH\Views\backend\productEditView.php(60): CodeIgniter\Debug\Exceptions->errorHandler(2, 'Undefined variable $category', 'APPPATH\\Views\\backend\\productEditView.php', 60)
 2 SYSTEMPATH\View\View.php(213): include('APPPATH\\Views\\backend\\productEditView.php')
 3 SYSTEMPATH\View\View.php(216): CodeIgniter\View\View->CodeIgniter\View\{closure}()
 4 SYSTEMPATH\Common.php(1137): CodeIgniter\View\View->render('backend/productEditView', [], true)
 5 APPPATH\Controllers\Home.php(165): view('backend/productEditView')
 6 SYSTEMPATH\CodeIgniter.php(904): App\Controllers\Home->productsEdit('2')
 7 SYSTEMPATH\CodeIgniter.php(457): CodeIgniter\CodeIgniter->runController(Object(App\Controllers\Home))
 8 SYSTEMPATH\CodeIgniter.php(340): CodeIgniter\CodeIgniter->handleRequest(null, Object(Config\Cache), false)
 9 FCPATH\index.php(67): CodeIgniter\CodeIgniter->run()
CRITICAL - 2022-09-08 22:23:13 --> Undefined variable $category
in APPPATH\Views\backend\productEditView.php on line 60.
 1 APPPATH\Views\backend\productEditView.php(60): CodeIgniter\Debug\Exceptions->errorHandler(2, 'Undefined variable $category', 'APPPATH\\Views\\backend\\productEditView.php', 60)
 2 SYSTEMPATH\View\View.php(213): include('APPPATH\\Views\\backend\\productEditView.php')
 3 SYSTEMPATH\View\View.php(216): CodeIgniter\View\View->CodeIgniter\View\{closure}()
 4 SYSTEMPATH\Common.php(1137): CodeIgniter\View\View->render('backend/productEditView', [], true)
 5 APPPATH\Controllers\Home.php(165): view('backend/productEditView')
 6 SYSTEMPATH\CodeIgniter.php(904): App\Controllers\Home->productsEdit('2')
 7 SYSTEMPATH\CodeIgniter.php(457): CodeIgniter\CodeIgniter->runController(Object(App\Controllers\Home))
 8 SYSTEMPATH\CodeIgniter.php(340): CodeIgniter\CodeIgniter->handleRequest(null, Object(Config\Cache), false)
 9 FCPATH\index.php(67): CodeIgniter\CodeIgniter->run()
CRITICAL - 2022-09-08 22:24:10 --> Undefined variable $category
in APPPATH\Views\backend\productEditView.php on line 60.
 1 APPPATH\Views\backend\productEditView.php(60): CodeIgniter\Debug\Exceptions->errorHandler(2, 'Undefined variable $category', 'APPPATH\\Views\\backend\\productEditView.php', 60)
 2 SYSTEMPATH\View\View.php(213): include('APPPATH\\Views\\backend\\productEditView.php')
 3 SYSTEMPATH\View\View.php(216): CodeIgniter\View\View->CodeIgniter\View\{closure}()
 4 SYSTEMPATH\Common.php(1137): CodeIgniter\View\View->render('backend/productEditView', [], true)
 5 APPPATH\Controllers\Home.php(165): view('backend/productEditView', [...])
 6 SYSTEMPATH\CodeIgniter.php(904): App\Controllers\Home->productsEdit('2')
 7 SYSTEMPATH\CodeIgniter.php(457): CodeIgniter\CodeIgniter->runController(Object(App\Controllers\Home))
 8 SYSTEMPATH\CodeIgniter.php(340): CodeIgniter\CodeIgniter->handleRequest(null, Object(Config\Cache), false)
 9 FCPATH\index.php(67): CodeIgniter\CodeIgniter->run()
CRITICAL - 2022-09-08 22:25:17 --> Call to undefined function App\Controllers\iseet()
in APPPATH\Controllers\Home.php on line 164.
 1 SYSTEMPATH\CodeIgniter.php(904): App\Controllers\Home->productsEdit('2')
 2 SYSTEMPATH\CodeIgniter.php(457): CodeIgniter\CodeIgniter->runController(Object(App\Controllers\Home))
 3 SYSTEMPATH\CodeIgniter.php(340): CodeIgniter\CodeIgniter->handleRequest(null, Object(Config\Cache), false)
 4 FCPATH\index.php(67): CodeIgniter\CodeIgniter->run()
CRITICAL - 2022-09-08 22:26:40 --> syntax error, unexpected token ";"
in APPPATH\Controllers\Home.php on line 165.
 1 SYSTEMPATH\Autoloader\Autoloader.php(259): CodeIgniter\Autoloader\Autoloader->includeFile('APPPATH\\Controllers\\Home.php')
 2 SYSTEMPATH\Autoloader\Autoloader.php(237): CodeIgniter\Autoloader\Autoloader->loadInNamespace('App\\Controllers\\Home')
 3 [internal function]: CodeIgniter\Autoloader\Autoloader->loadClass('App\\Controllers\\Home')
 4 SYSTEMPATH\CodeIgniter.php(854): class_exists('\\App\\Controllers\\Home', true)
 5 SYSTEMPATH\CodeIgniter.php(444): CodeIgniter\CodeIgniter->startController()
 6 SYSTEMPATH\CodeIgniter.php(340): CodeIgniter\CodeIgniter->handleRequest(null, Object(Config\Cache), false)
 7 FCPATH\index.php(67): CodeIgniter\CodeIgniter->run()
CRITICAL - 2022-09-08 22:27:21 --> Undefined variable $category
in APPPATH\Views\backend\productEditView.php on line 60.
 1 APPPATH\Views\backend\productEditView.php(60): CodeIgniter\Debug\Exceptions->errorHandler(2, 'Undefined variable $category', 'APPPATH\\Views\\backend\\productEditView.php', 60)
 2 SYSTEMPATH\View\View.php(213): include('APPPATH\\Views\\backend\\productEditView.php')
 3 SYSTEMPATH\View\View.php(216): CodeIgniter\View\View->CodeIgniter\View\{closure}()
 4 SYSTEMPATH\Common.php(1137): CodeIgniter\View\View->render('backend/productEditView', [], true)
 5 APPPATH\Controllers\Home.php(166): view('backend/productEditView', [...])
 6 SYSTEMPATH\CodeIgniter.php(904): App\Controllers\Home->productsEdit('2')
 7 SYSTEMPATH\CodeIgniter.php(457): CodeIgniter\CodeIgniter->runController(Object(App\Controllers\Home))
 8 SYSTEMPATH\CodeIgniter.php(340): CodeIgniter\CodeIgniter->handleRequest(null, Object(Config\Cache), false)
 9 FCPATH\index.php(67): CodeIgniter\CodeIgniter->run()
CRITICAL - 2022-09-08 22:36:33 --> Array to string conversion
in APPPATH\Views\backend\productEditView.php on line 60.
 1 APPPATH\Views\backend\productEditView.php(60): CodeIgniter\Debug\Exceptions->errorHandler(2, 'Array to string conversion', 'APPPATH\\Views\\backend\\productEditView.php', 60)
 2 SYSTEMPATH\View\View.php(213): include('APPPATH\\Views\\backend\\productEditView.php')
 3 SYSTEMPATH\View\View.php(216): CodeIgniter\View\View->CodeIgniter\View\{closure}()
 4 SYSTEMPATH\Common.php(1137): CodeIgniter\View\View->render('backend/productEditView', [], true)
 5 APPPATH\Controllers\Home.php(168): view('backend/productEditView', [...])
 6 SYSTEMPATH\CodeIgniter.php(904): App\Controllers\Home->productsEdit('2')
 7 SYSTEMPATH\CodeIgniter.php(457): CodeIgniter\CodeIgniter->runController(Object(App\Controllers\Home))
 8 SYSTEMPATH\CodeIgniter.php(340): CodeIgniter\CodeIgniter->handleRequest(null, Object(Config\Cache), false)
 9 FCPATH\index.php(67): CodeIgniter\CodeIgniter->run()
CRITICAL - 2022-09-08 22:36:58 --> Undefined array key "id"
in APPPATH\Views\backend\productEditView.php on line 60.
 1 APPPATH\Views\backend\productEditView.php(60): CodeIgniter\Debug\Exceptions->errorHandler(2, 'Undefined array key "id"', 'APPPATH\\Views\\backend\\productEditView.php', 60)
 2 SYSTEMPATH\View\View.php(213): include('APPPATH\\Views\\backend\\productEditView.php')
 3 SYSTEMPATH\View\View.php(216): CodeIgniter\View\View->CodeIgniter\View\{closure}()
 4 SYSTEMPATH\Common.php(1137): CodeIgniter\View\View->render('backend/productEditView', [], true)
 5 APPPATH\Controllers\Home.php(168): view('backend/productEditView', [...])
 6 SYSTEMPATH\CodeIgniter.php(904): App\Controllers\Home->productsEdit('2')
 7 SYSTEMPATH\CodeIgniter.php(457): CodeIgniter\CodeIgniter->runController(Object(App\Controllers\Home))
 8 SYSTEMPATH\CodeIgniter.php(340): CodeIgniter\CodeIgniter->handleRequest(null, Object(Config\Cache), false)
 9 FCPATH\index.php(67): CodeIgniter\CodeIgniter->run()
CRITICAL - 2022-09-08 23:18:05 --> Undefined variable $modelcategories
in APPPATH\Controllers\Home.php on line 180.
 1 APPPATH\Controllers\Home.php(180): CodeIgniter\Debug\Exceptions->errorHandler(2, 'Undefined variable $modelcategories', 'APPPATH\\Controllers\\Home.php', 180)
 2 SYSTEMPATH\CodeIgniter.php(904): App\Controllers\Home->productEdit('2')
 3 SYSTEMPATH\CodeIgniter.php(457): CodeIgniter\CodeIgniter->runController(Object(App\Controllers\Home))
 4 SYSTEMPATH\CodeIgniter.php(340): CodeIgniter\CodeIgniter->handleRequest(null, Object(Config\Cache), false)
 5 FCPATH\index.php(67): CodeIgniter\CodeIgniter->run()
CRITICAL - 2022-09-08 23:18:23 --> Undefined variable $modelcategories
in APPPATH\Controllers\Home.php on line 180.
 1 APPPATH\Controllers\Home.php(180): CodeIgniter\Debug\Exceptions->errorHandler(2, 'Undefined variable $modelcategories', 'APPPATH\\Controllers\\Home.php', 180)
 2 SYSTEMPATH\CodeIgniter.php(904): App\Controllers\Home->productEdit('2')
 3 SYSTEMPATH\CodeIgniter.php(457): CodeIgniter\CodeIgniter->runController(Object(App\Controllers\Home))
 4 SYSTEMPATH\CodeIgniter.php(340): CodeIgniter\CodeIgniter->handleRequest(null, Object(Config\Cache), false)
 5 FCPATH\index.php(67): CodeIgniter\CodeIgniter->run()
CRITICAL - 2022-09-08 23:18:37 --> Undefined variable $modelcategories
in APPPATH\Controllers\Home.php on line 180.
 1 APPPATH\Controllers\Home.php(180): CodeIgniter\Debug\Exceptions->errorHandler(2, 'Undefined variable $modelcategories', 'APPPATH\\Controllers\\Home.php', 180)
 2 SYSTEMPATH\CodeIgniter.php(904): App\Controllers\Home->productEdit('2')
 3 SYSTEMPATH\CodeIgniter.php(457): CodeIgniter\CodeIgniter->runController(Object(App\Controllers\Home))
 4 SYSTEMPATH\CodeIgniter.php(340): CodeIgniter\CodeIgniter->handleRequest(null, Object(Config\Cache), false)
 5 FCPATH\index.php(67): CodeIgniter\CodeIgniter->run()
CRITICAL - 2022-09-08 23:18:39 --> Undefined variable $modelcategories
in APPPATH\Controllers\Home.php on line 180.
 1 APPPATH\Controllers\Home.php(180): CodeIgniter\Debug\Exceptions->errorHandler(2, 'Undefined variable $modelcategories', 'APPPATH\\Controllers\\Home.php', 180)
 2 SYSTEMPATH\CodeIgniter.php(904): App\Controllers\Home->productEdit('2')
 3 SYSTEMPATH\CodeIgniter.php(457): CodeIgniter\CodeIgniter->runController(Object(App\Controllers\Home))
 4 SYSTEMPATH\CodeIgniter.php(340): CodeIgniter\CodeIgniter->handleRequest(null, Object(Config\Cache), false)
 5 FCPATH\index.php(67): CodeIgniter\CodeIgniter->run()
CRITICAL - 2022-09-08 23:19:00 --> Undefined variable $modelcategories
in APPPATH\Controllers\Home.php on line 180.
 1 APPPATH\Controllers\Home.php(180): CodeIgniter\Debug\Exceptions->errorHandler(2, 'Undefined variable $modelcategories', 'APPPATH\\Controllers\\Home.php', 180)
 2 SYSTEMPATH\CodeIgniter.php(904): App\Controllers\Home->productEdit('2')
 3 SYSTEMPATH\CodeIgniter.php(457): CodeIgniter\CodeIgniter->runController(Object(App\Controllers\Home))
 4 SYSTEMPATH\CodeIgniter.php(340): CodeIgniter\CodeIgniter->handleRequest(null, Object(Config\Cache), false)
 5 FCPATH\index.php(67): CodeIgniter\CodeIgniter->run()
CRITICAL - 2022-09-08 23:19:13 --> Undefined variable $modelcategories
in APPPATH\Controllers\Home.php on line 180.
 1 APPPATH\Controllers\Home.php(180): CodeIgniter\Debug\Exceptions->errorHandler(2, 'Undefined variable $modelcategories', 'APPPATH\\Controllers\\Home.php', 180)
 2 SYSTEMPATH\CodeIgniter.php(904): App\Controllers\Home->productEdit('2')
 3 SYSTEMPATH\CodeIgniter.php(457): CodeIgniter\CodeIgniter->runController(Object(App\Controllers\Home))
 4 SYSTEMPATH\CodeIgniter.php(340): CodeIgniter\CodeIgniter->handleRequest(null, Object(Config\Cache), false)
 5 FCPATH\index.php(67): CodeIgniter\CodeIgniter->run()
CRITICAL - 2022-09-08 23:19:29 --> Undefined variable $modelcategories
in APPPATH\Controllers\Home.php on line 180.
 1 APPPATH\Controllers\Home.php(180): CodeIgniter\Debug\Exceptions->errorHandler(2, 'Undefined variable $modelcategories', 'APPPATH\\Controllers\\Home.php', 180)
 2 SYSTEMPATH\CodeIgniter.php(904): App\Controllers\Home->productEdit('2')
 3 SYSTEMPATH\CodeIgniter.php(457): CodeIgniter\CodeIgniter->runController(Object(App\Controllers\Home))
 4 SYSTEMPATH\CodeIgniter.php(340): CodeIgniter\CodeIgniter->handleRequest(null, Object(Config\Cache), false)
 5 FCPATH\index.php(67): CodeIgniter\CodeIgniter->run()
CRITICAL - 2022-09-08 23:19:44 --> Undefined variable $modelcategories
in APPPATH\Controllers\Home.php on line 180.
 1 APPPATH\Controllers\Home.php(180): CodeIgniter\Debug\Exceptions->errorHandler(2, 'Undefined variable $modelcategories', 'APPPATH\\Controllers\\Home.php', 180)
 2 SYSTEMPATH\CodeIgniter.php(904): App\Controllers\Home->productEdit('2')
 3 SYSTEMPATH\CodeIgniter.php(457): CodeIgniter\CodeIgniter->runController(Object(App\Controllers\Home))
 4 SYSTEMPATH\CodeIgniter.php(340): CodeIgniter\CodeIgniter->handleRequest(null, Object(Config\Cache), false)
 5 FCPATH\index.php(67): CodeIgniter\CodeIgniter->run()
CRITICAL - 2022-09-08 23:20:16 --> Undefined variable $modelcategories
in APPPATH\Controllers\Home.php on line 180.
 1 APPPATH\Controllers\Home.php(180): CodeIgniter\Debug\Exceptions->errorHandler(2, 'Undefined variable $modelcategories', 'APPPATH\\Controllers\\Home.php', 180)
 2 SYSTEMPATH\CodeIgniter.php(904): App\Controllers\Home->productEdit('2')
 3 SYSTEMPATH\CodeIgniter.php(457): CodeIgniter\CodeIgniter->runController(Object(App\Controllers\Home))
 4 SYSTEMPATH\CodeIgniter.php(340): CodeIgniter\CodeIgniter->handleRequest(null, Object(Config\Cache), false)
 5 FCPATH\index.php(67): CodeIgniter\CodeIgniter->run()
CRITICAL - 2022-09-08 23:21:46 --> Undefined variable $modelcategories
in APPPATH\Controllers\Home.php on line 183.
 1 APPPATH\Controllers\Home.php(183): CodeIgniter\Debug\Exceptions->errorHandler(2, 'Undefined variable $modelcategories', 'APPPATH\\Controllers\\Home.php', 183)
 2 SYSTEMPATH\CodeIgniter.php(904): App\Controllers\Home->productEdit('2')
 3 SYSTEMPATH\CodeIgniter.php(457): CodeIgniter\CodeIgniter->runController(Object(App\Controllers\Home))
 4 SYSTEMPATH\CodeIgniter.php(340): CodeIgniter\CodeIgniter->handleRequest(null, Object(Config\Cache), false)
 5 FCPATH\index.php(67): CodeIgniter\CodeIgniter->run()
CRITICAL - 2022-09-08 23:22:15 --> Undefined variable $modelcategories
in APPPATH\Controllers\Home.php on line 183.
 1 APPPATH\Controllers\Home.php(183): CodeIgniter\Debug\Exceptions->errorHandler(2, 'Undefined variable $modelcategories', 'APPPATH\\Controllers\\Home.php', 183)
 2 SYSTEMPATH\CodeIgniter.php(904): App\Controllers\Home->productEdit('2')
 3 SYSTEMPATH\CodeIgniter.php(457): CodeIgniter\CodeIgniter->runController(Object(App\Controllers\Home))
 4 SYSTEMPATH\CodeIgniter.php(340): CodeIgniter\CodeIgniter->handleRequest(null, Object(Config\Cache), false)
 5 FCPATH\index.php(67): CodeIgniter\CodeIgniter->run()
CRITICAL - 2022-09-08 23:22:38 --> Undefined variable $modelcategories
in APPPATH\Controllers\Home.php on line 183.
 1 APPPATH\Controllers\Home.php(183): CodeIgniter\Debug\Exceptions->errorHandler(2, 'Undefined variable $modelcategories', 'APPPATH\\Controllers\\Home.php', 183)
 2 SYSTEMPATH\CodeIgniter.php(904): App\Controllers\Home->productEdit('2')
 3 SYSTEMPATH\CodeIgniter.php(457): CodeIgniter\CodeIgniter->runController(Object(App\Controllers\Home))
 4 SYSTEMPATH\CodeIgniter.php(340): CodeIgniter\CodeIgniter->handleRequest(null, Object(Config\Cache), false)
 5 FCPATH\index.php(67): CodeIgniter\CodeIgniter->run()
CRITICAL - 2022-09-08 23:22:43 --> Undefined variable $modelcategories
in APPPATH\Controllers\Home.php on line 183.
 1 APPPATH\Controllers\Home.php(183): CodeIgniter\Debug\Exceptions->errorHandler(2, 'Undefined variable $modelcategories', 'APPPATH\\Controllers\\Home.php', 183)
 2 SYSTEMPATH\CodeIgniter.php(904): App\Controllers\Home->productEdit('2')
 3 SYSTEMPATH\CodeIgniter.php(457): CodeIgniter\CodeIgniter->runController(Object(App\Controllers\Home))
 4 SYSTEMPATH\CodeIgniter.php(340): CodeIgniter\CodeIgniter->handleRequest(null, Object(Config\Cache), false)
 5 FCPATH\index.php(67): CodeIgniter\CodeIgniter->run()
CRITICAL - 2022-09-08 23:23:52 --> Undefined variable $modelcategories
in APPPATH\Controllers\Home.php on line 183.
 1 APPPATH\Controllers\Home.php(183): CodeIgniter\Debug\Exceptions->errorHandler(2, 'Undefined variable $modelcategories', 'APPPATH\\Controllers\\Home.php', 183)
 2 SYSTEMPATH\CodeIgniter.php(904): App\Controllers\Home->productEdit('2')
 3 SYSTEMPATH\CodeIgniter.php(457): CodeIgniter\CodeIgniter->runController(Object(App\Controllers\Home))
 4 SYSTEMPATH\CodeIgniter.php(340): CodeIgniter\CodeIgniter->handleRequest(null, Object(Config\Cache), false)
 5 FCPATH\index.php(67): CodeIgniter\CodeIgniter->run()
CRITICAL - 2022-09-08 23:24:15 --> Undefined variable $modelcategories
in APPPATH\Controllers\Home.php on line 183.
 1 APPPATH\Controllers\Home.php(183): CodeIgniter\Debug\Exceptions->errorHandler(2, 'Undefined variable $modelcategories', 'APPPATH\\Controllers\\Home.php', 183)
 2 SYSTEMPATH\CodeIgniter.php(904): App\Controllers\Home->productEdit('2')
 3 SYSTEMPATH\CodeIgniter.php(457): CodeIgniter\CodeIgniter->runController(Object(App\Controllers\Home))
 4 SYSTEMPATH\CodeIgniter.php(340): CodeIgniter\CodeIgniter->handleRequest(null, Object(Config\Cache), false)
 5 FCPATH\index.php(67): CodeIgniter\CodeIgniter->run()
CRITICAL - 2022-09-08 23:24:23 --> Undefined variable $modelcategories
in APPPATH\Controllers\Home.php on line 183.
 1 APPPATH\Controllers\Home.php(183): CodeIgniter\Debug\Exceptions->errorHandler(2, 'Undefined variable $modelcategories', 'APPPATH\\Controllers\\Home.php', 183)
 2 SYSTEMPATH\CodeIgniter.php(904): App\Controllers\Home->productEdit('2')
 3 SYSTEMPATH\CodeIgniter.php(457): CodeIgniter\CodeIgniter->runController(Object(App\Controllers\Home))
 4 SYSTEMPATH\CodeIgniter.php(340): CodeIgniter\CodeIgniter->handleRequest(null, Object(Config\Cache), false)
 5 FCPATH\index.php(67): CodeIgniter\CodeIgniter->run()
CRITICAL - 2022-09-08 23:25:22 --> Undefined variable $modelcategories
in APPPATH\Controllers\Home.php on line 183.
 1 APPPATH\Controllers\Home.php(183): CodeIgniter\Debug\Exceptions->errorHandler(2, 'Undefined variable $modelcategories', 'APPPATH\\Controllers\\Home.php', 183)
 2 SYSTEMPATH\CodeIgniter.php(904): App\Controllers\Home->productEdit('2')
 3 SYSTEMPATH\CodeIgniter.php(457): CodeIgniter\CodeIgniter->runController(Object(App\Controllers\Home))
 4 SYSTEMPATH\CodeIgniter.php(340): CodeIgniter\CodeIgniter->handleRequest(null, Object(Config\Cache), false)
 5 FCPATH\index.php(67): CodeIgniter\CodeIgniter->run()
CRITICAL - 2022-09-08 23:25:32 --> Undefined variable $modelcategories
in APPPATH\Controllers\Home.php on line 181.
 1 APPPATH\Controllers\Home.php(181): CodeIgniter\Debug\Exceptions->errorHandler(2, 'Undefined variable $modelcategories', 'APPPATH\\Controllers\\Home.php', 181)
 2 SYSTEMPATH\CodeIgniter.php(904): App\Controllers\Home->productEdit('2')
 3 SYSTEMPATH\CodeIgniter.php(457): CodeIgniter\CodeIgniter->runController(Object(App\Controllers\Home))
 4 SYSTEMPATH\CodeIgniter.php(340): CodeIgniter\CodeIgniter->handleRequest(null, Object(Config\Cache), false)
 5 FCPATH\index.php(67): CodeIgniter\CodeIgniter->run()
CRITICAL - 2022-09-08 23:25:41 --> Undefined variable $modelcategories
in APPPATH\Controllers\Home.php on line 181.
 1 APPPATH\Controllers\Home.php(181): CodeIgniter\Debug\Exceptions->errorHandler(2, 'Undefined variable $modelcategories', 'APPPATH\\Controllers\\Home.php', 181)
 2 SYSTEMPATH\CodeIgniter.php(904): App\Controllers\Home->productEdit('2')
 3 SYSTEMPATH\CodeIgniter.php(457): CodeIgniter\CodeIgniter->runController(Object(App\Controllers\Home))
 4 SYSTEMPATH\CodeIgniter.php(340): CodeIgniter\CodeIgniter->handleRequest(null, Object(Config\Cache), false)
 5 FCPATH\index.php(67): CodeIgniter\CodeIgniter->run()
CRITICAL - 2022-09-08 23:26:40 --> Undefined variable $modelcategories
in APPPATH\Controllers\Home.php on line 183.
 1 APPPATH\Controllers\Home.php(183): CodeIgniter\Debug\Exceptions->errorHandler(2, 'Undefined variable $modelcategories', 'APPPATH\\Controllers\\Home.php', 183)
 2 SYSTEMPATH\CodeIgniter.php(904): App\Controllers\Home->productEdit('2')
 3 SYSTEMPATH\CodeIgniter.php(457): CodeIgniter\CodeIgniter->runController(Object(App\Controllers\Home))
 4 SYSTEMPATH\CodeIgniter.php(340): CodeIgniter\CodeIgniter->handleRequest(null, Object(Config\Cache), false)
 5 FCPATH\index.php(67): CodeIgniter\CodeIgniter->run()
CRITICAL - 2022-09-08 23:26:59 --> Undefined variable $modelcategories
in APPPATH\Controllers\Home.php on line 183.
 1 APPPATH\Controllers\Home.php(183): CodeIgniter\Debug\Exceptions->errorHandler(2, 'Undefined variable $modelcategories', 'APPPATH\\Controllers\\Home.php', 183)
 2 SYSTEMPATH\CodeIgniter.php(904): App\Controllers\Home->productEdit('2')
 3 SYSTEMPATH\CodeIgniter.php(457): CodeIgniter\CodeIgniter->runController(Object(App\Controllers\Home))
 4 SYSTEMPATH\CodeIgniter.php(340): CodeIgniter\CodeIgniter->handleRequest(null, Object(Config\Cache), false)
 5 FCPATH\index.php(67): CodeIgniter\CodeIgniter->run()
