CRITICAL - 2023-05-28 00:01:26 --> Undefined variable $settings
in APPPATH\Views\backend\include\header.php on line 6.
 1 APPPATH\Views\backend\include\header.php(6): CodeIgniter\Debug\Exceptions->errorHandler(2, 'Undefined variable $settings', 'APPPATH\\Views\\backend\\include\\header.php', 6)
 2 SYSTEMPATH\View\View.php(213): include('APPPATH\\Views\\backend\\include\\header.php')
 3 SYSTEMPATH\View\View.php(216): CodeIgniter\View\View->CodeIgniter\View\{closure}()
 4 SYSTEMPATH\View\View.php(429): CodeIgniter\View\View->render('backend/include/header', null, true)
 5 APPPATH\Views\backend\category.php(1): CodeIgniter\View\View->include('backend/include/header')
 6 SYSTEMPATH\View\View.php(213): include('APPPATH\\Views\\backend\\category.php')
 7 SYSTEMPATH\View\View.php(216): CodeIgniter\View\View->CodeIgniter\View\{closure}()
 8 SYSTEMPATH\Common.php(1137): CodeIgniter\View\View->render('backend/category', [], true)
 9 APPPATH\Controllers\Home.php(45): view('backend/category', [...])
10 SYSTEMPATH\CodeIgniter.php(904): App\Controllers\Home->category()
11 SYSTEMPATH\CodeIgniter.php(457): CodeIgniter\CodeIgniter->runController(Object(App\Controllers\Home))
12 SYSTEMPATH\CodeIgniter.php(340): CodeIgniter\CodeIgniter->handleRequest(null, Object(Config\Cache), false)
13 FCPATH\index.php(67): CodeIgniter\CodeIgniter->run()
CRITICAL - 2023-05-28 00:01:35 --> Undefined variable $settings
in APPPATH\Views\backend\include\header.php on line 6.
 1 APPPATH\Views\backend\include\header.php(6): CodeIgniter\Debug\Exceptions->errorHandler(2, 'Undefined variable $settings', 'APPPATH\\Views\\backend\\include\\header.php', 6)
 2 SYSTEMPATH\View\View.php(213): include('APPPATH\\Views\\backend\\include\\header.php')
 3 SYSTEMPATH\View\View.php(216): CodeIgniter\View\View->CodeIgniter\View\{closure}()
 4 SYSTEMPATH\View\View.php(429): CodeIgniter\View\View->render('backend/include/header', null, true)
 5 APPPATH\Views\backend\panel.php(1): CodeIgniter\View\View->include('backend/include/header')
 6 SYSTEMPATH\View\View.php(213): include('APPPATH\\Views\\backend\\panel.php')
 7 SYSTEMPATH\View\View.php(216): CodeIgniter\View\View->CodeIgniter\View\{closure}()
 8 SYSTEMPATH\Common.php(1137): CodeIgniter\View\View->render('backend/panel', [], true)
 9 APPPATH\Controllers\Home.php(38): view('backend/panel', [...])
10 SYSTEMPATH\CodeIgniter.php(904): App\Controllers\Home->panel()
11 SYSTEMPATH\CodeIgniter.php(457): CodeIgniter\CodeIgniter->runController(Object(App\Controllers\Home))
12 SYSTEMPATH\CodeIgniter.php(340): CodeIgniter\CodeIgniter->handleRequest(null, Object(Config\Cache), false)
13 FCPATH\index.php(67): CodeIgniter\CodeIgniter->run()
CRITICAL - 2023-05-28 00:01:38 --> Undefined variable $settings
in APPPATH\Views\backend\include\header.php on line 6.
 1 APPPATH\Views\backend\include\header.php(6): CodeIgniter\Debug\Exceptions->errorHandler(2, 'Undefined variable $settings', 'APPPATH\\Views\\backend\\include\\header.php', 6)
 2 SYSTEMPATH\View\View.php(213): include('APPPATH\\Views\\backend\\include\\header.php')
 3 SYSTEMPATH\View\View.php(216): CodeIgniter\View\View->CodeIgniter\View\{closure}()
 4 SYSTEMPATH\View\View.php(429): CodeIgniter\View\View->render('backend/include/header', null, true)
 5 APPPATH\Views\backend\urun.php(1): CodeIgniter\View\View->include('backend/include/header')
 6 SYSTEMPATH\View\View.php(213): include('APPPATH\\Views\\backend\\urun.php')
 7 SYSTEMPATH\View\View.php(216): CodeIgniter\View\View->CodeIgniter\View\{closure}()
 8 SYSTEMPATH\Common.php(1137): CodeIgniter\View\View->render('backend/urun', [], true)
 9 APPPATH\Controllers\Home.php(118): view('backend/urun', [...])
10 SYSTEMPATH\CodeIgniter.php(904): App\Controllers\Home->urun()
11 SYSTEMPATH\CodeIgniter.php(457): CodeIgniter\CodeIgniter->runController(Object(App\Controllers\Home))
12 SYSTEMPATH\CodeIgniter.php(340): CodeIgniter\CodeIgniter->handleRequest(null, Object(Config\Cache), false)
13 FCPATH\index.php(67): CodeIgniter\CodeIgniter->run()
CRITICAL - 2023-05-28 00:01:42 --> Undefined variable $settings
in APPPATH\Views\backend\include\header.php on line 6.
 1 APPPATH\Views\backend\include\header.php(6): CodeIgniter\Debug\Exceptions->errorHandler(2, 'Undefined variable $settings', 'APPPATH\\Views\\backend\\include\\header.php', 6)
 2 SYSTEMPATH\View\View.php(213): include('APPPATH\\Views\\backend\\include\\header.php')
 3 SYSTEMPATH\View\View.php(216): CodeIgniter\View\View->CodeIgniter\View\{closure}()
 4 SYSTEMPATH\View\View.php(429): CodeIgniter\View\View->render('backend/include/header', null, true)
 5 APPPATH\Views\backend\callView.php(1): CodeIgniter\View\View->include('backend/include/header')
 6 SYSTEMPATH\View\View.php(213): include('APPPATH\\Views\\backend\\callView.php')
 7 SYSTEMPATH\View\View.php(216): CodeIgniter\View\View->CodeIgniter\View\{closure}()
 8 SYSTEMPATH\Common.php(1137): CodeIgniter\View\View->render('backend/callView', [], true)
 9 APPPATH\Controllers\Home.php(335): view('backend/callView', [...])
10 SYSTEMPATH\CodeIgniter.php(904): App\Controllers\Home->call_view()
11 SYSTEMPATH\CodeIgniter.php(457): CodeIgniter\CodeIgniter->runController(Object(App\Controllers\Home))
12 SYSTEMPATH\CodeIgniter.php(340): CodeIgniter\CodeIgniter->handleRequest(null, Object(Config\Cache), false)
13 FCPATH\index.php(67): CodeIgniter\CodeIgniter->run()
CRITICAL - 2023-05-28 00:01:46 --> Undefined variable $settings
in APPPATH\Views\backend\include\header.php on line 6.
 1 APPPATH\Views\backend\include\header.php(6): CodeIgniter\Debug\Exceptions->errorHandler(2, 'Undefined variable $settings', 'APPPATH\\Views\\backend\\include\\header.php', 6)
 2 SYSTEMPATH\View\View.php(213): include('APPPATH\\Views\\backend\\include\\header.php')
 3 SYSTEMPATH\View\View.php(216): CodeIgniter\View\View->CodeIgniter\View\{closure}()
 4 SYSTEMPATH\View\View.php(429): CodeIgniter\View\View->render('backend/include/header', null, true)
 5 APPPATH\Views\backend\employeAddView.php(1): CodeIgniter\View\View->include('backend/include/header')
 6 SYSTEMPATH\View\View.php(213): include('APPPATH\\Views\\backend\\employeAddView.php')
 7 SYSTEMPATH\View\View.php(216): CodeIgniter\View\View->CodeIgniter\View\{closure}()
 8 SYSTEMPATH\Common.php(1137): CodeIgniter\View\View->render('backend/employeAddView', [], true)
 9 APPPATH\Config\Routes.php(64): view('backend/employeAddView', [...])
10 SYSTEMPATH\CodeIgniter.php(845): CodeIgniter\CodeIgniter::Config\{closure}()
11 SYSTEMPATH\CodeIgniter.php(444): CodeIgniter\CodeIgniter->startController()
12 SYSTEMPATH\CodeIgniter.php(340): CodeIgniter\CodeIgniter->handleRequest(null, Object(Config\Cache), false)
13 FCPATH\index.php(67): CodeIgniter\CodeIgniter->run()
CRITICAL - 2023-05-28 00:02:05 --> Undefined variable $settings
in APPPATH\Views\backend\include\header.php on line 6.
 1 APPPATH\Views\backend\include\header.php(6): CodeIgniter\Debug\Exceptions->errorHandler(2, 'Undefined variable $settings', 'APPPATH\\Views\\backend\\include\\header.php', 6)
 2 SYSTEMPATH\View\View.php(213): include('APPPATH\\Views\\backend\\include\\header.php')
 3 SYSTEMPATH\View\View.php(216): CodeIgniter\View\View->CodeIgniter\View\{closure}()
 4 SYSTEMPATH\View\View.php(429): CodeIgniter\View\View->render('backend/include/header', null, true)
 5 APPPATH\Views\backend\panel.php(1): CodeIgniter\View\View->include('backend/include/header')
 6 SYSTEMPATH\View\View.php(213): include('APPPATH\\Views\\backend\\panel.php')
 7 SYSTEMPATH\View\View.php(216): CodeIgniter\View\View->CodeIgniter\View\{closure}()
 8 SYSTEMPATH\Common.php(1137): CodeIgniter\View\View->render('backend/panel', [], true)
 9 APPPATH\Controllers\Home.php(38): view('backend/panel', [...])
10 SYSTEMPATH\CodeIgniter.php(904): App\Controllers\Home->panel()
11 SYSTEMPATH\CodeIgniter.php(457): CodeIgniter\CodeIgniter->runController(Object(App\Controllers\Home))
12 SYSTEMPATH\CodeIgniter.php(340): CodeIgniter\CodeIgniter->handleRequest(null, Object(Config\Cache), false)
13 FCPATH\index.php(67): CodeIgniter\CodeIgniter->run()
CRITICAL - 2023-05-28 00:02:30 --> Undefined variable $settings
in APPPATH\Views\backend\include\header.php on line 6.
 1 APPPATH\Views\backend\include\header.php(6): CodeIgniter\Debug\Exceptions->errorHandler(2, 'Undefined variable $settings', 'APPPATH\\Views\\backend\\include\\header.php', 6)
 2 SYSTEMPATH\View\View.php(213): include('APPPATH\\Views\\backend\\include\\header.php')
 3 SYSTEMPATH\View\View.php(216): CodeIgniter\View\View->CodeIgniter\View\{closure}()
 4 SYSTEMPATH\View\View.php(429): CodeIgniter\View\View->render('backend/include/header', null, true)
 5 APPPATH\Views\backend\productInsertView.php(1): CodeIgniter\View\View->include('backend/include/header')
 6 SYSTEMPATH\View\View.php(213): include('APPPATH\\Views\\backend\\productInsertView.php')
 7 SYSTEMPATH\View\View.php(216): CodeIgniter\View\View->CodeIgniter\View\{closure}()
 8 SYSTEMPATH\Common.php(1137): CodeIgniter\View\View->render('/backend/productInsertView', [], true)
 9 APPPATH\Config\Routes.php(70): view('/backend/productInsertView', [...])
10 SYSTEMPATH\CodeIgniter.php(845): CodeIgniter\CodeIgniter::Config\{closure}()
11 SYSTEMPATH\CodeIgniter.php(444): CodeIgniter\CodeIgniter->startController()
12 SYSTEMPATH\CodeIgniter.php(340): CodeIgniter\CodeIgniter->handleRequest(null, Object(Config\Cache), false)
13 FCPATH\index.php(67): CodeIgniter\CodeIgniter->run()
CRITICAL - 2023-05-28 00:03:15 --> Undefined variable $settings
in APPPATH\Views\backend\include\header.php on line 6.
 1 APPPATH\Views\backend\include\header.php(6): CodeIgniter\Debug\Exceptions->errorHandler(2, 'Undefined variable $settings', 'APPPATH\\Views\\backend\\include\\header.php', 6)
 2 SYSTEMPATH\View\View.php(213): include('APPPATH\\Views\\backend\\include\\header.php')
 3 SYSTEMPATH\View\View.php(216): CodeIgniter\View\View->CodeIgniter\View\{closure}()
 4 SYSTEMPATH\View\View.php(429): CodeIgniter\View\View->render('backend/include/header', null, true)
 5 APPPATH\Views\backend\panel.php(1): CodeIgniter\View\View->include('backend/include/header')
 6 SYSTEMPATH\View\View.php(213): include('APPPATH\\Views\\backend\\panel.php')
 7 SYSTEMPATH\View\View.php(216): CodeIgniter\View\View->CodeIgniter\View\{closure}()
 8 SYSTEMPATH\Common.php(1137): CodeIgniter\View\View->render('backend/panel', [], true)
 9 APPPATH\Controllers\Home.php(38): view('backend/panel', [...])
10 SYSTEMPATH\CodeIgniter.php(904): App\Controllers\Home->panel()
11 SYSTEMPATH\CodeIgniter.php(457): CodeIgniter\CodeIgniter->runController(Object(App\Controllers\Home))
12 SYSTEMPATH\CodeIgniter.php(340): CodeIgniter\CodeIgniter->handleRequest(null, Object(Config\Cache), false)
13 FCPATH\index.php(67): CodeIgniter\CodeIgniter->run()
CRITICAL - 2023-05-28 00:03:36 --> Undefined variable $settings
in APPPATH\Views\backend\include\header.php on line 6.
 1 APPPATH\Views\backend\include\header.php(6): CodeIgniter\Debug\Exceptions->errorHandler(2, 'Undefined variable $settings', 'APPPATH\\Views\\backend\\include\\header.php', 6)
 2 SYSTEMPATH\View\View.php(213): include('APPPATH\\Views\\backend\\include\\header.php')
 3 SYSTEMPATH\View\View.php(216): CodeIgniter\View\View->CodeIgniter\View\{closure}()
 4 SYSTEMPATH\View\View.php(429): CodeIgniter\View\View->render('backend/include/header', null, true)
 5 APPPATH\Views\backend\employeAddView.php(1): CodeIgniter\View\View->include('backend/include/header')
 6 SYSTEMPATH\View\View.php(213): include('APPPATH\\Views\\backend\\employeAddView.php')
 7 SYSTEMPATH\View\View.php(216): CodeIgniter\View\View->CodeIgniter\View\{closure}()
 8 SYSTEMPATH\Common.php(1137): CodeIgniter\View\View->render('backend/employeAddView', [], true)
 9 APPPATH\Config\Routes.php(64): view('backend/employeAddView', [...])
10 SYSTEMPATH\CodeIgniter.php(845): CodeIgniter\CodeIgniter::Config\{closure}()
11 SYSTEMPATH\CodeIgniter.php(444): CodeIgniter\CodeIgniter->startController()
12 SYSTEMPATH\CodeIgniter.php(340): CodeIgniter\CodeIgniter->handleRequest(null, Object(Config\Cache), false)
13 FCPATH\index.php(67): CodeIgniter\CodeIgniter->run()
CRITICAL - 2023-05-28 00:04:18 --> Undefined variable $settings
in APPPATH\Views\backend\include\header.php on line 6.
 1 APPPATH\Views\backend\include\header.php(6): CodeIgniter\Debug\Exceptions->errorHandler(2, 'Undefined variable $settings', 'APPPATH\\Views\\backend\\include\\header.php', 6)
 2 SYSTEMPATH\View\View.php(213): include('APPPATH\\Views\\backend\\include\\header.php')
 3 SYSTEMPATH\View\View.php(216): CodeIgniter\View\View->CodeIgniter\View\{closure}()
 4 SYSTEMPATH\View\View.php(429): CodeIgniter\View\View->render('backend/include/header', null, true)
 5 APPPATH\Views\backend\panel.php(1): CodeIgniter\View\View->include('backend/include/header')
 6 SYSTEMPATH\View\View.php(213): include('APPPATH\\Views\\backend\\panel.php')
 7 SYSTEMPATH\View\View.php(216): CodeIgniter\View\View->CodeIgniter\View\{closure}()
 8 SYSTEMPATH\Common.php(1137): CodeIgniter\View\View->render('backend/panel', [], true)
 9 APPPATH\Controllers\Home.php(38): view('backend/panel', [...])
10 SYSTEMPATH\CodeIgniter.php(904): App\Controllers\Home->panel()
11 SYSTEMPATH\CodeIgniter.php(457): CodeIgniter\CodeIgniter->runController(Object(App\Controllers\Home))
12 SYSTEMPATH\CodeIgniter.php(340): CodeIgniter\CodeIgniter->handleRequest(null, Object(Config\Cache), false)
13 FCPATH\index.php(67): CodeIgniter\CodeIgniter->run()
