CRITICAL - 2022-09-13 01:32:37 --> Call to a member function get() on null
in APPPATH/Views/backend/include/leftmenu.php on line 16.
 1 SYSTEMPATH/View/View.php(213): include()
 2 SYSTEMPATH/View/View.php(216): CodeIgniter\View\View->CodeIgniter\View\{closure}()
 3 SYSTEMPATH/View/View.php(429): CodeIgniter\View\View->render('backend/include/leftmenu', null, true)
 4 APPPATH/Views/backend/panel.php(6): CodeIgniter\View\View->include('backend/include/leftmenu')
 5 SYSTEMPATH/View/View.php(213): include('APPPATH/Views/backend/panel.php')
 6 SYSTEMPATH/View/View.php(216): CodeIgniter\View\View->CodeIgniter\View\{closure}()
 7 SYSTEMPATH/Common.php(1137): CodeIgniter\View\View->render('backend/panel', [], true)
 8 APPPATH/Controllers/Home.php(34): view('backend/panel')
 9 SYSTEMPATH/CodeIgniter.php(904): App\Controllers\Home->panel()
10 SYSTEMPATH/CodeIgniter.php(457): CodeIgniter\CodeIgniter->runController(Object(App\Controllers\Home))
11 SYSTEMPATH/CodeIgniter.php(340): CodeIgniter\CodeIgniter->handleRequest(null, Object(Config\Cache), false)
12 FCPATH/index.php(67): CodeIgniter\CodeIgniter->run()
CRITICAL - 2022-09-13 02:11:22 --> unlink(./img/product/slak-hamburger.jpg): No such file or directory
in APPPATH/Controllers/Home.php on line 217.
 1 [internal function]: CodeIgniter\Debug\Exceptions->errorHandler(2, 'unlink(./img/product/slak-hamburger.jpg): No such file or directory', 'APPPATH/Controllers/Home.php', 217, [...])
 2 APPPATH/Controllers/Home.php(217): unlink('./img/product/slak-hamburger.jpg')
 3 SYSTEMPATH/CodeIgniter.php(904): App\Controllers\Home->productEdit('11')
 4 SYSTEMPATH/CodeIgniter.php(457): CodeIgniter\CodeIgniter->runController(Object(App\Controllers\Home))
 5 SYSTEMPATH/CodeIgniter.php(340): CodeIgniter\CodeIgniter->handleRequest(null, Object(Config\Cache), false)
 6 FCPATH/index.php(67): CodeIgniter\CodeIgniter->run()
CRITICAL - 2022-09-13 02:11:39 --> unlink(./img/product/slak-hamburger.jpg): No such file or directory
in APPPATH/Controllers/Home.php on line 217.
 1 [internal function]: CodeIgniter\Debug\Exceptions->errorHandler(2, 'unlink(./img/product/slak-hamburger.jpg): No such file or directory', 'APPPATH/Controllers/Home.php', 217, [...])
 2 APPPATH/Controllers/Home.php(217): unlink('./img/product/slak-hamburger.jpg')
 3 SYSTEMPATH/CodeIgniter.php(904): App\Controllers\Home->productEdit('11')
 4 SYSTEMPATH/CodeIgniter.php(457): CodeIgniter\CodeIgniter->runController(Object(App\Controllers\Home))
 5 SYSTEMPATH/CodeIgniter.php(340): CodeIgniter\CodeIgniter->handleRequest(null, Object(Config\Cache), false)
 6 FCPATH/index.php(67): CodeIgniter\CodeIgniter->run()
CRITICAL - 2022-09-13 02:15:57 --> unlink(./img/product/slak-hamburger.jpg): No such file or directory
in APPPATH/Controllers/Home.php on line 217.
 1 [internal function]: CodeIgniter\Debug\Exceptions->errorHandler(2, 'unlink(./img/product/slak-hamburger.jpg): No such file or directory', 'APPPATH/Controllers/Home.php', 217, [...])
 2 APPPATH/Controllers/Home.php(217): unlink('./img/product/slak-hamburger.jpg')
 3 SYSTEMPATH/CodeIgniter.php(904): App\Controllers\Home->productEdit('11')
 4 SYSTEMPATH/CodeIgniter.php(457): CodeIgniter\CodeIgniter->runController(Object(App\Controllers\Home))
 5 SYSTEMPATH/CodeIgniter.php(340): CodeIgniter\CodeIgniter->handleRequest(null, Object(Config\Cache), false)
 6 FCPATH/index.php(67): CodeIgniter\CodeIgniter->run()
CRITICAL - 2022-09-13 02:21:41 --> unlink(./img/product/slak-hamburger.jpg): No such file or directory
in APPPATH/Controllers/Home.php on line 217.
 1 [internal function]: CodeIgniter\Debug\Exceptions->errorHandler(2, 'unlink(./img/product/slak-hamburger.jpg): No such file or directory', 'APPPATH/Controllers/Home.php', 217, [...])
 2 APPPATH/Controllers/Home.php(217): unlink('./img/product/slak-hamburger.jpg')
 3 SYSTEMPATH/CodeIgniter.php(904): App\Controllers\Home->productEdit('11')
 4 SYSTEMPATH/CodeIgniter.php(457): CodeIgniter\CodeIgniter->runController(Object(App\Controllers\Home))
 5 SYSTEMPATH/CodeIgniter.php(340): CodeIgniter\CodeIgniter->handleRequest(null, Object(Config\Cache), false)
 6 FCPATH/index.php(67): CodeIgniter\CodeIgniter->run()
CRITICAL - 2022-09-13 02:37:39 --> unlink(./img/product/slak-hamburger-9.jpg): No such file or directory
in APPPATH/Controllers/Home.php on line 217.
 1 [internal function]: CodeIgniter\Debug\Exceptions->errorHandler(2, 'unlink(./img/product/slak-hamburger-9.jpg): No such file or directory', 'APPPATH/Controllers/Home.php', 217, [...])
 2 APPPATH/Controllers/Home.php(217): unlink('./img/product/slak-hamburger-9.jpg')
 3 SYSTEMPATH/CodeIgniter.php(904): App\Controllers\Home->productEdit('14')
 4 SYSTEMPATH/CodeIgniter.php(457): CodeIgniter\CodeIgniter->runController(Object(App\Controllers\Home))
 5 SYSTEMPATH/CodeIgniter.php(340): CodeIgniter\CodeIgniter->handleRequest(null, Object(Config\Cache), false)
 6 FCPATH/index.php(67): CodeIgniter\CodeIgniter->run()
CRITICAL - 2022-09-13 02:41:31 --> unlink(./img/product/ıslak-hamburger-9.jpg): No such file or directory
in APPPATH/Controllers/Home.php on line 161.
 1 [internal function]: CodeIgniter\Debug\Exceptions->errorHandler(2, 'unlink(./img/product/ıslak-hamburger-9.jpg): No such file or directory', 'APPPATH/Controllers/Home.php', 161, [...])
 2 APPPATH/Controllers/Home.php(161): unlink('./img/product/ıslak-hamburger-9.jpg')
 3 SYSTEMPATH/CodeIgniter.php(904): App\Controllers\Home->productsDelete('14')
 4 SYSTEMPATH/CodeIgniter.php(457): CodeIgniter\CodeIgniter->runController(Object(App\Controllers\Home))
 5 SYSTEMPATH/CodeIgniter.php(340): CodeIgniter\CodeIgniter->handleRequest(null, Object(Config\Cache), false)
 6 FCPATH/index.php(67): CodeIgniter\CodeIgniter->run()
CRITICAL - 2022-09-13 02:58:37 --> Argument 2 passed to CodeIgniter\View\View::include() must be of the type array or null, string given, called in /home/vol13_4/epizy.com/epiz_32416034/htdocs/app/Views/backend/productInsertView.php on line 1
in SYSTEMPATH/View/View.php on line 427.
 1 APPPATH/Views/backend/productInsertView.php(1): CodeIgniter\View\View->include('backend/include/header', 'Content-Type: text/html; charset=UTF-8')
 2 SYSTEMPATH/View/View.php(213): include('APPPATH/Views/backend/productInsertView.php')
 3 SYSTEMPATH/View/View.php(216): CodeIgniter\View\View->CodeIgniter\View\{closure}()
 4 SYSTEMPATH/Common.php(1137): CodeIgniter\View\View->render('/backend/productInsertView', [], true)
 5 APPPATH/Config/Routes.php(56): view('/backend/productInsertView', [...])
 6 SYSTEMPATH/CodeIgniter.php(845): CodeIgniter\CodeIgniter::Config\{closure}()
 7 SYSTEMPATH/CodeIgniter.php(444): CodeIgniter\CodeIgniter->startController()
 8 SYSTEMPATH/CodeIgniter.php(340): CodeIgniter\CodeIgniter->handleRequest(null, Object(Config\Cache), false)
 9 FCPATH/index.php(67): CodeIgniter\CodeIgniter->run()
CRITICAL - 2022-09-13 02:58:46 --> Argument 2 passed to CodeIgniter\View\View::include() must be of the type array or null, string given, called in /home/vol13_4/epizy.com/epiz_32416034/htdocs/app/Views/backend/productInsertView.php on line 1
in SYSTEMPATH/View/View.php on line 427.
 1 APPPATH/Views/backend/productInsertView.php(1): CodeIgniter\View\View->include('backend/include/header', 'Content-Type: text/html; charset=UTF-8')
 2 SYSTEMPATH/View/View.php(213): include('APPPATH/Views/backend/productInsertView.php')
 3 SYSTEMPATH/View/View.php(216): CodeIgniter\View\View->CodeIgniter\View\{closure}()
 4 SYSTEMPATH/Common.php(1137): CodeIgniter\View\View->render('/backend/productInsertView', [], true)
 5 APPPATH/Config/Routes.php(56): view('/backend/productInsertView', [...])
 6 SYSTEMPATH/CodeIgniter.php(845): CodeIgniter\CodeIgniter::Config\{closure}()
 7 SYSTEMPATH/CodeIgniter.php(444): CodeIgniter\CodeIgniter->startController()
 8 SYSTEMPATH/CodeIgniter.php(340): CodeIgniter\CodeIgniter->handleRequest(null, Object(Config\Cache), false)
 9 FCPATH/index.php(67): CodeIgniter\CodeIgniter->run()
ERROR - 2022-09-13 09:57:09 --> Error connecting to the database: ErrorException: Packets out of order. Expected 0 received 1. Packet size=23 in /home/vol13_4/epizy.com/epiz_32416034/htdocs/system/Database/MySQLi/Connection.php:171
Stack trace:
#0 [internal function]: CodeIgniter\Debug\Exceptions->errorHandler(2, 'Packets out of ...', '/home/vol13_4/e...', 171, Array)
#1 /home/vol13_4/epizy.com/epiz_32416034/htdocs/system/Database/MySQLi/Connection.php(171): mysqli->real_connect('sql213.epizy.co...', 'epiz_32416034', 'tZPPtcgkYJ', 'epiz_32416034_i...', 3306, '', 0)
#2 /home/vol13_4/epizy.com/epiz_32416034/htdocs/system/Database/BaseConnection.php(382): CodeIgniter\Database\MySQLi\Connection->connect(false)
#3 /home/vol13_4/epizy.com/epiz_32416034/htdocs/system/Database/BaseConnection.php(588): CodeIgniter\Database\BaseConnection->initialize()
#4 /home/vol13_4/epizy.com/epiz_32416034/htdocs/system/Database/BaseBuilder.php(1585): CodeIgniter\Database\BaseConnection->query('SELECT *\nFROM `...', Array, false)
#5 /home/vol13_4/epizy.com/epiz_32416034/htdocs/system/Model.php(222): CodeIgniter\Database\BaseBuilder->get()
#6 /home/vol13_4/epizy.com/epiz_32416034/htdocs/system/BaseModel.php(584): CodeIgniter\Model->doFindAll(0, 0)
#7 /home/vol13_4/epizy.com/epiz_32416034/htdocs/app/Controllers/Anasayfa.php(14): CodeIgniter\BaseModel->findAll()
#8 /home/vol13_4/epizy.com/epiz_32416034/htdocs/system/CodeIgniter.php(904): App\Controllers\Anasayfa->index()
#9 /home/vol13_4/epizy.com/epiz_32416034/htdocs/system/CodeIgniter.php(457): CodeIgniter\CodeIgniter->runController(Object(App\Controllers\Anasayfa))
#10 /home/vol13_4/epizy.com/epiz_32416034/htdocs/system/CodeIgniter.php(340): CodeIgniter\CodeIgniter->handleRequest(NULL, Object(Config\Cache), false)
#11 /home/vol13_4/epizy.com/epiz_32416034/htdocs/index.php(67): CodeIgniter\CodeIgniter->run()
#12 {main}

Next mysqli_sql_exception: MySQL server has gone away in /home/vol13_4/epizy.com/epiz_32416034/htdocs/system/Database/MySQLi/Connection.php:171
Stack trace:
#0 /home/vol13_4/epizy.com/epiz_32416034/htdocs/system/Database/MySQLi/Connection.php(171): mysqli->real_connect('sql213.epizy.co...', 'epiz_32416034', 'tZPPtcgkYJ', 'epiz_32416034_i...', 3306, '', 0)
#1 /home/vol13_4/epizy.com/epiz_32416034/htdocs/system/Database/BaseConnection.php(382): CodeIgniter\Database\MySQLi\Connection->connect(false)
#2 /home/vol13_4/epizy.com/epiz_32416034/htdocs/system/Database/BaseConnection.php(588): CodeIgniter\Database\BaseConnection->initialize()
#3 /home/vol13_4/epizy.com/epiz_32416034/htdocs/system/Database/BaseBuilder.php(1585): CodeIgniter\Database\BaseConnection->query('SELECT *\nFROM `...', Array, false)
#4 /home/vol13_4/epizy.com/epiz_32416034/htdocs/system/Model.php(222): CodeIgniter\Database\BaseBuilder->get()
#5 /home/vol13_4/epizy.com/epiz_32416034/htdocs/system/BaseModel.php(584): CodeIgniter\Model->doFindAll(0, 0)
#6 /home/vol13_4/epizy.com/epiz_32416034/htdocs/app/Controllers/Anasayfa.php(14): CodeIgniter\BaseModel->findAll()
#7 /home/vol13_4/epizy.com/epiz_32416034/htdocs/system/CodeIgniter.php(904): App\Controllers\Anasayfa->index()
#8 /home/vol13_4/epizy.com/epiz_32416034/htdocs/system/CodeIgniter.php(457): CodeIgniter\CodeIgniter->runController(Object(App\Controllers\Anasayfa))
#9 /home/vol13_4/epizy.com/epiz_32416034/htdocs/system/CodeIgniter.php(340): CodeIgniter\CodeIgniter->handleRequest(NULL, Object(Config\Cache), false)
#10 /home/vol13_4/epizy.com/epiz_32416034/htdocs/index.php(67): CodeIgniter\CodeIgniter->run()
#11 {main}

Next CodeIgniter\Database\Exceptions\DatabaseException: MySQL server has gone away in /home/vol13_4/epizy.com/epiz_32416034/htdocs/system/Database/MySQLi/Connection.php:215
Stack trace:
#0 /home/vol13_4/epizy.com/epiz_32416034/htdocs/system/Database/BaseConnection.php(382): CodeIgniter\Database\MySQLi\Connection->connect(false)
#1 /home/vol13_4/epizy.com/epiz_32416034/htdocs/system/Database/BaseConnection.php(588): CodeIgniter\Database\BaseConnection->initialize()
#2 /home/vol13_4/epizy.com/epiz_32416034/htdocs/system/Database/BaseBuilder.php(1585): CodeIgniter\Database\BaseConnection->query('SELECT *\nFROM `...', Array, false)
#3 /home/vol13_4/epizy.com/epiz_32416034/htdocs/system/Model.php(222): CodeIgniter\Database\BaseBuilder->get()
#4 /home/vol13_4/epizy.com/epiz_32416034/htdocs/system/BaseModel.php(584): CodeIgniter\Model->doFindAll(0, 0)
#5 /home/vol13_4/epizy.com/epiz_32416034/htdocs/app/Controllers/Anasayfa.php(14): CodeIgniter\BaseModel->findAll()
#6 /home/vol13_4/epizy.com/epiz_32416034/htdocs/system/CodeIgniter.php(904): App\Controllers\Anasayfa->index()
#7 /home/vol13_4/epizy.com/epiz_32416034/htdocs/system/CodeIgniter.php(457): CodeIgniter\CodeIgniter->runController(Object(App\Controllers\Anasayfa))
#8 /home/vol13_4/epizy.com/epiz_32416034/htdocs/system/CodeIgniter.php(340): CodeIgniter\CodeIgniter->handleRequest(NULL, Object(Config\Cache), false)
#9 /home/vol13_4/epizy.com/epiz_32416034/htdocs/index.php(67): CodeIgniter\CodeIgniter->run()
#10 {main}
CRITICAL - 2022-09-13 09:57:09 --> Unable to connect to the database.
Main connection [MySQLi]: MySQL server has gone away
in SYSTEMPATH/Database/BaseConnection.php on line 418.
 1 SYSTEMPATH/Database/BaseConnection.php(588): CodeIgniter\Database\BaseConnection->initialize()
 2 SYSTEMPATH/Database/BaseBuilder.php(1585): CodeIgniter\Database\BaseConnection->query('SELECT *
FROM `categories`', [], false)
 3 SYSTEMPATH/Model.php(222): CodeIgniter\Database\BaseBuilder->get()
 4 SYSTEMPATH/BaseModel.php(584): CodeIgniter\Model->doFindAll(0, 0)
 5 APPPATH/Controllers/Anasayfa.php(14): CodeIgniter\BaseModel->findAll()
 6 SYSTEMPATH/CodeIgniter.php(904): App\Controllers\Anasayfa->index()
 7 SYSTEMPATH/CodeIgniter.php(457): CodeIgniter\CodeIgniter->runController(Object(App\Controllers\Anasayfa))
 8 SYSTEMPATH/CodeIgniter.php(340): CodeIgniter\CodeIgniter->handleRequest(null, Object(Config\Cache), false)
 9 FCPATH/index.php(67): CodeIgniter\CodeIgniter->run()
ERROR - 2022-09-13 20:43:35 --> Error connecting to the database: ErrorException: Packets out of order. Expected 0 received 1. Packet size=23 in /home/vol13_4/epizy.com/epiz_32416034/htdocs/system/Database/MySQLi/Connection.php:171
Stack trace:
#0 [internal function]: CodeIgniter\Debug\Exceptions->errorHandler(2, 'Packets out of ...', '/home/vol13_4/e...', 171, Array)
#1 /home/vol13_4/epizy.com/epiz_32416034/htdocs/system/Database/MySQLi/Connection.php(171): mysqli->real_connect('sql213.epizy.co...', 'epiz_32416034', 'tZPPtcgkYJ', 'epiz_32416034_i...', 3306, '', 0)
#2 /home/vol13_4/epizy.com/epiz_32416034/htdocs/system/Database/BaseConnection.php(382): CodeIgniter\Database\MySQLi\Connection->connect(false)
#3 /home/vol13_4/epizy.com/epiz_32416034/htdocs/system/Database/BaseConnection.php(588): CodeIgniter\Database\BaseConnection->initialize()
#4 /home/vol13_4/epizy.com/epiz_32416034/htdocs/system/Database/BaseBuilder.php(1585): CodeIgniter\Database\BaseConnection->query('SELECT *\nFROM `...', Array, false)
#5 /home/vol13_4/epizy.com/epiz_32416034/htdocs/system/Model.php(222): CodeIgniter\Database\BaseBuilder->get()
#6 /home/vol13_4/epizy.com/epiz_32416034/htdocs/system/BaseModel.php(584): CodeIgniter\Model->doFindAll(0, 0)
#7 /home/vol13_4/epizy.com/epiz_32416034/htdocs/app/Config/Routes.php(55): CodeIgniter\BaseModel->findAll()
#8 /home/vol13_4/epizy.com/epiz_32416034/htdocs/system/CodeIgniter.php(845): CodeIgniter\CodeIgniter::Config\{closure}()
#9 /home/vol13_4/epizy.com/epiz_32416034/htdocs/system/CodeIgniter.php(444): CodeIgniter\CodeIgniter->startController()
#10 /home/vol13_4/epizy.com/epiz_32416034/htdocs/system/CodeIgniter.php(340): CodeIgniter\CodeIgniter->handleRequest(NULL, Object(Config\Cache), false)
#11 /home/vol13_4/epizy.com/epiz_32416034/htdocs/index.php(67): CodeIgniter\CodeIgniter->run()
#12 {main}

Next mysqli_sql_exception: MySQL server has gone away in /home/vol13_4/epizy.com/epiz_32416034/htdocs/system/Database/MySQLi/Connection.php:171
Stack trace:
#0 /home/vol13_4/epizy.com/epiz_32416034/htdocs/system/Database/MySQLi/Connection.php(171): mysqli->real_connect('sql213.epizy.co...', 'epiz_32416034', 'tZPPtcgkYJ', 'epiz_32416034_i...', 3306, '', 0)
#1 /home/vol13_4/epizy.com/epiz_32416034/htdocs/system/Database/BaseConnection.php(382): CodeIgniter\Database\MySQLi\Connection->connect(false)
#2 /home/vol13_4/epizy.com/epiz_32416034/htdocs/system/Database/BaseConnection.php(588): CodeIgniter\Database\BaseConnection->initialize()
#3 /home/vol13_4/epizy.com/epiz_32416034/htdocs/system/Database/BaseBuilder.php(1585): CodeIgniter\Database\BaseConnection->query('SELECT *\nFROM `...', Array, false)
#4 /home/vol13_4/epizy.com/epiz_32416034/htdocs/system/Model.php(222): CodeIgniter\Database\BaseBuilder->get()
#5 /home/vol13_4/epizy.com/epiz_32416034/htdocs/system/BaseModel.php(584): CodeIgniter\Model->doFindAll(0, 0)
#6 /home/vol13_4/epizy.com/epiz_32416034/htdocs/app/Config/Routes.php(55): CodeIgniter\BaseModel->findAll()
#7 /home/vol13_4/epizy.com/epiz_32416034/htdocs/system/CodeIgniter.php(845): CodeIgniter\CodeIgniter::Config\{closure}()
#8 /home/vol13_4/epizy.com/epiz_32416034/htdocs/system/CodeIgniter.php(444): CodeIgniter\CodeIgniter->startController()
#9 /home/vol13_4/epizy.com/epiz_32416034/htdocs/system/CodeIgniter.php(340): CodeIgniter\CodeIgniter->handleRequest(NULL, Object(Config\Cache), false)
#10 /home/vol13_4/epizy.com/epiz_32416034/htdocs/index.php(67): CodeIgniter\CodeIgniter->run()
#11 {main}

Next CodeIgniter\Database\Exceptions\DatabaseException: MySQL server has gone away in /home/vol13_4/epizy.com/epiz_32416034/htdocs/system/Database/MySQLi/Connection.php:215
Stack trace:
#0 /home/vol13_4/epizy.com/epiz_32416034/htdocs/system/Database/BaseConnection.php(382): CodeIgniter\Database\MySQLi\Connection->connect(false)
#1 /home/vol13_4/epizy.com/epiz_32416034/htdocs/system/Database/BaseConnection.php(588): CodeIgniter\Database\BaseConnection->initialize()
#2 /home/vol13_4/epizy.com/epiz_32416034/htdocs/system/Database/BaseBuilder.php(1585): CodeIgniter\Database\BaseConnection->query('SELECT *\nFROM `...', Array, false)
#3 /home/vol13_4/epizy.com/epiz_32416034/htdocs/system/Model.php(222): CodeIgniter\Database\BaseBuilder->get()
#4 /home/vol13_4/epizy.com/epiz_32416034/htdocs/system/BaseModel.php(584): CodeIgniter\Model->doFindAll(0, 0)
#5 /home/vol13_4/epizy.com/epiz_32416034/htdocs/app/Config/Routes.php(55): CodeIgniter\BaseModel->findAll()
#6 /home/vol13_4/epizy.com/epiz_32416034/htdocs/system/CodeIgniter.php(845): CodeIgniter\CodeIgniter::Config\{closure}()
#7 /home/vol13_4/epizy.com/epiz_32416034/htdocs/system/CodeIgniter.php(444): CodeIgniter\CodeIgniter->startController()
#8 /home/vol13_4/epizy.com/epiz_32416034/htdocs/system/CodeIgniter.php(340): CodeIgniter\CodeIgniter->handleRequest(NULL, Object(Config\Cache), false)
#9 /home/vol13_4/epizy.com/epiz_32416034/htdocs/index.php(67): CodeIgniter\CodeIgniter->run()
#10 {main}
CRITICAL - 2022-09-13 20:43:36 --> Unable to connect to the database.
Main connection [MySQLi]: MySQL server has gone away
in SYSTEMPATH/Database/BaseConnection.php on line 418.
 1 SYSTEMPATH/Database/BaseConnection.php(588): CodeIgniter\Database\BaseConnection->initialize()
 2 SYSTEMPATH/Database/BaseBuilder.php(1585): CodeIgniter\Database\BaseConnection->query('SELECT *
FROM `categories`', [], false)
 3 SYSTEMPATH/Model.php(222): CodeIgniter\Database\BaseBuilder->get()
 4 SYSTEMPATH/BaseModel.php(584): CodeIgniter\Model->doFindAll(0, 0)
 5 APPPATH/Config/Routes.php(55): CodeIgniter\BaseModel->findAll()
 6 SYSTEMPATH/CodeIgniter.php(845): CodeIgniter\CodeIgniter::Config\{closure}()
 7 SYSTEMPATH/CodeIgniter.php(444): CodeIgniter\CodeIgniter->startController()
 8 SYSTEMPATH/CodeIgniter.php(340): CodeIgniter\CodeIgniter->handleRequest(null, Object(Config\Cache), false)
 9 FCPATH/index.php(67): CodeIgniter\CodeIgniter->run()
CRITICAL - 2022-09-13 20:57:10 --> Cannot use object of type CodeIgniter\HTTP\Files\UploadedFile as array
in APPPATH/Controllers/Home.php on line 304.
 1 SYSTEMPATH/CodeIgniter.php(904): App\Controllers\Home->insertProduct()
 2 SYSTEMPATH/CodeIgniter.php(457): CodeIgniter\CodeIgniter->runController(Object(App\Controllers\Home))
 3 SYSTEMPATH/CodeIgniter.php(340): CodeIgniter\CodeIgniter->handleRequest(null, Object(Config\Cache), false)
 4 FCPATH/index.php(67): CodeIgniter\CodeIgniter->run()
CRITICAL - 2022-09-13 21:10:48 --> Call to undefined function App\Controllers\base_name()
in APPPATH/Controllers/Home.php on line 304.
 1 SYSTEMPATH/CodeIgniter.php(904): App\Controllers\Home->insertProduct()
 2 SYSTEMPATH/CodeIgniter.php(457): CodeIgniter\CodeIgniter->runController(Object(App\Controllers\Home))
 3 SYSTEMPATH/CodeIgniter.php(340): CodeIgniter\CodeIgniter->handleRequest(null, Object(Config\Cache), false)
 4 FCPATH/index.php(67): CodeIgniter\CodeIgniter->run()
ERROR - 2022-09-13 22:16:14 --> Error connecting to the database: ErrorException: Packets out of order. Expected 0 received 1. Packet size=23 in /home/vol13_4/epizy.com/epiz_32416034/htdocs/system/Database/MySQLi/Connection.php:171
Stack trace:
#0 [internal function]: CodeIgniter\Debug\Exceptions->errorHandler(2, 'Packets out of ...', '/home/vol13_4/e...', 171, Array)
#1 /home/vol13_4/epizy.com/epiz_32416034/htdocs/system/Database/MySQLi/Connection.php(171): mysqli->real_connect('sql213.epizy.co...', 'epiz_32416034', 'tZPPtcgkYJ', 'epiz_32416034_i...', 3306, '', 0)
#2 /home/vol13_4/epizy.com/epiz_32416034/htdocs/system/Database/BaseConnection.php(382): CodeIgniter\Database\MySQLi\Connection->connect(false)
#3 /home/vol13_4/epizy.com/epiz_32416034/htdocs/system/Database/BaseConnection.php(588): CodeIgniter\Database\BaseConnection->initialize()
#4 /home/vol13_4/epizy.com/epiz_32416034/htdocs/system/Database/BaseBuilder.php(1585): CodeIgniter\Database\BaseConnection->query('SELECT *\nFROM `...', Array, false)
#5 /home/vol13_4/epizy.com/epiz_32416034/htdocs/system/Model.php(222): CodeIgniter\Database\BaseBuilder->get()
#6 /home/vol13_4/epizy.com/epiz_32416034/htdocs/system/BaseModel.php(584): CodeIgniter\Model->doFindAll(0, 0)
#7 /home/vol13_4/epizy.com/epiz_32416034/htdocs/app/Controllers/Anasayfa.php(14): CodeIgniter\BaseModel->findAll()
#8 /home/vol13_4/epizy.com/epiz_32416034/htdocs/system/CodeIgniter.php(904): App\Controllers\Anasayfa->index()
#9 /home/vol13_4/epizy.com/epiz_32416034/htdocs/system/CodeIgniter.php(457): CodeIgniter\CodeIgniter->runController(Object(App\Controllers\Anasayfa))
#10 /home/vol13_4/epizy.com/epiz_32416034/htdocs/system/CodeIgniter.php(340): CodeIgniter\CodeIgniter->handleRequest(NULL, Object(Config\Cache), false)
#11 /home/vol13_4/epizy.com/epiz_32416034/htdocs/index.php(67): CodeIgniter\CodeIgniter->run()
#12 {main}

Next mysqli_sql_exception: MySQL server has gone away in /home/vol13_4/epizy.com/epiz_32416034/htdocs/system/Database/MySQLi/Connection.php:171
Stack trace:
#0 /home/vol13_4/epizy.com/epiz_32416034/htdocs/system/Database/MySQLi/Connection.php(171): mysqli->real_connect('sql213.epizy.co...', 'epiz_32416034', 'tZPPtcgkYJ', 'epiz_32416034_i...', 3306, '', 0)
#1 /home/vol13_4/epizy.com/epiz_32416034/htdocs/system/Database/BaseConnection.php(382): CodeIgniter\Database\MySQLi\Connection->connect(false)
#2 /home/vol13_4/epizy.com/epiz_32416034/htdocs/system/Database/BaseConnection.php(588): CodeIgniter\Database\BaseConnection->initialize()
#3 /home/vol13_4/epizy.com/epiz_32416034/htdocs/system/Database/BaseBuilder.php(1585): CodeIgniter\Database\BaseConnection->query('SELECT *\nFROM `...', Array, false)
#4 /home/vol13_4/epizy.com/epiz_32416034/htdocs/system/Model.php(222): CodeIgniter\Database\BaseBuilder->get()
#5 /home/vol13_4/epizy.com/epiz_32416034/htdocs/system/BaseModel.php(584): CodeIgniter\Model->doFindAll(0, 0)
#6 /home/vol13_4/epizy.com/epiz_32416034/htdocs/app/Controllers/Anasayfa.php(14): CodeIgniter\BaseModel->findAll()
#7 /home/vol13_4/epizy.com/epiz_32416034/htdocs/system/CodeIgniter.php(904): App\Controllers\Anasayfa->index()
#8 /home/vol13_4/epizy.com/epiz_32416034/htdocs/system/CodeIgniter.php(457): CodeIgniter\CodeIgniter->runController(Object(App\Controllers\Anasayfa))
#9 /home/vol13_4/epizy.com/epiz_32416034/htdocs/system/CodeIgniter.php(340): CodeIgniter\CodeIgniter->handleRequest(NULL, Object(Config\Cache), false)
#10 /home/vol13_4/epizy.com/epiz_32416034/htdocs/index.php(67): CodeIgniter\CodeIgniter->run()
#11 {main}

Next CodeIgniter\Database\Exceptions\DatabaseException: MySQL server has gone away in /home/vol13_4/epizy.com/epiz_32416034/htdocs/system/Database/MySQLi/Connection.php:215
Stack trace:
#0 /home/vol13_4/epizy.com/epiz_32416034/htdocs/system/Database/BaseConnection.php(382): CodeIgniter\Database\MySQLi\Connection->connect(false)
#1 /home/vol13_4/epizy.com/epiz_32416034/htdocs/system/Database/BaseConnection.php(588): CodeIgniter\Database\BaseConnection->initialize()
#2 /home/vol13_4/epizy.com/epiz_32416034/htdocs/system/Database/BaseBuilder.php(1585): CodeIgniter\Database\BaseConnection->query('SELECT *\nFROM `...', Array, false)
#3 /home/vol13_4/epizy.com/epiz_32416034/htdocs/system/Model.php(222): CodeIgniter\Database\BaseBuilder->get()
#4 /home/vol13_4/epizy.com/epiz_32416034/htdocs/system/BaseModel.php(584): CodeIgniter\Model->doFindAll(0, 0)
#5 /home/vol13_4/epizy.com/epiz_32416034/htdocs/app/Controllers/Anasayfa.php(14): CodeIgniter\BaseModel->findAll()
#6 /home/vol13_4/epizy.com/epiz_32416034/htdocs/system/CodeIgniter.php(904): App\Controllers\Anasayfa->index()
#7 /home/vol13_4/epizy.com/epiz_32416034/htdocs/system/CodeIgniter.php(457): CodeIgniter\CodeIgniter->runController(Object(App\Controllers\Anasayfa))
#8 /home/vol13_4/epizy.com/epiz_32416034/htdocs/system/CodeIgniter.php(340): CodeIgniter\CodeIgniter->handleRequest(NULL, Object(Config\Cache), false)
#9 /home/vol13_4/epizy.com/epiz_32416034/htdocs/index.php(67): CodeIgniter\CodeIgniter->run()
#10 {main}
CRITICAL - 2022-09-13 22:16:14 --> Unable to connect to the database.
Main connection [MySQLi]: MySQL server has gone away
in SYSTEMPATH/Database/BaseConnection.php on line 418.
 1 SYSTEMPATH/Database/BaseConnection.php(588): CodeIgniter\Database\BaseConnection->initialize()
 2 SYSTEMPATH/Database/BaseBuilder.php(1585): CodeIgniter\Database\BaseConnection->query('SELECT *
FROM `categories`', [], false)
 3 SYSTEMPATH/Model.php(222): CodeIgniter\Database\BaseBuilder->get()
 4 SYSTEMPATH/BaseModel.php(584): CodeIgniter\Model->doFindAll(0, 0)
 5 APPPATH/Controllers/Anasayfa.php(14): CodeIgniter\BaseModel->findAll()
 6 SYSTEMPATH/CodeIgniter.php(904): App\Controllers\Anasayfa->index()
 7 SYSTEMPATH/CodeIgniter.php(457): CodeIgniter\CodeIgniter->runController(Object(App\Controllers\Anasayfa))
 8 SYSTEMPATH/CodeIgniter.php(340): CodeIgniter\CodeIgniter->handleRequest(null, Object(Config\Cache), false)
 9 FCPATH/index.php(67): CodeIgniter\CodeIgniter->run()
CRITICAL - 2022-09-13 23:05:52 --> Call to a member function findAll() on null
in APPPATH/Controllers/Home.php on line 34.
 1 SYSTEMPATH/CodeIgniter.php(904): App\Controllers\Home->panel()
 2 SYSTEMPATH/CodeIgniter.php(457): CodeIgniter\CodeIgniter->runController(Object(App\Controllers\Home))
 3 SYSTEMPATH/CodeIgniter.php(340): CodeIgniter\CodeIgniter->handleRequest(null, Object(Config\Cache), false)
 4 FCPATH/index.php(67): CodeIgniter\CodeIgniter->run()
CRITICAL - 2022-09-13 23:07:23 --> syntax error, unexpected ';', expecting ')'
in APPPATH/Controllers/Home.php on line 36.
 1 SYSTEMPATH/Autoloader/Autoloader.php(259): CodeIgniter\Autoloader\Autoloader->includeFile('APPPATH/Controllers/Home.php')
 2 SYSTEMPATH/Autoloader/Autoloader.php(237): CodeIgniter\Autoloader\Autoloader->loadInNamespace('App\\Controllers\\Home')
 3 [internal function]: CodeIgniter\Autoloader\Autoloader->loadClass('App\\Controllers\\Home')
 4 [internal function]: spl_autoload_call('App\\Controllers\\Home')
 5 SYSTEMPATH/CodeIgniter.php(854): class_exists('\\App\\Controllers\\Home', true)
 6 SYSTEMPATH/CodeIgniter.php(444): CodeIgniter\CodeIgniter->startController()
 7 SYSTEMPATH/CodeIgniter.php(340): CodeIgniter\CodeIgniter->handleRequest(null, Object(Config\Cache), false)
 8 FCPATH/index.php(67): CodeIgniter\CodeIgniter->run()
CRITICAL - 2022-09-13 23:07:24 --> syntax error, unexpected ';', expecting ')'
in APPPATH/Controllers/Home.php on line 36.
 1 SYSTEMPATH/Autoloader/Autoloader.php(259): CodeIgniter\Autoloader\Autoloader->includeFile('APPPATH/Controllers/Home.php')
 2 SYSTEMPATH/Autoloader/Autoloader.php(237): CodeIgniter\Autoloader\Autoloader->loadInNamespace('App\\Controllers\\Home')
 3 [internal function]: CodeIgniter\Autoloader\Autoloader->loadClass('App\\Controllers\\Home')
 4 [internal function]: spl_autoload_call('App\\Controllers\\Home')
 5 SYSTEMPATH/CodeIgniter.php(854): class_exists('\\App\\Controllers\\Home', true)
 6 SYSTEMPATH/CodeIgniter.php(444): CodeIgniter\CodeIgniter->startController()
 7 SYSTEMPATH/CodeIgniter.php(340): CodeIgniter\CodeIgniter->handleRequest(null, Object(Config\Cache), false)
 8 FCPATH/index.php(67): CodeIgniter\CodeIgniter->run()
CRITICAL - 2022-09-13 23:08:30 --> Call to a member function countAll() on null
in APPPATH/Controllers/Home.php on line 34.
 1 SYSTEMPATH/CodeIgniter.php(904): App\Controllers\Home->panel()
 2 SYSTEMPATH/CodeIgniter.php(457): CodeIgniter\CodeIgniter->runController(Object(App\Controllers\Home))
 3 SYSTEMPATH/CodeIgniter.php(340): CodeIgniter\CodeIgniter->handleRequest(null, Object(Config\Cache), false)
 4 FCPATH/index.php(67): CodeIgniter\CodeIgniter->run()
CRITICAL - 2022-09-13 23:08:30 --> Call to a member function countAll() on null
in APPPATH/Controllers/Home.php on line 34.
 1 SYSTEMPATH/CodeIgniter.php(904): App\Controllers\Home->panel()
 2 SYSTEMPATH/CodeIgniter.php(457): CodeIgniter\CodeIgniter->runController(Object(App\Controllers\Home))
 3 SYSTEMPATH/CodeIgniter.php(340): CodeIgniter\CodeIgniter->handleRequest(null, Object(Config\Cache), false)
 4 FCPATH/index.php(67): CodeIgniter\CodeIgniter->run()
CRITICAL - 2022-09-13 23:08:31 --> Call to a member function countAll() on null
in APPPATH/Controllers/Home.php on line 34.
 1 SYSTEMPATH/CodeIgniter.php(904): App\Controllers\Home->panel()
 2 SYSTEMPATH/CodeIgniter.php(457): CodeIgniter\CodeIgniter->runController(Object(App\Controllers\Home))
 3 SYSTEMPATH/CodeIgniter.php(340): CodeIgniter\CodeIgniter->handleRequest(null, Object(Config\Cache), false)
 4 FCPATH/index.php(67): CodeIgniter\CodeIgniter->run()
CRITICAL - 2022-09-13 23:08:31 --> Call to a member function countAll() on null
in APPPATH/Controllers/Home.php on line 34.
 1 SYSTEMPATH/CodeIgniter.php(904): App\Controllers\Home->panel()
 2 SYSTEMPATH/CodeIgniter.php(457): CodeIgniter\CodeIgniter->runController(Object(App\Controllers\Home))
 3 SYSTEMPATH/CodeIgniter.php(340): CodeIgniter\CodeIgniter->handleRequest(null, Object(Config\Cache), false)
 4 FCPATH/index.php(67): CodeIgniter\CodeIgniter->run()
CRITICAL - 2022-09-13 23:08:31 --> Call to a member function countAll() on null
in APPPATH/Controllers/Home.php on line 34.
 1 SYSTEMPATH/CodeIgniter.php(904): App\Controllers\Home->panel()
 2 SYSTEMPATH/CodeIgniter.php(457): CodeIgniter\CodeIgniter->runController(Object(App\Controllers\Home))
 3 SYSTEMPATH/CodeIgniter.php(340): CodeIgniter\CodeIgniter->handleRequest(null, Object(Config\Cache), false)
 4 FCPATH/index.php(67): CodeIgniter\CodeIgniter->run()
CRITICAL - 2022-09-13 23:08:31 --> Call to a member function countAll() on null
in APPPATH/Controllers/Home.php on line 34.
 1 SYSTEMPATH/CodeIgniter.php(904): App\Controllers\Home->panel()
 2 SYSTEMPATH/CodeIgniter.php(457): CodeIgniter\CodeIgniter->runController(Object(App\Controllers\Home))
 3 SYSTEMPATH/CodeIgniter.php(340): CodeIgniter\CodeIgniter->handleRequest(null, Object(Config\Cache), false)
 4 FCPATH/index.php(67): CodeIgniter\CodeIgniter->run()
CRITICAL - 2022-09-13 23:08:32 --> Call to a member function countAll() on null
in APPPATH/Controllers/Home.php on line 34.
 1 SYSTEMPATH/CodeIgniter.php(904): App\Controllers\Home->panel()
 2 SYSTEMPATH/CodeIgniter.php(457): CodeIgniter\CodeIgniter->runController(Object(App\Controllers\Home))
 3 SYSTEMPATH/CodeIgniter.php(340): CodeIgniter\CodeIgniter->handleRequest(null, Object(Config\Cache), false)
 4 FCPATH/index.php(67): CodeIgniter\CodeIgniter->run()
CRITICAL - 2022-09-13 23:08:32 --> Call to a member function countAll() on null
in APPPATH/Controllers/Home.php on line 34.
 1 SYSTEMPATH/CodeIgniter.php(904): App\Controllers\Home->panel()
 2 SYSTEMPATH/CodeIgniter.php(457): CodeIgniter\CodeIgniter->runController(Object(App\Controllers\Home))
 3 SYSTEMPATH/CodeIgniter.php(340): CodeIgniter\CodeIgniter->handleRequest(null, Object(Config\Cache), false)
 4 FCPATH/index.php(67): CodeIgniter\CodeIgniter->run()
CRITICAL - 2022-09-13 23:08:32 --> Call to a member function countAll() on null
in APPPATH/Controllers/Home.php on line 34.
 1 SYSTEMPATH/CodeIgniter.php(904): App\Controllers\Home->panel()
 2 SYSTEMPATH/CodeIgniter.php(457): CodeIgniter\CodeIgniter->runController(Object(App\Controllers\Home))
 3 SYSTEMPATH/CodeIgniter.php(340): CodeIgniter\CodeIgniter->handleRequest(null, Object(Config\Cache), false)
 4 FCPATH/index.php(67): CodeIgniter\CodeIgniter->run()
CRITICAL - 2022-09-13 23:08:32 --> Call to a member function countAll() on null
in APPPATH/Controllers/Home.php on line 34.
 1 SYSTEMPATH/CodeIgniter.php(904): App\Controllers\Home->panel()
 2 SYSTEMPATH/CodeIgniter.php(457): CodeIgniter\CodeIgniter->runController(Object(App\Controllers\Home))
 3 SYSTEMPATH/CodeIgniter.php(340): CodeIgniter\CodeIgniter->handleRequest(null, Object(Config\Cache), false)
 4 FCPATH/index.php(67): CodeIgniter\CodeIgniter->run()
CRITICAL - 2022-09-13 23:10:33 --> Call to a member function countAll() on null
in APPPATH/Controllers/Home.php on line 34.
 1 SYSTEMPATH/CodeIgniter.php(904): App\Controllers\Home->panel()
 2 SYSTEMPATH/CodeIgniter.php(457): CodeIgniter\CodeIgniter->runController(Object(App\Controllers\Home))
 3 SYSTEMPATH/CodeIgniter.php(340): CodeIgniter\CodeIgniter->handleRequest(null, Object(Config\Cache), false)
 4 FCPATH/index.php(67): CodeIgniter\CodeIgniter->run()
CRITICAL - 2022-09-13 23:10:34 --> Call to a member function countAll() on null
in APPPATH/Controllers/Home.php on line 34.
 1 SYSTEMPATH/CodeIgniter.php(904): App\Controllers\Home->panel()
 2 SYSTEMPATH/CodeIgniter.php(457): CodeIgniter\CodeIgniter->runController(Object(App\Controllers\Home))
 3 SYSTEMPATH/CodeIgniter.php(340): CodeIgniter\CodeIgniter->handleRequest(null, Object(Config\Cache), false)
 4 FCPATH/index.php(67): CodeIgniter\CodeIgniter->run()
CRITICAL - 2022-09-13 23:10:36 --> Call to a member function countAll() on null
in APPPATH/Controllers/Home.php on line 34.
 1 SYSTEMPATH/CodeIgniter.php(904): App\Controllers\Home->panel()
 2 SYSTEMPATH/CodeIgniter.php(457): CodeIgniter\CodeIgniter->runController(Object(App\Controllers\Home))
 3 SYSTEMPATH/CodeIgniter.php(340): CodeIgniter\CodeIgniter->handleRequest(null, Object(Config\Cache), false)
 4 FCPATH/index.php(67): CodeIgniter\CodeIgniter->run()
CRITICAL - 2022-09-13 23:13:33 --> Call to a member function findAll() on null
in APPPATH/Controllers/Home.php on line 34.
 1 SYSTEMPATH/CodeIgniter.php(904): App\Controllers\Home->panel()
 2 SYSTEMPATH/CodeIgniter.php(457): CodeIgniter\CodeIgniter->runController(Object(App\Controllers\Home))
 3 SYSTEMPATH/CodeIgniter.php(340): CodeIgniter\CodeIgniter->handleRequest(null, Object(Config\Cache), false)
 4 FCPATH/index.php(67): CodeIgniter\CodeIgniter->run()
CRITICAL - 2022-09-13 23:13:39 --> Call to a member function findAll() on null
in APPPATH/Controllers/Home.php on line 34.
 1 SYSTEMPATH/CodeIgniter.php(904): App\Controllers\Home->panel()
 2 SYSTEMPATH/CodeIgniter.php(457): CodeIgniter\CodeIgniter->runController(Object(App\Controllers\Home))
 3 SYSTEMPATH/CodeIgniter.php(340): CodeIgniter\CodeIgniter->handleRequest(null, Object(Config\Cache), false)
 4 FCPATH/index.php(67): CodeIgniter\CodeIgniter->run()
CRITICAL - 2022-09-13 23:14:14 --> Call to a member function findAll() on null
in APPPATH/Controllers/Home.php on line 34.
 1 SYSTEMPATH/CodeIgniter.php(904): App\Controllers\Home->panel()
 2 SYSTEMPATH/CodeIgniter.php(457): CodeIgniter\CodeIgniter->runController(Object(App\Controllers\Home))
 3 SYSTEMPATH/CodeIgniter.php(340): CodeIgniter\CodeIgniter->handleRequest(null, Object(Config\Cache), false)
 4 FCPATH/index.php(67): CodeIgniter\CodeIgniter->run()
CRITICAL - 2022-09-13 23:15:15 --> count(): Parameter must be an array or an object that implements Countable
in APPPATH/Controllers/Home.php on line 38.
 1 [internal function]: CodeIgniter\Debug\Exceptions->errorHandler(2, 'count(): Parameter must be an array or an object that implements Countable', 'APPPATH/Controllers/Home.php', 38, [...])
 2 APPPATH/Controllers/Home.php(38): count(5)
 3 SYSTEMPATH/CodeIgniter.php(904): App\Controllers\Home->panel()
 4 SYSTEMPATH/CodeIgniter.php(457): CodeIgniter\CodeIgniter->runController(Object(App\Controllers\Home))
 5 SYSTEMPATH/CodeIgniter.php(340): CodeIgniter\CodeIgniter->handleRequest(null, Object(Config\Cache), false)
 6 FCPATH/index.php(67): CodeIgniter\CodeIgniter->run()
